1735486748.542039 client started (44304): version 3.5a, socket /private/tmp/tmux-501/default, protocol 8
1735486748.542077 on Darwin 24.1.0 Darwin Kernel Version 24.1.0: Thu Oct 10 21:02:26 PDT 2024; root:xnu-11215.41.3~2/RELEASE_ARM64_T8122
1735486748.542083 using libevent 2.1.12-stable select
1735486748.542227 using utf8proc 2.9.0
1735486748.542233 using ncurses 6.5 20240427
1735486748.542241 flags are 0x18010000
1735486748.542244 socket is /private/tmp/tmux-501/default
1735486748.542250 trying connect
1735486748.542258 connect failed: No such file or directory
1735486748.542265 lock file is /private/tmp/tmux-501/default.lock
1735486748.542292 flock succeeded
1735486748.542295 got lock (6)
1735486748.542298 trying connect
1735486748.542302 connect failed: No such file or directory
1735486748.542477 add peer 0x140048000: 7 (0x0)
1735486748.544564 sending message 111 to peer 0x140048000 (8 bytes)
1735486748.544570 sending message 111 to peer 0x140048000 (8 bytes)
1735486748.544573 sending message 101 to peer 0x140048000 (15 bytes)
1735486748.544577 sending message 109 to peer 0x140048000 (4 bytes)
1735486748.544580 sending message 102 to peer 0x140048000 (13 bytes)
1735486748.544583 sending message 108 to peer 0x140048000 (43 bytes)
1735486748.544587 sending message 112 to peer 0x140048000 (58 bytes)
1735486748.544590 sending message 112 to peer 0x140048000 (5 bytes)
1735486748.544593 sending message 112 to peer 0x140048000 (5 bytes)
1735486748.544596 sending message 112 to peer 0x140048000 (6 bytes)
1735486748.544600 sending message 112 to peer 0x140048000 (6 bytes)
1735486748.544603 sending message 112 to peer 0x140048000 (11 bytes)
1735486748.544605 sending message 112 to peer 0x140048000 (10 bytes)
1735486748.544608 sending message 112 to peer 0x140048000 (13 bytes)
1735486748.544611 sending message 112 to peer 0x140048000 (14 bytes)
1735486748.544615 sending message 112 to peer 0x140048000 (19 bytes)
1735486748.544619 sending message 112 to peer 0x140048000 (11 bytes)
1735486748.544624 sending message 112 to peer 0x140048000 (10 bytes)
1735486748.544627 sending message 112 to peer 0x140048000 (15 bytes)
1735486748.544631 sending message 112 to peer 0x140048000 (21 bytes)
1735486748.544634 sending message 112 to peer 0x140048000 (13 bytes)
1735486748.544637 sending message 112 to peer 0x140048000 (7 bytes)
1735486748.544640 sending message 112 to peer 0x140048000 (13 bytes)
1735486748.544643 sending message 112 to peer 0x140048000 (7 bytes)
1735486748.544646 sending message 112 to peer 0x140048000 (13 bytes)
1735486748.544650 sending message 112 to peer 0x140048000 (9 bytes)
1735486748.544653 sending message 112 to peer 0x140048000 (21 bytes)
1735486748.544657 sending message 112 to peer 0x140048000 (13 bytes)
1735486748.544659 sending message 112 to peer 0x140048000 (9 bytes)
1735486748.544662 sending message 112 to peer 0x140048000 (16 bytes)
1735486748.544665 sending message 112 to peer 0x140048000 (13 bytes)
1735486748.544668 sending message 112 to peer 0x140048000 (9 bytes)
1735486748.544672 sending message 112 to peer 0x140048000 (9 bytes)
1735486748.544675 sending message 112 to peer 0x140048000 (12 bytes)
1735486748.544677 sending message 112 to peer 0x140048000 (8 bytes)
1735486748.544680 sending message 112 to peer 0x140048000 (8 bytes)
1735486748.544683 sending message 112 to peer 0x140048000 (13 bytes)
1735486748.544686 sending message 112 to peer 0x140048000 (7 bytes)
1735486748.544689 sending message 112 to peer 0x140048000 (7 bytes)
1735486748.544692 sending message 112 to peer 0x140048000 (9 bytes)
1735486748.544695 sending message 112 to peer 0x140048000 (9 bytes)
1735486748.544698 sending message 112 to peer 0x140048000 (15 bytes)
1735486748.544701 sending message 112 to peer 0x140048000 (13 bytes)
1735486748.544704 sending message 112 to peer 0x140048000 (12 bytes)
1735486748.544708 sending message 112 to peer 0x140048000 (8 bytes)
1735486748.544711 sending message 112 to peer 0x140048000 (14 bytes)
1735486748.544714 sending message 112 to peer 0x140048000 (11 bytes)
1735486748.544718 sending message 112 to peer 0x140048000 (9 bytes)
1735486748.544735 sending message 112 to peer 0x140048000 (10 bytes)
1735486748.544737 sending message 112 to peer 0x140048000 (10 bytes)
1735486748.544739 sending message 112 to peer 0x140048000 (10 bytes)
1735486748.544742 sending message 112 to peer 0x140048000 (10 bytes)
1735486748.544745 sending message 112 to peer 0x140048000 (11 bytes)
1735486748.544747 sending message 112 to peer 0x140048000 (12 bytes)
1735486748.544751 sending message 112 to peer 0x140048000 (12 bytes)
1735486748.544753 sending message 112 to peer 0x140048000 (12 bytes)
1735486748.544755 sending message 112 to peer 0x140048000 (12 bytes)
1735486748.544758 sending message 112 to peer 0x140048000 (12 bytes)
1735486748.544761 sending message 112 to peer 0x140048000 (11 bytes)
1735486748.544763 sending message 112 to peer 0x140048000 (11 bytes)
1735486748.544765 sending message 112 to peer 0x140048000 (12 bytes)
1735486748.544767 sending message 112 to peer 0x140048000 (12 bytes)
1735486748.544769 sending message 112 to peer 0x140048000 (12 bytes)
1735486748.544772 sending message 112 to peer 0x140048000 (12 bytes)
1735486748.544774 sending message 112 to peer 0x140048000 (12 bytes)
1735486748.544776 sending message 112 to peer 0x140048000 (9 bytes)
1735486748.544779 sending message 112 to peer 0x140048000 (12 bytes)
1735486748.544781 sending message 112 to peer 0x140048000 (13 bytes)
1735486748.544783 sending message 112 to peer 0x140048000 (13 bytes)
1735486748.544786 sending message 112 to peer 0x140048000 (13 bytes)
1735486748.544788 sending message 112 to peer 0x140048000 (13 bytes)
1735486748.544790 sending message 112 to peer 0x140048000 (13 bytes)
1735486748.544794 sending message 112 to peer 0x140048000 (8 bytes)
1735486748.544797 sending message 112 to peer 0x140048000 (11 bytes)
1735486748.544799 sending message 112 to peer 0x140048000 (11 bytes)
1735486748.544801 sending message 112 to peer 0x140048000 (11 bytes)
1735486748.544804 sending message 112 to peer 0x140048000 (12 bytes)
1735486748.544806 sending message 112 to peer 0x140048000 (12 bytes)
1735486748.544809 sending message 112 to peer 0x140048000 (12 bytes)
1735486748.544811 sending message 112 to peer 0x140048000 (12 bytes)
1735486748.544814 sending message 112 to peer 0x140048000 (13 bytes)
1735486748.544817 sending message 112 to peer 0x140048000 (13 bytes)
1735486748.544820 sending message 112 to peer 0x140048000 (13 bytes)
1735486748.544822 sending message 112 to peer 0x140048000 (8 bytes)
1735486748.544825 sending message 112 to peer 0x140048000 (13 bytes)
1735486748.544828 sending message 112 to peer 0x140048000 (13 bytes)
1735486748.544830 sending message 112 to peer 0x140048000 (13 bytes)
1735486748.544833 sending message 112 to peer 0x140048000 (13 bytes)
1735486748.544835 sending message 112 to peer 0x140048000 (13 bytes)
1735486748.544838 sending message 112 to peer 0x140048000 (12 bytes)
1735486748.544841 sending message 112 to peer 0x140048000 (12 bytes)
1735486748.544843 sending message 112 to peer 0x140048000 (12 bytes)
1735486748.544846 sending message 112 to peer 0x140048000 (12 bytes)
1735486748.544848 sending message 112 to peer 0x140048000 (13 bytes)
1735486748.544850 sending message 112 to peer 0x140048000 (8 bytes)
1735486748.544853 sending message 112 to peer 0x140048000 (13 bytes)
1735486748.544855 sending message 112 to peer 0x140048000 (13 bytes)
1735486748.544857 sending message 112 to peer 0x140048000 (13 bytes)
1735486748.544860 sending message 112 to peer 0x140048000 (13 bytes)
1735486748.544862 sending message 112 to peer 0x140048000 (13 bytes)
1735486748.544865 sending message 112 to peer 0x140048000 (13 bytes)
1735486748.544867 sending message 112 to peer 0x140048000 (13 bytes)
1735486748.544869 sending message 112 to peer 0x140048000 (12 bytes)
1735486748.544872 sending message 112 to peer 0x140048000 (12 bytes)
1735486748.544875 sending message 112 to peer 0x140048000 (12 bytes)
1735486748.544877 sending message 112 to peer 0x140048000 (8 bytes)
1735486748.544880 sending message 112 to peer 0x140048000 (12 bytes)
1735486748.544885 sending message 112 to peer 0x140048000 (13 bytes)
1735486748.544888 sending message 112 to peer 0x140048000 (13 bytes)
1735486748.544890 sending message 112 to peer 0x140048000 (13 bytes)
1735486748.544893 sending message 112 to peer 0x140048000 (13 bytes)
1735486748.544896 sending message 112 to peer 0x140048000 (13 bytes)
1735486748.544897 sending message 112 to peer 0x140048000 (13 bytes)
1735486748.544900 sending message 112 to peer 0x140048000 (13 bytes)
1735486748.544903 sending message 112 to peer 0x140048000 (13 bytes)
1735486748.544906 sending message 112 to peer 0x140048000 (12 bytes)
1735486748.544908 sending message 112 to peer 0x140048000 (10 bytes)
1735486748.544910 sending message 112 to peer 0x140048000 (12 bytes)
1735486748.544913 sending message 112 to peer 0x140048000 (12 bytes)
1735486748.544915 sending message 112 to peer 0x140048000 (12 bytes)
1735486748.544918 sending message 112 to peer 0x140048000 (13 bytes)
1735486748.544922 sending message 112 to peer 0x140048000 (13 bytes)
1735486748.544925 sending message 112 to peer 0x140048000 (13 bytes)
1735486748.544928 sending message 112 to peer 0x140048000 (13 bytes)
1735486748.544931 sending message 112 to peer 0x140048000 (13 bytes)
1735486748.544934 sending message 112 to peer 0x140048000 (13 bytes)
1735486748.544936 sending message 112 to peer 0x140048000 (13 bytes)
1735486748.544938 sending message 112 to peer 0x140048000 (10 bytes)
1735486748.544941 sending message 112 to peer 0x140048000 (13 bytes)
1735486748.544942 sending message 112 to peer 0x140048000 (12 bytes)
1735486748.544944 sending message 112 to peer 0x140048000 (12 bytes)
1735486748.544947 sending message 112 to peer 0x140048000 (12 bytes)
1735486748.544950 sending message 112 to peer 0x140048000 (10 bytes)
1735486748.544953 sending message 112 to peer 0x140048000 (10 bytes)
1735486748.544956 sending message 112 to peer 0x140048000 (10 bytes)
1735486748.544959 sending message 112 to peer 0x140048000 (12 bytes)
1735486748.544962 sending message 112 to peer 0x140048000 (13 bytes)
1735486748.544964 sending message 112 to peer 0x140048000 (13 bytes)
1735486748.544967 sending message 112 to peer 0x140048000 (13 bytes)
1735486748.544969 sending message 112 to peer 0x140048000 (13 bytes)
1735486748.544972 sending message 112 to peer 0x140048000 (13 bytes)
1735486748.544974 sending message 112 to peer 0x140048000 (10 bytes)
1735486748.544976 sending message 112 to peer 0x140048000 (11 bytes)
1735486748.544979 sending message 112 to peer 0x140048000 (12 bytes)
1735486748.544982 sending message 112 to peer 0x140048000 (12 bytes)
1735486748.544985 sending message 112 to peer 0x140048000 (12 bytes)
1735486748.544988 sending message 112 to peer 0x140048000 (12 bytes)
1735486748.544991 sending message 112 to peer 0x140048000 (12 bytes)
1735486748.544995 sending message 112 to peer 0x140048000 (11 bytes)
1735486748.544998 sending message 112 to peer 0x140048000 (12 bytes)
1735486748.545001 sending message 112 to peer 0x140048000 (12 bytes)
1735486748.545004 sending message 112 to peer 0x140048000 (13 bytes)
1735486748.545007 sending message 112 to peer 0x140048000 (13 bytes)
1735486748.545009 sending message 112 to peer 0x140048000 (13 bytes)
1735486748.545012 sending message 112 to peer 0x140048000 (13 bytes)
1735486748.545014 sending message 112 to peer 0x140048000 (13 bytes)
1735486748.545017 sending message 112 to peer 0x140048000 (10 bytes)
1735486748.545019 sending message 112 to peer 0x140048000 (9 bytes)
1735486748.545022 sending message 112 to peer 0x140048000 (12 bytes)
1735486748.545025 sending message 112 to peer 0x140048000 (13 bytes)
1735486748.545027 sending message 112 to peer 0x140048000 (13 bytes)
1735486748.545030 sending message 112 to peer 0x140048000 (13 bytes)
1735486748.545033 sending message 112 to peer 0x140048000 (13 bytes)
1735486748.545036 sending message 112 to peer 0x140048000 (13 bytes)
1735486748.545038 sending message 112 to peer 0x140048000 (9 bytes)
1735486748.545041 sending message 112 to peer 0x140048000 (12 bytes)
1735486748.545044 sending message 112 to peer 0x140048000 (13 bytes)
1735486748.545050 sending message 112 to peer 0x140048000 (13 bytes)
1735486748.545052 sending message 112 to peer 0x140048000 (13 bytes)
1735486748.545055 sending message 112 to peer 0x140048000 (13 bytes)
1735486748.545057 sending message 112 to peer 0x140048000 (13 bytes)
1735486748.545059 sending message 112 to peer 0x140048000 (11 bytes)
1735486748.545062 sending message 112 to peer 0x140048000 (12 bytes)
1735486748.545064 sending message 112 to peer 0x140048000 (13 bytes)
1735486748.545066 sending message 112 to peer 0x140048000 (13 bytes)
1735486748.545069 sending message 112 to peer 0x140048000 (13 bytes)
1735486748.545072 sending message 112 to peer 0x140048000 (13 bytes)
1735486748.545075 sending message 112 to peer 0x140048000 (13 bytes)
1735486748.545078 sending message 112 to peer 0x140048000 (11 bytes)
1735486748.545081 sending message 112 to peer 0x140048000 (12 bytes)
1735486748.545084 sending message 112 to peer 0x140048000 (12 bytes)
1735486748.545087 sending message 112 to peer 0x140048000 (12 bytes)
1735486748.545090 sending message 112 to peer 0x140048000 (12 bytes)
1735486748.545092 sending message 112 to peer 0x140048000 (12 bytes)
1735486748.545094 sending message 112 to peer 0x140048000 (21 bytes)
1735486748.545097 sending message 112 to peer 0x140048000 (12 bytes)
1735486748.545098 sending message 112 to peer 0x140048000 (9 bytes)
1735486748.545101 sending message 112 to peer 0x140048000 (6 bytes)
1735486748.545104 sending message 112 to peer 0x140048000 (13 bytes)
1735486748.545107 sending message 112 to peer 0x140048000 (10 bytes)
1735486748.545109 sending message 112 to peer 0x140048000 (24 bytes)
1735486748.545112 sending message 112 to peer 0x140048000 (13 bytes)
1735486748.545115 sending message 112 to peer 0x140048000 (9 bytes)
1735486748.545118 sending message 112 to peer 0x140048000 (70 bytes)
1735486748.545121 sending message 112 to peer 0x140048000 (69 bytes)
1735486748.545123 sending message 112 to peer 0x140048000 (12 bytes)
1735486748.545125 sending message 112 to peer 0x140048000 (10 bytes)
1735486748.545127 sending message 112 to peer 0x140048000 (10 bytes)
1735486748.545129 sending message 112 to peer 0x140048000 (24 bytes)
1735486748.545131 sending message 112 to peer 0x140048000 (13 bytes)
1735486748.545134 sending message 112 to peer 0x140048000 (10 bytes)
1735486748.545137 sending message 112 to peer 0x140048000 (10 bytes)
1735486748.545139 sending message 112 to peer 0x140048000 (10 bytes)
1735486748.545141 sending message 112 to peer 0x140048000 (13 bytes)
1735486748.545144 sending message 112 to peer 0x140048000 (15 bytes)
1735486748.545147 sending message 112 to peer 0x140048000 (5 bytes)
1735486748.545151 sending message 104 to peer 0x140048000 (0 bytes)
1735486748.545153 sending message 110 to peer 0x140048000 (0 bytes)
1735486748.545156 sending message 107 to peer 0x140048000 (4 bytes)
1735486748.545159 sending message 105 to peer 0x140048000 (83 bytes)
1735486748.545161 sending message 105 to peer 0x140048000 (87 bytes)
1735486748.545164 sending message 105 to peer 0x140048000 (31 bytes)
1735486748.545167 sending message 105 to peer 0x140048000 (20 bytes)
1735486748.545170 sending message 105 to peer 0x140048000 (22 bytes)
1735486748.545173 sending message 105 to peer 0x140048000 (21 bytes)
1735486748.545175 sending message 105 to peer 0x140048000 (15 bytes)
1735486748.545177 sending message 105 to peer 0x140048000 (17 bytes)
1735486748.545180 sending message 105 to peer 0x140048000 (50 bytes)
1735486748.545184 sending message 105 to peer 0x140048000 (484 bytes)
1735486748.545186 sending message 105 to peer 0x140048000 (47 bytes)
1735486748.545190 sending message 105 to peer 0x140048000 (15 bytes)
1735486748.545196 sending message 105 to peer 0x140048000 (8 bytes)
1735486748.545198 sending message 105 to peer 0x140048000 (66 bytes)
1735486748.545201 sending message 105 to peer 0x140048000 (20 bytes)
1735486748.545203 sending message 105 to peer 0x140048000 (57 bytes)
1735486748.545205 sending message 105 to peer 0x140048000 (14 bytes)
1735486748.545212 sending message 105 to peer 0x140048000 (20 bytes)
1735486748.545215 sending message 105 to peer 0x140048000 (14 bytes)
1735486748.545217 sending message 105 to peer 0x140048000 (19 bytes)
1735486748.545219 sending message 105 to peer 0x140048000 (35 bytes)
1735486748.545222 sending message 105 to peer 0x140048000 (32 bytes)
1735486748.545224 sending message 105 to peer 0x140048000 (30 bytes)
1735486748.545227 sending message 105 to peer 0x140048000 (37 bytes)
1735486748.545229 sending message 105 to peer 0x140048000 (34 bytes)
1735486748.545231 sending message 105 to peer 0x140048000 (35 bytes)
1735486748.545234 sending message 105 to peer 0x140048000 (31 bytes)
1735486748.545235 sending message 105 to peer 0x140048000 (11 bytes)
1735486748.545238 sending message 105 to peer 0x140048000 (8 bytes)
1735486748.545240 sending message 105 to peer 0x140048000 (32 bytes)
1735486748.545242 sending message 105 to peer 0x140048000 (96 bytes)
1735486748.545245 sending message 105 to peer 0x140048000 (17 bytes)
1735486748.545247 sending message 105 to peer 0x140048000 (19 bytes)
1735486748.545250 sending message 105 to peer 0x140048000 (30 bytes)
1735486748.545254 sending message 105 to peer 0x140048000 (25 bytes)
1735486748.545257 sending message 106 to peer 0x140048000 (0 bytes)
1735486748.545288 sending message 200 to peer 0x140048000 (4 bytes)
1735486748.545293 client loop enter
1735486748.545308 client_signal: Child exited: 20
1735486748.584071 peer 0x140048000 message 207
1735486748.584078 sending message 208 to peer 0x140048000 (0 bytes)
1735486752.741662 peer 0x140048000 message 203
1735486752.741671 sending message 205 to peer 0x140048000 (0 bytes)
1735486752.741817 peer 0x140048000 message 204
1735486752.741822 client loop exit
