This is pdfTeX, Version 3.141592653-2.6-1.40.26 (TeX Live 2024) (preloaded format=pdflatex 2024.11.2)  29 DEC 2024 15:30
entering extended mode
 restricted \write18 enabled.
 %&-line parsing enabled.
**main.tex
(./main.tex
LaTeX2e <2023-11-01> patch level 1
L3 programming layer <2024-02-20>
(/usr/local/texlive/2024/texmf-dist/tex/latex/base/article.cls
Document Class: article 2023/05/17 v1.4n Standard LaTeX document class
(/usr/local/texlive/2024/texmf-dist/tex/latex/base/size10.clo
File: size10.clo 2023/05/17 v1.4n Standard LaTeX file (size option)
)
\c@part=\count188
\c@section=\count189
\c@subsection=\count190
\c@subsubsection=\count191
\c@paragraph=\count192
\c@subparagraph=\count193
\c@figure=\count194
\c@table=\count195
\abovecaptionskip=\skip48
\belowcaptionskip=\skip49
\bibindent=\dimen140
)
(/usr/local/texlive/2024/texmf-dist/tex/latex/listings/listings.sty
(/usr/local/texlive/2024/texmf-dist/tex/latex/graphics/keyval.sty
Package: keyval 2022/05/29 v1.15 key=value parser (DPC)
\KV@toks@=\toks17
)
\lst@mode=\count196
\lst@gtempboxa=\box51
\lst@token=\toks18
\lst@length=\count197
\lst@currlwidth=\dimen141
\lst@column=\count198
\lst@pos=\count199
\lst@lostspace=\dimen142
\lst@width=\dimen143
\lst@newlines=\count266
\lst@lineno=\count267
\lst@maxwidth=\dimen144

(/usr/local/texlive/2024/texmf-dist/tex/latex/listings/lstpatch.sty
File: lstpatch.sty 2024/02/21 1.10 (Carsten Heinz)
)
(/usr/local/texlive/2024/texmf-dist/tex/latex/listings/lstmisc.sty
File: lstmisc.sty 2024/02/21 1.10 (Carsten Heinz)
\c@lstnumber=\count268
\lst@skipnumbers=\count269
\lst@framebox=\box52
)
(/usr/local/texlive/2024/texmf-dist/tex/latex/listings/listings.cfg
File: listings.cfg 2024/02/21 1.10 listings configuration
))
Package: listings 2024/02/21 1.10 (Carsten Heinz)

(/usr/local/texlive/2024/texmf-dist/tex/latex/pdfpages/pdfpages.sty
Package: pdfpages 2024/01/21 v0.5y Insert pages of external PDF documents (AM)

(/usr/local/texlive/2024/texmf-dist/tex/latex/base/ifthen.sty
Package: ifthen 2022/04/13 v1.1d Standard LaTeX ifthen package (DPC)
)
(/usr/local/texlive/2024/texmf-dist/tex/latex/tools/calc.sty
Package: calc 2023/07/08 v4.3 Infix arithmetic (KKT,FJ)
\calc@Acount=\count270
\calc@Bcount=\count271
\calc@Adimen=\dimen145
\calc@Bdimen=\dimen146
\calc@Askip=\skip50
\calc@Bskip=\skip51
LaTeX Info: Redefining \setlength on input line 80.
LaTeX Info: Redefining \addtolength on input line 81.
\calc@Ccount=\count272
\calc@Cskip=\skip52
)
(/usr/local/texlive/2024/texmf-dist/tex/latex/eso-pic/eso-pic.sty
Package: eso-pic 2023/05/03 v3.0c eso-pic (RN)
\ESO@tempdima=\dimen147
\ESO@tempdimb=\dimen148

(/usr/local/texlive/2024/texmf-dist/tex/latex/xcolor/xcolor.sty
Package: xcolor 2023/11/15 v3.01 LaTeX color extensions (UK)

(/usr/local/texlive/2024/texmf-dist/tex/latex/graphics-cfg/color.cfg
File: color.cfg 2016/01/02 v1.6 sample color configuration
)
Package xcolor Info: Driver file: pdftex.def on input line 274.

(/usr/local/texlive/2024/texmf-dist/tex/latex/graphics-def/pdftex.def
File: pdftex.def 2022/09/22 v1.2b Graphics/color driver for pdftex
)
(/usr/local/texlive/2024/texmf-dist/tex/latex/graphics/mathcolor.ltx)
Package xcolor Info: Model `cmy' substituted by `cmy0' on input line 1350.
Package xcolor Info: Model `hsb' substituted by `rgb' on input line 1354.
Package xcolor Info: Model `RGB' extended on input line 1366.
Package xcolor Info: Model `HTML' substituted by `rgb' on input line 1368.
Package xcolor Info: Model `Hsb' substituted by `hsb' on input line 1369.
Package xcolor Info: Model `tHsb' substituted by `hsb' on input line 1370.
Package xcolor Info: Model `HSB' substituted by `hsb' on input line 1371.
Package xcolor Info: Model `Gray' substituted by `gray' on input line 1372.
Package xcolor Info: Model `wave' substituted by `hsb' on input line 1373.
))
(/usr/local/texlive/2024/texmf-dist/tex/latex/graphics/graphicx.sty
Package: graphicx 2021/09/16 v1.2d Enhanced LaTeX Graphics (DPC,SPQR)

(/usr/local/texlive/2024/texmf-dist/tex/latex/graphics/graphics.sty
Package: graphics 2022/03/10 v1.4e Standard LaTeX Graphics (DPC,SPQR)

(/usr/local/texlive/2024/texmf-dist/tex/latex/graphics/trig.sty
Package: trig 2021/08/11 v1.11 sin cos tan (DPC)
)
(/usr/local/texlive/2024/texmf-dist/tex/latex/graphics-cfg/graphics.cfg
File: graphics.cfg 2016/06/04 v1.11 sample graphics configuration
)
Package graphics Info: Driver file: pdftex.def on input line 107.
)
\Gin@req@height=\dimen149
\Gin@req@width=\dimen150
)
\AM@pagewidth=\dimen151
\AM@pageheight=\dimen152
\AM@fboxrule=\dimen153

(/usr/local/texlive/2024/texmf-dist/tex/latex/pdfpages/pppdftex.def
File: pppdftex.def 2024/01/21 v0.5y Pdfpages driver for pdfTeX (AM)
)
\pdfpages@includegraphics@status=\count273
\AM@pagebox=\box53
\AM@global@opts=\toks19
\AM@pagecnt=\count274
\AM@toc@title=\toks20
\AM@lof@heading=\toks21
\c@AM@survey=\count275
\AM@templatesizebox=\box54
)
(/usr/local/texlive/2024/texmf-dist/tex/latex/hyperref/hyperref.sty
Package: hyperref 2024-01-20 v7.01h Hypertext links for LaTeX

(/usr/local/texlive/2024/texmf-dist/tex/generic/iftex/iftex.sty
Package: iftex 2022/02/03 v1.0f TeX engine tests
)
(/usr/local/texlive/2024/texmf-dist/tex/latex/kvsetkeys/kvsetkeys.sty
Package: kvsetkeys 2022-10-05 v1.19 Key value parser (HO)
)
(/usr/local/texlive/2024/texmf-dist/tex/generic/kvdefinekeys/kvdefinekeys.sty
Package: kvdefinekeys 2019-12-19 v1.6 Define keys (HO)
)
(/usr/local/texlive/2024/texmf-dist/tex/generic/pdfescape/pdfescape.sty
Package: pdfescape 2019/12/09 v1.15 Implements pdfTeX's escape features (HO)

(/usr/local/texlive/2024/texmf-dist/tex/generic/ltxcmds/ltxcmds.sty
Package: ltxcmds 2023-12-04 v1.26 LaTeX kernel commands for general use (HO)
)
(/usr/local/texlive/2024/texmf-dist/tex/generic/pdftexcmds/pdftexcmds.sty
Package: pdftexcmds 2020-06-27 v0.33 Utility functions of pdfTeX for LuaTeX (HO
)

(/usr/local/texlive/2024/texmf-dist/tex/generic/infwarerr/infwarerr.sty
Package: infwarerr 2019/12/03 v1.5 Providing info/warning/error messages (HO)
)
Package pdftexcmds Info: \pdf@primitive is available.
Package pdftexcmds Info: \pdf@ifprimitive is available.
Package pdftexcmds Info: \pdfdraftmode found.
))
(/usr/local/texlive/2024/texmf-dist/tex/latex/hycolor/hycolor.sty
Package: hycolor 2020-01-27 v1.10 Color options for hyperref/bookmark (HO)
)
(/usr/local/texlive/2024/texmf-dist/tex/latex/auxhook/auxhook.sty
Package: auxhook 2019-12-17 v1.6 Hooks for auxiliary files (HO)
)
(/usr/local/texlive/2024/texmf-dist/tex/latex/hyperref/nameref.sty
Package: nameref 2023-11-26 v2.56 Cross-referencing by name of section

(/usr/local/texlive/2024/texmf-dist/tex/latex/refcount/refcount.sty
Package: refcount 2019/12/15 v3.6 Data extraction from label references (HO)
)
(/usr/local/texlive/2024/texmf-dist/tex/generic/gettitlestring/gettitlestring.s
ty
Package: gettitlestring 2019/12/15 v1.6 Cleanup title references (HO)
 (/usr/local/texlive/2024/texmf-dist/tex/latex/kvoptions/kvoptions.sty
Package: kvoptions 2022-06-15 v3.15 Key value format for package options (HO)
))
\c@section@level=\count276
)
(/usr/local/texlive/2024/texmf-dist/tex/latex/etoolbox/etoolbox.sty
Package: etoolbox 2020/10/05 v2.5k e-TeX tools for LaTeX (JAW)
\etb@tempcnta=\count277
)
\@linkdim=\dimen154
\Hy@linkcounter=\count278
\Hy@pagecounter=\count279

(/usr/local/texlive/2024/texmf-dist/tex/latex/hyperref/pd1enc.def
File: pd1enc.def 2024-01-20 v7.01h Hyperref: PDFDocEncoding definition (HO)
Now handling font encoding PD1 ...
... no UTF-8 mapping file for font encoding PD1
)
(/usr/local/texlive/2024/texmf-dist/tex/generic/intcalc/intcalc.sty
Package: intcalc 2019/12/15 v1.3 Expandable calculations with integers (HO)
)
\Hy@SavedSpaceFactor=\count280

(/usr/local/texlive/2024/texmf-dist/tex/latex/hyperref/puenc.def
File: puenc.def 2024-01-20 v7.01h Hyperref: PDF Unicode definition (HO)
Now handling font encoding PU ...
... no UTF-8 mapping file for font encoding PU
)
Package hyperref Info: Hyper figures OFF on input line 4179.
Package hyperref Info: Link nesting OFF on input line 4184.
Package hyperref Info: Hyper index ON on input line 4187.
Package hyperref Info: Plain pages OFF on input line 4194.
Package hyperref Info: Backreferencing OFF on input line 4199.
Package hyperref Info: Implicit mode ON; LaTeX internals redefined.
Package hyperref Info: Bookmarks ON on input line 4446.
\c@Hy@tempcnt=\count281

(/usr/local/texlive/2024/texmf-dist/tex/latex/url/url.sty
\Urlmuskip=\muskip16
Package: url 2013/09/16  ver 3.4  Verb mode for urls, etc.
)
LaTeX Info: Redefining \url on input line 4784.
\XeTeXLinkMargin=\dimen155

(/usr/local/texlive/2024/texmf-dist/tex/generic/bitset/bitset.sty
Package: bitset 2019/12/09 v1.3 Handle bit-vector datatype (HO)

(/usr/local/texlive/2024/texmf-dist/tex/generic/bigintcalc/bigintcalc.sty
Package: bigintcalc 2019/12/15 v1.5 Expandable calculations on big integers (HO
)
))
\Fld@menulength=\count282
\Field@Width=\dimen156
\Fld@charsize=\dimen157
Package hyperref Info: Hyper figures OFF on input line 6063.
Package hyperref Info: Link nesting OFF on input line 6068.
Package hyperref Info: Hyper index ON on input line 6071.
Package hyperref Info: backreferencing OFF on input line 6078.
Package hyperref Info: Link coloring OFF on input line 6083.
Package hyperref Info: Link coloring with OCG OFF on input line 6088.
Package hyperref Info: PDF/A mode OFF on input line 6093.

(/usr/local/texlive/2024/texmf-dist/tex/latex/base/atbegshi-ltx.sty
Package: atbegshi-ltx 2021/01/10 v1.0c Emulation of the original atbegshi
package with kernel methods
)
\Hy@abspage=\count283
\c@Item=\count284
\c@Hfootnote=\count285
)
Package hyperref Info: Driver (autodetected): hpdftex.

(/usr/local/texlive/2024/texmf-dist/tex/latex/hyperref/hpdftex.def
File: hpdftex.def 2024-01-20 v7.01h Hyperref driver for pdfTeX

(/usr/local/texlive/2024/texmf-dist/tex/latex/base/atveryend-ltx.sty
Package: atveryend-ltx 2020/08/19 v1.0a Emulation of the original atveryend pac
kage
with kernel methods
)
\Fld@listcount=\count286
\c@bookmark@seq@number=\count287

(/usr/local/texlive/2024/texmf-dist/tex/latex/rerunfilecheck/rerunfilecheck.sty
Package: rerunfilecheck 2022-07-10 v1.10 Rerun checks for auxiliary files (HO)

(/usr/local/texlive/2024/texmf-dist/tex/generic/uniquecounter/uniquecounter.sty
Package: uniquecounter 2019/12/15 v1.4 Provide unlimited unique counter (HO)
)
Package uniquecounter Info: New unique counter `rerunfilecheck' on input line 2
85.
)
\Hy@SectionHShift=\skip53
)
(/usr/local/texlive/2024/texmf-dist/tex/latex/l3backend/l3backend-pdftex.def
File: l3backend-pdftex.def 2024-02-20 L3 backend support: PDF output (pdfTeX)
\l__color_backend_stack_int=\count288
\l__pdf_internal_box=\box55
)

LaTeX Warning: Unused global option(s):
    [a4].

(./main.aux)
\openout1 = `main.aux'.

LaTeX Font Info:    Checking defaults for OML/cmm/m/it on input line 11.
LaTeX Font Info:    ... okay on input line 11.
LaTeX Font Info:    Checking defaults for OMS/cmsy/m/n on input line 11.
LaTeX Font Info:    ... okay on input line 11.
LaTeX Font Info:    Checking defaults for OT1/cmr/m/n on input line 11.
LaTeX Font Info:    ... okay on input line 11.
LaTeX Font Info:    Checking defaults for T1/cmr/m/n on input line 11.
LaTeX Font Info:    ... okay on input line 11.
LaTeX Font Info:    Checking defaults for TS1/cmr/m/n on input line 11.
LaTeX Font Info:    ... okay on input line 11.
LaTeX Font Info:    Checking defaults for OMX/cmex/m/n on input line 11.
LaTeX Font Info:    ... okay on input line 11.
LaTeX Font Info:    Checking defaults for U/cmr/m/n on input line 11.
LaTeX Font Info:    ... okay on input line 11.
LaTeX Font Info:    Checking defaults for PD1/pdf/m/n on input line 11.
LaTeX Font Info:    ... okay on input line 11.
LaTeX Font Info:    Checking defaults for PU/pdf/m/n on input line 11.
LaTeX Font Info:    ... okay on input line 11.
\c@lstlisting=\count289

(/usr/local/texlive/2024/texmf-dist/tex/context/base/mkii/supp-pdf.mkii
[Loading MPS to PDF converter (version 2006.09.02).]
\scratchcounter=\count290
\scratchdimen=\dimen158
\scratchbox=\box56
\nofMPsegments=\count291
\nofMParguments=\count292
\everyMPshowfont=\toks22
\MPscratchCnt=\count293
\MPscratchDim=\dimen159
\MPnumerator=\count294
\makeMPintoPDFobject=\count295
\everyMPtoPDFconversion=\toks23
) (/usr/local/texlive/2024/texmf-dist/tex/latex/epstopdf-pkg/epstopdf-base.sty
Package: epstopdf-base 2020-01-24 v2.11 Base part for package epstopdf
Package epstopdf-base Info: Redefining graphics rule for `.eps' on input line 4
85.

(/usr/local/texlive/2024/texmf-dist/tex/latex/latexconfig/epstopdf-sys.cfg
File: epstopdf-sys.cfg 2010/07/13 v1.3 Configuration of (r)epstopdf for TeX Liv
e
))
(/usr/local/texlive/2024/texmf-dist/tex/latex/pdflscape/pdflscape.sty
Package: pdflscape 2022-10-27 v0.13 Display of landscape pages in PDF

(/usr/local/texlive/2024/texmf-dist/tex/latex/pdflscape/pdflscape-nometadata.st
y
Package: pdflscape-nometadata 2022-10-28 v0.13 Display of landscape pages in PD
F (HO)
 (/usr/local/texlive/2024/texmf-dist/tex/latex/graphics/lscape.sty
Package: lscape 2020/05/28 v3.02 Landscape Pages (DPC)
)
Package pdflscape Info: Auto-detected driver: pdftex on input line 81.
))
Package hyperref Info: Link coloring OFF on input line 11.

(./main.out) (./main.out)
\@outlinefile=\write3
\openout3 = `main.out'.

LaTeX Font Info:    External font `cmex10' loaded for size
(Font)              <12> on input line 13.
LaTeX Font Info:    External font `cmex10' loaded for size
(Font)              <8> on input line 13.
LaTeX Font Info:    External font `cmex10' loaded for size
(Font)              <6> on input line 13.


pdfTeX warning: pdflatex (file ../kpm-plots/network.pdf): PDF inclusion: found 
PDF version <1.7>, but at most version <1.5> allowed
<../kpm-plots/network.pdf, id=33, 207.65579pt x 349.305pt>
File: ../kpm-plots/network.pdf Graphic file (type pdf)
<use ../kpm-plots/network.pdf>
Package pdftex.def Info: ../kpm-plots/network.pdf  used on input line 22.
(pdftex.def)             Requested size: 123.06084pt x 207.0021pt.
(/usr/local/texlive/2024/texmf-dist/tex/latex/listings/lstlang1.sty
File: lstlang1.sty 2024/02/21 1.10 listings language file
)
(/usr/local/texlive/2024/texmf-dist/tex/latex/listings/lstlang1.sty
File: lstlang1.sty 2024/02/21 1.10 listings language file
)
(/usr/local/texlive/2024/texmf-dist/tex/latex/listings/lstmisc.sty
File: lstmisc.sty 2024/02/21 1.10 (Carsten Heinz)
) [1

{/usr/local/texlive/2024/texmf-var/fonts/map/pdftex/updmap/pdftex.map} <../kpm-
plots/network.pdf>]
Package hyperref Info: bookmark level for unknown lstlisting defaults to 0 on i
nput line 28.


Package Listings Warning: Text dropped after begin of listing on input line 28.



Overfull \hbox (9.0036pt too wide) in paragraph at lines 31--32
[][][][][][][][][][][][][][][][][][][][][] 
 []


Overfull \hbox (9.0036pt too wide) in paragraph at lines 32--33
[][][][][][][][][][][][][][][][][][][][][] 
 []


Package Listings Warning: Text dropped after begin of listing on input line 44.



Overfull \hbox (33.00385pt too wide) in paragraph at lines 45--46
[][][][][][][][][][][][] 
 []

[2]
Overfull \hbox (51.00403pt too wide) in paragraph at lines 69--70
[][][][][][][][][][][][][][][][][][][][][] 
 []


Overfull \hbox (45.00397pt too wide) in paragraph at lines 71--72
[][][][][][][][][][][][][][][][][][][][][][][][][][] 
 []

LaTeX Font Info:    External font `cmex10' loaded for size
(Font)              <7> on input line 99.
LaTeX Font Info:    External font `cmex10' loaded for size
(Font)              <5> on input line 99.
<../kpm-plots/nr-rem-DL_BEAM_SHAPE-ipsd.pdf, id=75, 361.35pt x 216.81pt>
File: ../kpm-plots/nr-rem-DL_BEAM_SHAPE-ipsd.pdf Graphic file (type pdf)
<use ../kpm-plots/nr-rem-DL_BEAM_SHAPE-ipsd.pdf>
Package pdftex.def Info: ../kpm-plots/nr-rem-DL_BEAM_SHAPE-ipsd.pdf  used on in
put line 99.
(pdftex.def)             Requested size: 86.25pt x 51.74763pt.
<../kpm-plots/nr-rem-DL_BEAM_SHAPE-snr.pdf, id=76, 361.35pt x 216.81pt>
File: ../kpm-plots/nr-rem-DL_BEAM_SHAPE-snr.pdf Graphic file (type pdf)
<use ../kpm-plots/nr-rem-DL_BEAM_SHAPE-snr.pdf>
Package pdftex.def Info: ../kpm-plots/nr-rem-DL_BEAM_SHAPE-snr.pdf  used on inp
ut line 99.
(pdftex.def)             Requested size: 86.25pt x 51.74763pt.
<../kpm-plots/nr-rem-DL_BEAM_SHAPE-sinr.pdf, id=77, 361.35pt x 216.81pt>
File: ../kpm-plots/nr-rem-DL_BEAM_SHAPE-sinr.pdf Graphic file (type pdf)
<use ../kpm-plots/nr-rem-DL_BEAM_SHAPE-sinr.pdf>
Package pdftex.def Info: ../kpm-plots/nr-rem-DL_BEAM_SHAPE-sinr.pdf  used on in
put line 99.
(pdftex.def)             Requested size: 86.25pt x 51.74763pt.
<../kpm-plots/nr-rem-DL_BEAM_SHAPE-sir.pdf, id=78, 361.35pt x 216.81pt>
File: ../kpm-plots/nr-rem-DL_BEAM_SHAPE-sir.pdf Graphic file (type pdf)
<use ../kpm-plots/nr-rem-DL_BEAM_SHAPE-sir.pdf>
Package pdftex.def Info: ../kpm-plots/nr-rem-DL_BEAM_SHAPE-sir.pdf  used on inp
ut line 99.
(pdftex.def)             Requested size: 86.25pt x 51.74763pt.
<../kpm-plots/nr-rem-DL_COVERAGE_AREA-ipsd.pdf, id=79, 361.35pt x 216.81pt>
File: ../kpm-plots/nr-rem-DL_COVERAGE_AREA-ipsd.pdf Graphic file (type pdf)
<use ../kpm-plots/nr-rem-DL_COVERAGE_AREA-ipsd.pdf>
Package pdftex.def Info: ../kpm-plots/nr-rem-DL_COVERAGE_AREA-ipsd.pdf  used on
 input line 99.
(pdftex.def)             Requested size: 86.25pt x 51.74763pt.
<../kpm-plots/nr-rem-DL_COVERAGE_AREA-snr.pdf, id=80, 361.35pt x 216.81pt>
File: ../kpm-plots/nr-rem-DL_COVERAGE_AREA-snr.pdf Graphic file (type pdf)
<use ../kpm-plots/nr-rem-DL_COVERAGE_AREA-snr.pdf>
Package pdftex.def Info: ../kpm-plots/nr-rem-DL_COVERAGE_AREA-snr.pdf  used on 
input line 99.
(pdftex.def)             Requested size: 86.25pt x 51.74763pt.
<../kpm-plots/nr-rem-DL_COVERAGE_AREA-sinr.pdf, id=81, 361.35pt x 216.81pt>
File: ../kpm-plots/nr-rem-DL_COVERAGE_AREA-sinr.pdf Graphic file (type pdf)
<use ../kpm-plots/nr-rem-DL_COVERAGE_AREA-sinr.pdf>
Package pdftex.def Info: ../kpm-plots/nr-rem-DL_COVERAGE_AREA-sinr.pdf  used on
 input line 99.
(pdftex.def)             Requested size: 86.25pt x 51.74763pt.
<../kpm-plots/nr-rem-DL_COVERAGE_AREA-sir.pdf, id=82, 361.35pt x 216.81pt>
File: ../kpm-plots/nr-rem-DL_COVERAGE_AREA-sir.pdf Graphic file (type pdf)
<use ../kpm-plots/nr-rem-DL_COVERAGE_AREA-sir.pdf>
Package pdftex.def Info: ../kpm-plots/nr-rem-DL_COVERAGE_AREA-sir.pdf  used on 
input line 99.
(pdftex.def)             Requested size: 86.25pt x 51.74763pt.
<../kpm-plots/nr-rem-DL_UE_COVERAGE-ipsd.pdf, id=83, 361.35pt x 216.81pt>
File: ../kpm-plots/nr-rem-DL_UE_COVERAGE-ipsd.pdf Graphic file (type pdf)
<use ../kpm-plots/nr-rem-DL_UE_COVERAGE-ipsd.pdf>
Package pdftex.def Info: ../kpm-plots/nr-rem-DL_UE_COVERAGE-ipsd.pdf  used on i
nput line 99.
(pdftex.def)             Requested size: 86.25pt x 51.74763pt.
<../kpm-plots/nr-rem-DL_UE_COVERAGE-snr.pdf, id=84, 361.35pt x 216.81pt>
File: ../kpm-plots/nr-rem-DL_UE_COVERAGE-snr.pdf Graphic file (type pdf)
<use ../kpm-plots/nr-rem-DL_UE_COVERAGE-snr.pdf>
Package pdftex.def Info: ../kpm-plots/nr-rem-DL_UE_COVERAGE-snr.pdf  used on in
put line 99.
(pdftex.def)             Requested size: 86.25pt x 51.74763pt.
<../kpm-plots/nr-rem-DL_UE_COVERAGE-sinr.pdf, id=85, 361.35pt x 216.81pt>
File: ../kpm-plots/nr-rem-DL_UE_COVERAGE-sinr.pdf Graphic file (type pdf)
<use ../kpm-plots/nr-rem-DL_UE_COVERAGE-sinr.pdf>
Package pdftex.def Info: ../kpm-plots/nr-rem-DL_UE_COVERAGE-sinr.pdf  used on i
nput line 99.
(pdftex.def)             Requested size: 86.25pt x 51.74763pt.
<../kpm-plots/nr-rem-DL_UE_COVERAGE-sir.pdf, id=86, 361.35pt x 216.81pt>
File: ../kpm-plots/nr-rem-DL_UE_COVERAGE-sir.pdf Graphic file (type pdf)
<use ../kpm-plots/nr-rem-DL_UE_COVERAGE-sir.pdf>
Package pdftex.def Info: ../kpm-plots/nr-rem-DL_UE_COVERAGE-sir.pdf  used on in
put line 99.
(pdftex.def)             Requested size: 86.25pt x 51.74763pt.
<../kpm-plots/nr-rem-UL_BEAM_SHAPE-ipsd.pdf, id=87, 361.35pt x 216.81pt>
File: ../kpm-plots/nr-rem-UL_BEAM_SHAPE-ipsd.pdf Graphic file (type pdf)
<use ../kpm-plots/nr-rem-UL_BEAM_SHAPE-ipsd.pdf>
Package pdftex.def Info: ../kpm-plots/nr-rem-UL_BEAM_SHAPE-ipsd.pdf  used on in
put line 127.
(pdftex.def)             Requested size: 86.25pt x 51.74763pt.
<../kpm-plots/nr-rem-UL_BEAM_SHAPE-snr.pdf, id=88, 361.35pt x 216.81pt>
File: ../kpm-plots/nr-rem-UL_BEAM_SHAPE-snr.pdf Graphic file (type pdf)
<use ../kpm-plots/nr-rem-UL_BEAM_SHAPE-snr.pdf>
Package pdftex.def Info: ../kpm-plots/nr-rem-UL_BEAM_SHAPE-snr.pdf  used on inp
ut line 127.
(pdftex.def)             Requested size: 86.25pt x 51.74763pt.
<../kpm-plots/nr-rem-UL_BEAM_SHAPE-sinr.pdf, id=89, 361.35pt x 216.81pt>
File: ../kpm-plots/nr-rem-UL_BEAM_SHAPE-sinr.pdf Graphic file (type pdf)
<use ../kpm-plots/nr-rem-UL_BEAM_SHAPE-sinr.pdf>
Package pdftex.def Info: ../kpm-plots/nr-rem-UL_BEAM_SHAPE-sinr.pdf  used on in
put line 127.
(pdftex.def)             Requested size: 86.25pt x 51.74763pt.
<../kpm-plots/nr-rem-UL_BEAM_SHAPE-sir.pdf, id=90, 361.35pt x 216.81pt>
File: ../kpm-plots/nr-rem-UL_BEAM_SHAPE-sir.pdf Graphic file (type pdf)
<use ../kpm-plots/nr-rem-UL_BEAM_SHAPE-sir.pdf>
Package pdftex.def Info: ../kpm-plots/nr-rem-UL_BEAM_SHAPE-sir.pdf  used on inp
ut line 127.
(pdftex.def)             Requested size: 86.25pt x 51.74763pt.
<../kpm-plots/nr-rem-UL_COVERAGE_AREA-ipsd.pdf, id=91, 361.35pt x 216.81pt>
File: ../kpm-plots/nr-rem-UL_COVERAGE_AREA-ipsd.pdf Graphic file (type pdf)
<use ../kpm-plots/nr-rem-UL_COVERAGE_AREA-ipsd.pdf>
Package pdftex.def Info: ../kpm-plots/nr-rem-UL_COVERAGE_AREA-ipsd.pdf  used on
 input line 127.
(pdftex.def)             Requested size: 86.25pt x 51.74763pt.
<../kpm-plots/nr-rem-UL_COVERAGE_AREA-snr.pdf, id=92, 361.35pt x 216.81pt>
File: ../kpm-plots/nr-rem-UL_COVERAGE_AREA-snr.pdf Graphic file (type pdf)
<use ../kpm-plots/nr-rem-UL_COVERAGE_AREA-snr.pdf>
Package pdftex.def Info: ../kpm-plots/nr-rem-UL_COVERAGE_AREA-snr.pdf  used on 
input line 127.
(pdftex.def)             Requested size: 86.25pt x 51.74763pt.
<../kpm-plots/nr-rem-UL_COVERAGE_AREA-sinr.pdf, id=93, 361.35pt x 216.81pt>
File: ../kpm-plots/nr-rem-UL_COVERAGE_AREA-sinr.pdf Graphic file (type pdf)
<use ../kpm-plots/nr-rem-UL_COVERAGE_AREA-sinr.pdf>
Package pdftex.def Info: ../kpm-plots/nr-rem-UL_COVERAGE_AREA-sinr.pdf  used on
 input line 127.
(pdftex.def)             Requested size: 86.25pt x 51.74763pt.
<../kpm-plots/nr-rem-UL_COVERAGE_AREA-sir.pdf, id=94, 361.35pt x 216.81pt>
File: ../kpm-plots/nr-rem-UL_COVERAGE_AREA-sir.pdf Graphic file (type pdf)
<use ../kpm-plots/nr-rem-UL_COVERAGE_AREA-sir.pdf>
Package pdftex.def Info: ../kpm-plots/nr-rem-UL_COVERAGE_AREA-sir.pdf  used on 
input line 127.
(pdftex.def)             Requested size: 86.25pt x 51.74763pt.
[3{/usr/local/texlive/2024/texmf-dist/fonts/enc/dvips/cm-super/cm-super-ts1.enc
}] [4 <../kpm-plots/nr-rem-DL_BEAM_SHAPE-ipsd.pdf> <../kpm-plots/nr-rem-DL_BEAM
_SHAPE-snr.pdf

pdfTeX warning: pdflatex (file ../kpm-plots/nr-rem-DL_BEAM_SHAPE-snr.pdf): PDF 
inclusion: multiple pdfs with page group included in a single page
> <../kpm-plots/nr-rem-DL_BEAM_SHAPE-sinr.pdf

pdfTeX warning: pdflatex (file ../kpm-plots/nr-rem-DL_BEAM_SHAPE-sinr.pdf): PDF
 inclusion: multiple pdfs with page group included in a single page
> <../kpm-plots/nr-rem-DL_BEAM_SHAPE-sir.pdf

pdfTeX warning: pdflatex (file ../kpm-plots/nr-rem-DL_BEAM_SHAPE-sir.pdf): PDF 
inclusion: multiple pdfs with page group included in a single page
> <../kpm-plots/nr-rem-DL_COVERAGE_AREA-ipsd.pdf

pdfTeX warning: pdflatex (file ../kpm-plots/nr-rem-DL_COVERAGE_AREA-ipsd.pdf): 
PDF inclusion: multiple pdfs with page group included in a single page
> <../kpm-plots/nr-rem-DL_COVERAGE_AREA-snr.pdf

pdfTeX warning: pdflatex (file ../kpm-plots/nr-rem-DL_COVERAGE_AREA-snr.pdf): P
DF inclusion: multiple pdfs with page group included in a single page
> <../kpm-plots/nr-rem-DL_COVERAGE_AREA-sinr.pdf

pdfTeX warning: pdflatex (file ../kpm-plots/nr-rem-DL_COVERAGE_AREA-sinr.pdf): 
PDF inclusion: multiple pdfs with page group included in a single page
> <../kpm-plots/nr-rem-DL_COVERAGE_AREA-sir.pdf

pdfTeX warning: pdflatex (file ../kpm-plots/nr-rem-DL_COVERAGE_AREA-sir.pdf): P
DF inclusion: multiple pdfs with page group included in a single page
> <../kpm-plots/nr-rem-DL_UE_COVERAGE-ipsd.pdf

pdfTeX warning: pdflatex (file ../kpm-plots/nr-rem-DL_UE_COVERAGE-ipsd.pdf): PD
F inclusion: multiple pdfs with page group included in a single page
> <../kpm-plots/nr-rem-DL_UE_COVERAGE-snr.pdf

pdfTeX warning: pdflatex (file ../kpm-plots/nr-rem-DL_UE_COVERAGE-snr.pdf): PDF
 inclusion: multiple pdfs with page group included in a single page
> <../kpm-plots/nr-rem-DL_UE_COVERAGE-sinr.pdf

pdfTeX warning: pdflatex (file ../kpm-plots/nr-rem-DL_UE_COVERAGE-sinr.pdf): PD
F inclusion: multiple pdfs with page group included in a single page
> <../kpm-plots/nr-rem-DL_UE_COVERAGE-sir.pdf

pdfTeX warning: pdflatex (file ../kpm-plots/nr-rem-DL_UE_COVERAGE-sir.pdf): PDF
 inclusion: multiple pdfs with page group included in a single page
> <../kpm-plots/nr-rem-UL_BEAM_SHAPE-ipsd.pdf

pdfTeX warning: pdflatex (file ../kpm-plots/nr-rem-UL_BEAM_SHAPE-ipsd.pdf): PDF
 inclusion: multiple pdfs with page group included in a single page
> <../kpm-plots/nr-rem-UL_BEAM_SHAPE-snr.pdf

pdfTeX warning: pdflatex (file ../kpm-plots/nr-rem-UL_BEAM_SHAPE-snr.pdf): PDF 
inclusion: multiple pdfs with page group included in a single page
> <../kpm-plots/nr-rem-UL_BEAM_SHAPE-sinr.pdf

pdfTeX warning: pdflatex (file ../kpm-plots/nr-rem-UL_BEAM_SHAPE-sinr.pdf): PDF
 inclusion: multiple pdfs with page group included in a single page
> <../kpm-plots/nr-rem-UL_BEAM_SHAPE-sir.pdf

pdfTeX warning: pdflatex (file ../kpm-plots/nr-rem-UL_BEAM_SHAPE-sir.pdf): PDF 
inclusion: multiple pdfs with page group included in a single page
> <../kpm-plots/nr-rem-UL_COVERAGE_AREA-ipsd.pdf

pdfTeX warning: pdflatex (file ../kpm-plots/nr-rem-UL_COVERAGE_AREA-ipsd.pdf): 
PDF inclusion: multiple pdfs with page group included in a single page
> <../kpm-plots/nr-rem-UL_COVERAGE_AREA-snr.pdf

pdfTeX warning: pdflatex (file ../kpm-plots/nr-rem-UL_COVERAGE_AREA-snr.pdf): P
DF inclusion: multiple pdfs with page group included in a single page
> <../kpm-plots/nr-rem-UL_COVERAGE_AREA-sinr.pdf

pdfTeX warning: pdflatex (file ../kpm-plots/nr-rem-UL_COVERAGE_AREA-sinr.pdf): 
PDF inclusion: multiple pdfs with page group included in a single page
> <../kpm-plots/nr-rem-UL_COVERAGE_AREA-sir.pdf

pdfTeX warning: pdflatex (file ../kpm-plots/nr-rem-UL_COVERAGE_AREA-sir.pdf): P
DF inclusion: multiple pdfs with page group included in a single page
>] (./main.aux)
 ***********
LaTeX2e <2023-11-01> patch level 1
L3 programming layer <2024-02-20>
 ***********
Package rerunfilecheck Info: File `main.out' has not changed.
(rerunfilecheck)             Checksum: 7D1AD5F162D1726B1C6424B17549AA50;975.
 ) 
Here is how much of TeX's memory you used:
 11686 strings out of 474116
 184267 string characters out of 5743682
 1945187 words of memory out of 5000000
 33888 multiletter control sequences out of 15000+600000
 563173 words of font info for 53 fonts, out of 8000000 for 9000
 1141 hyphenation exceptions out of 8191
 75i,13n,79p,715b,1237s stack positions out of 10000i,1000n,20000p,200000b,200000s
</usr/local/texlive/2024/texmf-dist/fonts/type1/public/amsfonts/cm/cmbx10.pfb
></usr/local/texlive/2024/texmf-dist/fonts/type1/public/amsfonts/cm/cmbx12.pfb>
</usr/local/texlive/2024/texmf-dist/fonts/type1/public/amsfonts/cm/cmr10.pfb></
usr/local/texlive/2024/texmf-dist/fonts/type1/public/amsfonts/cm/cmr12.pfb></us
r/local/texlive/2024/texmf-dist/fonts/type1/public/amsfonts/cm/cmr17.pfb></usr/
local/texlive/2024/texmf-dist/fonts/type1/public/amsfonts/cm/cmti10.pfb></usr/l
ocal/texlive/2024/texmf-dist/fonts/type1/public/amsfonts/cm/cmtt10.pfb></usr/lo
cal/texlive/2024/texmf-dist/fonts/type1/public/cm-super/sfrm1000.pfb>
Output written on main.pdf (4 pages, 889178 bytes).
PDF statistics:
 782 PDF objects out of 1000 (max. 8388607)
 531 compressed objects within 6 object streams
 32 named destinations out of 1000 (max. 500000)
 162 words of extra memory for PDF output out of 10000 (max. 10000000)

