-40	-70	1.5	34.5483	-10.6694	0	0	
-40	-67.6	1.5	3.72338	-44.234	0	0	
-40	-65.2	1.5	34.3943	-8.70532	0	0	
-40	-62.8	1.5	35.4226	-8.36803	0	0	
-40	-60.4	1.5	32.3515	-12.203	0	0	
-40	-58	1.5	8.61439	-25.8671	0	0	
-40	-55.6	1.5	34.0363	-24.6508	0	0	
-40	-53.2	1.5	35.9145	-22.8868	0	0	
-40	-50.8	1.5	15.4364	-20.2301	0	0	
-40	-48.4	1.5	37.288	-1.42002	0	0	
-40	-46	1.5	12.6439	-10.4017	0	0	
-40	-43.6	1.5	35.6288	-2.65892	0	0	
-40	-41.2	1.5	36.2592	-3.15814	0	0	
-40	-38.8	1.5	38.474	-4.05474	0	0	
-40	-36.4	1.5	38.7051	-5.98825	0	0	
-40	-34	1.5	37.5862	-8.09837	0	0	
-40	-31.6	1.5	39.096	-5.11843	0	0	
-40	-29.2	1.5	37.6047	-14.6679	0	0	
-40	-26.8	1.5	15.2357	-25.6915	0	0	
-40	-24.4	1.5	36.1197	5.94008	0	0	
-40	-22	1.5	15.6985	-23.9575	0	0	
-40	-19.6	1.5	37.8988	-33.4425	0	0	
-40	-17.2	1.5	7.92163	-40.7451	0	0	
-40	-14.8	1.5	38.6349	-23.924	0	0	
-40	-12.4	1.5	39.0643	-3.28982	0	0	
-40	-10	1.5	38.5014	-17.2421	0	0	
-40	-7.6	1.5	39.1587	-39.5882	0	0	
-40	-5.2	1.5	41.4733	-15.3989	0	0	
-40	-2.8	1.5	13.2154	-46.4068	0	0	
-40	-0.4	1.5	40.671	-18.519	0	0	
-40	2	1.5	41.4597	-19.2209	0	0	
-40	4.4	1.5	37.6885	-47.4915	0	0	
-40	6.8	1.5	38.6211	-35.5217	0	0	
-40	9.2	1.5	16.8605	-25.6582	0	0	
-40	11.6	1.5	12.851	-28.5912	0	0	
-40	14	1.5	40.6603	-7.03162	0	0	
-40	16.4	1.5	38.2801	-37.1317	0	0	
-40	18.8	1.5	40.1345	-8.1722	0	0	
-40	21.2	1.5	37.6981	-7.13838	0	0	
-40	23.6	1.5	12.6372	-16.5632	0	0	
-40	26	1.5	11.6786	-28.2782	0	0	
-40	28.4	1.5	39.4755	6.10209	0	0	
-40	30.8	1.5	37.962	-7.9889	0	0	
-40	33.2	1.5	39.0883	-6.75482	0	0	
-40	35.6	1.5	10.2053	-35.5601	0	0	
-40	38	1.5	37.3351	-9.05394	0	0	
-40	40.4	1.5	38.5564	-3.21812	0	0	
-40	42.8	1.5	8.36614	-9.86819	0	0	
-40	45.2	1.5	36.9593	15.8388	0	0	
-40	47.6	1.5	9.27064	-28.9165	0	0	
-40	50	1.5	35.3141	-4.55248	0	0	
-37.6	-70	1.5	34.3802	-32.9776	0	0	
-37.6	-67.6	1.5	13.2975	-32.2043	0	0	
-37.6	-65.2	1.5	35.9195	-9.14094	0	0	
-37.6	-62.8	1.5	34.9788	-31.294	0	0	
-37.6	-60.4	1.5	7.89084	-36.6509	0	0	
-37.6	-58	1.5	35.6508	-16.1894	0	0	
-37.6	-55.6	1.5	13.7613	-29.3264	0	0	
-37.6	-53.2	1.5	35.9097	-25.6229	0	0	
-37.6	-50.8	1.5	37.0803	0.489022	0	0	
-37.6	-48.4	1.5	37.4789	0.920341	0	0	
-37.6	-46	1.5	37.8186	1.83963	0	0	
-37.6	-43.6	1.5	37.9794	16.9226	0	0	
-37.6	-41.2	1.5	13.9563	-29.4424	0	0	
-37.6	-38.8	1.5	14.7852	-25.7281	0	0	
-37.6	-36.4	1.5	11.9062	-26.507	0	0	
-37.6	-34	1.5	39.3853	-6.58973	0	0	
-37.6	-31.6	1.5	14.0223	-30.4685	0	0	
-37.6	-29.2	1.5	11.2003	-36.1433	0	0	
-37.6	-26.8	1.5	38.3758	-26.7582	0	0	
-37.6	-24.4	1.5	37.1753	-4.66453	0	0	
-37.6	-22	1.5	16.498	-12.9023	0	0	
-37.6	-19.6	1.5	10.9619	-29.1352	0	0	
-37.6	-17.2	1.5	41.0848	-5.9587	0	0	
-37.6	-14.8	1.5	40.8647	-3.09638	0	0	
-37.6	-12.4	1.5	38.3084	-28.6006	0	0	
-37.6	-10	1.5	40.7483	-3.59965	0	0	
-37.6	-7.6	1.5	11.2322	-40.1524	0	0	
-37.6	-5.2	1.5	40.4416	-16.3395	0	0	
-37.6	-2.8	1.5	37.7998	-45.4921	0	0	
-37.6	-0.4	1.5	41.9906	-18.7488	0	0	
-37.6	2	1.5	41.7332	-19.1597	0	0	
-37.6	4.4	1.5	11.4635	-46.0017	0	0	
-37.6	6.8	1.5	40.6526	-12.4666	0	0	
-37.6	9.2	1.5	41.3893	0.032532	0	0	
-37.6	11.6	1.5	40.1887	-5.61675	0	0	
-37.6	14	1.5	39.1084	-8.82558	0	0	
-37.6	16.4	1.5	41.0351	-7.26172	0	0	
-37.6	18.8	1.5	40.9559	-5.3318	0	0	
-37.6	21.2	1.5	37.7456	-27.1645	0	0	
-37.6	23.6	1.5	14.4477	-29.0503	0	0	
-37.6	26	1.5	40.2642	-3.96372	0	0	
-37.6	28.4	1.5	14.8876	-30.7331	0	0	
-37.6	30.8	1.5	16.1042	-24.0333	0	0	
-37.6	33.2	1.5	38.75	-5.98811	0	0	
-37.6	35.6	1.5	37.8949	-29.2079	0	0	
-37.6	38	1.5	15.4499	-16.9145	0	0	
-37.6	40.4	1.5	38.2277	1.76872	0	0	
-37.6	42.8	1.5	13.388	-17.6446	0	0	
-37.6	45.2	1.5	34.9144	1.69677	0	0	
-37.6	47.6	1.5	37.0726	2.04142	0	0	
-37.6	50	1.5	35.6433	-2.9086	0	0	
-35.2	-70	1.5	33.5883	-31.2155	0	0	
-35.2	-67.6	1.5	34.9244	-35.1139	0	0	
-35.2	-65.2	1.5	11.7376	-33.9267	0	0	
-35.2	-62.8	1.5	35.0692	-32.1944	0	0	
-35.2	-60.4	1.5	9.85331	-35.6447	0	0	
-35.2	-58	1.5	12.1977	-32.3346	0	0	
-35.2	-55.6	1.5	8.10303	-36.4966	0	0	
-35.2	-53.2	1.5	36.654	-6.02589	0	0	
-35.2	-50.8	1.5	14.1605	-27.8011	0	0	
-35.2	-48.4	1.5	38.4254	-1.82886	0	0	
-35.2	-46	1.5	34.6842	-22.8272	0	0	
-35.2	-43.6	1.5	9.78975	-19.3546	0	0	
-35.2	-41.2	1.5	36.6308	8.39897	0	0	
-35.2	-38.8	1.5	37.8991	4.26577	0	0	
-35.2	-36.4	1.5	37.8361	-3.52193	0	0	
-35.2	-34	1.5	11.986	-31.826	0	0	
-35.2	-31.6	1.5	40.1858	-3.96189	0	0	
-35.2	-29.2	1.5	39.5052	-7.00292	0	0	
-35.2	-26.8	1.5	15.4268	-32.6198	0	0	
-35.2	-24.4	1.5	37.0453	-5.06907	0	0	
-35.2	-22	1.5	36.7941	-16.5285	0	0	
-35.2	-19.6	1.5	14.4587	-25.9207	0	0	
-35.2	-17.2	1.5	12.1597	-26.3472	0	0	
-35.2	-14.8	1.5	41.3568	-8.5636	0	0	
-35.2	-12.4	1.5	41.5968	-5.78967	0	0	
-35.2	-10	1.5	36.2279	0.0700847	0	0	
-35.2	-7.6	1.5	38.1906	-32.3967	0	0	
-35.2	-5.2	1.5	39.7047	-15.539	0	0	
-35.2	-2.8	1.5	40.4148	-18.5298	0	0	
-35.2	-0.4	1.5	41.0946	-19.0939	0	0	
-35.2	2	1.5	42.0885	-16.1036	0	0	
-35.2	4.4	1.5	40.887	-16.7149	0	0	
-35.2	6.8	1.5	42.1266	-9.10461	0	0	
-35.2	9.2	1.5	38.5302	-0.657001	0	0	
-35.2	11.6	1.5	40.2361	-4.66979	0	0	
-35.2	14	1.5	39.6656	-33.977	0	0	
-35.2	16.4	1.5	41.1424	-4.85984	0	0	
-35.2	18.8	1.5	41.3842	4.58134	0	0	
-35.2	21.2	1.5	39.0977	-21.6772	0	0	
-35.2	23.6	1.5	40.7509	-1.73798	0	0	
-35.2	26	1.5	39.6699	-2.90008	0	0	
-35.2	28.4	1.5	40.6859	-3.88174	0	0	
-35.2	30.8	1.5	38.1482	-31.2885	0	0	
-35.2	33.2	1.5	37.7177	-5.01136	0	0	
-35.2	35.6	1.5	39.513	-1.05104	0	0	
-35.2	38	1.5	38.7274	1.16098	0	0	
-35.2	40.4	1.5	35.7864	-24.7595	0	0	
-35.2	42.8	1.5	38.9122	8.53594	0	0	
-35.2	45.2	1.5	36.3774	-1.1062	0	0	
-35.2	47.6	1.5	35.6035	-6.44283	0	0	
-35.2	50	1.5	35.712	-23.7434	0	0	
-32.8	-70	1.5	11.0556	-33.5546	0	0	
-32.8	-67.6	1.5	12.6793	-31.9897	0	0	
-32.8	-65.2	1.5	5.09113	-36.4782	0	0	
-32.8	-62.8	1.5	34.7766	-32.8865	0	0	
-32.8	-60.4	1.5	12.5275	-31.821	0	0	
-32.8	-58	1.5	13.8513	-35.9085	0	0	
-32.8	-55.6	1.5	36.4622	-8.77167	0	0	
-32.8	-53.2	1.5	37.1605	-7.73888	0	0	
-32.8	-50.8	1.5	18.1142	-25.5237	0	0	
-32.8	-48.4	1.5	14.1042	-28.4725	0	0	
-32.8	-46	1.5	35.7351	-26.4875	0	0	
-32.8	-43.6	1.5	14.553	-23.2353	0	0	
-32.8	-41.2	1.5	39.1483	2.42132	0	0	
-32.8	-38.8	1.5	39.314	14.671	0	0	
-32.8	-36.4	1.5	32.4603	-19.3874	0	0	
-32.8	-34	1.5	12.9338	-28.4018	0	0	
-32.8	-31.6	1.5	38.0022	-8.51681	0	0	
-32.8	-29.2	1.5	37.7068	-28.6498	0	0	
-32.8	-26.8	1.5	39.8886	-3.03466	0	0	
-32.8	-24.4	1.5	38.6762	-24.968	0	0	
-32.8	-22	1.5	41.7156	3.64995	0	0	
-32.8	-19.6	1.5	21.5411	-14.2095	0	0	
-32.8	-17.2	1.5	42.1933	7.8258	0	0	
-32.8	-14.8	1.5	40.3309	-3.79783	0	0	
-32.8	-12.4	1.5	41.9602	-7.18346	0	0	
-32.8	-10	1.5	42.2368	-1.84144	0	0	
-32.8	-7.6	1.5	43.6802	-2.57336	0	0	
-32.8	-5.2	1.5	42.4002	-10.9435	0	0	
-32.8	-2.8	1.5	40.1518	-45.4997	0	0	
-32.8	-0.4	1.5	39.5232	-45.7738	0	0	
-32.8	2	1.5	42.5199	-16.8807	0	0	
-32.8	4.4	1.5	42.5389	-12.6979	0	0	
-32.8	6.8	1.5	42.6319	-6.53211	0	0	
-32.8	9.2	1.5	42.1881	10.8685	0	0	
-32.8	11.6	1.5	41.0854	-5.63215	0	0	
-32.8	14	1.5	40.1454	-6.54455	0	0	
-32.8	16.4	1.5	12.0805	-30.6174	0	0	
-32.8	18.8	1.5	37.9078	-10.9979	0	0	
-32.8	21.2	1.5	16.146	-21.3355	0	0	
-32.8	23.6	1.5	41.0681	0.199083	0	0	
-32.8	26	1.5	40.4108	-2.39125	0	0	
-32.8	28.4	1.5	39.4723	-4.46463	0	0	
-32.8	30.8	1.5	36.3705	-23.0331	0	0	
-32.8	33.2	1.5	39.0781	8.75945	0	0	
-32.8	35.6	1.5	38.2526	-22.0355	0	0	
-32.8	38	1.5	38.1399	9.1807	0	0	
-32.8	40.4	1.5	37.6888	-18.2602	0	0	
-32.8	42.8	1.5	37.8841	0.404019	0	0	
-32.8	45.2	1.5	36.7281	-28.6423	0	0	
-32.8	47.6	1.5	34.8265	-8.14622	0	0	
-32.8	50	1.5	12.2251	-27.9372	0	0	
-30.4	-70	1.5	12.8676	-32.0449	0	0	
-30.4	-67.6	1.5	35.8137	-8.46934	0	0	
-30.4	-65.2	1.5	34.9415	-7.3955	0	0	
-30.4	-62.8	1.5	35.4045	-9.41559	0	0	
-30.4	-60.4	1.5	34.892	-34.4398	0	0	
-30.4	-58	1.5	9.3354	-35.6641	0	0	
-30.4	-55.6	1.5	36.5193	-30.2429	0	0	
-30.4	-53.2	1.5	17.1391	-28.5314	0	0	
-30.4	-50.8	1.5	37.5309	-5.39502	0	0	
-30.4	-48.4	1.5	15.4631	-27.3046	0	0	
-30.4	-46	1.5	37.2386	-4.88875	0	0	
-30.4	-43.6	1.5	37.0766	-26.3753	0	0	
-30.4	-41.2	1.5	37.5191	-0.159895	0	0	
-30.4	-38.8	1.5	37.7449	-19.5213	0	0	
-30.4	-36.4	1.5	39.619	23.9511	0	0	
-30.4	-34	1.5	38.9077	-19.4042	0	0	
-30.4	-31.6	1.5	40.7836	10.2071	0	0	
-30.4	-29.2	1.5	34.0818	-10.6139	0	0	
-30.4	-26.8	1.5	40.2002	-2.31403	0	0	
-30.4	-24.4	1.5	40.7292	-3.796	0	0	
-30.4	-22	1.5	41.6305	0.0824628	0	0	
-30.4	-19.6	1.5	39.9284	-22.4166	0	0	
-30.4	-17.2	1.5	42.2179	7.04304	0	0	
-30.4	-14.8	1.5	41.0406	-5.6216	0	0	
-30.4	-12.4	1.5	42.8173	-2.74395	0	0	
-30.4	-10	1.5	37.7016	-29.5888	0	0	
-30.4	-7.6	1.5	43.7832	4.89267	0	0	
-30.4	-5.2	1.5	41.5309	-11.8234	0	0	
-30.4	-2.8	1.5	41.3667	-15.5432	0	0	
-30.4	-0.4	1.5	40.4328	-18.9218	0	0	
-30.4	2	1.5	43.5679	-15.5131	0	0	
-30.4	4.4	1.5	14.59	-40.053	0	0	
-30.4	6.8	1.5	40.7855	-4.11091	0	0	
-30.4	9.2	1.5	42.7977	22.3905	0	0	
-30.4	11.6	1.5	41.9996	-6.63519	0	0	
-30.4	14	1.5	42.9112	-0.517046	0	0	
-30.4	16.4	1.5	41.2531	2.35896	0	0	
-30.4	18.8	1.5	41.6432	11.9734	0	0	
-30.4	21.2	1.5	39.5334	-2.7586	0	0	
-30.4	23.6	1.5	40.7645	-2.95444	0	0	
-30.4	26	1.5	40.9297	-3.18664	0	0	
-30.4	28.4	1.5	40.1308	-2.37544	0	0	
-30.4	30.8	1.5	39.8639	-2.3039	0	0	
-30.4	33.2	1.5	39.292	4.43511	0	0	
-30.4	35.6	1.5	39.7488	26.5818	0	0	
-30.4	38	1.5	38.3072	-8.45698	0	0	
-30.4	40.4	1.5	12.0646	-24.6881	0	0	
-30.4	42.8	1.5	37.8294	-5.28897	0	0	
-30.4	45.2	1.5	38.5904	-3.08751	0	0	
-30.4	47.6	1.5	38.8333	-0.000360834	0	0	
-30.4	50	1.5	12.4793	-31.5819	0	0	
-28	-70	1.5	9.08381	-34.9159	0	0	
-28	-67.6	1.5	35.5328	-6.87971	0	0	
-28	-65.2	1.5	9.50278	-34.1594	0	0	
-28	-62.8	1.5	31.9512	-12.8825	0	0	
-28	-60.4	1.5	35.7829	-29.9657	0	0	
-28	-58	1.5	36.2628	-30.2993	0	0	
-28	-55.6	1.5	36.3481	-27.7765	0	0	
-28	-53.2	1.5	17.4652	-28.1576	0	0	
-28	-50.8	1.5	12.6637	-31.9173	0	0	
-28	-48.4	1.5	35.3301	-6.59461	0	0	
-28	-46	1.5	37.9007	-3.28499	0	0	
-28	-43.6	1.5	38.5382	-5.26416	0	0	
-28	-41.2	1.5	37.8976	-1.39549	0	0	
-28	-38.8	1.5	20.982	-15.9853	0	0	
-28	-36.4	1.5	36.4577	-18.6643	0	0	
-28	-34	1.5	40.3284	15.7936	0	0	
-28	-31.6	1.5	39.7567	-16.3535	0	0	
-28	-29.2	1.5	41.0415	3.42807	0	0	
-28	-26.8	1.5	40.4308	-1.73171	0	0	
-28	-24.4	1.5	42.1389	-1.47186	0	0	
-28	-22	1.5	41.2818	4.08819	0	0	
-28	-19.6	1.5	40.2196	-21.0982	0	0	
-28	-17.2	1.5	41.5755	5.52878	0	0	
-28	-14.8	1.5	40.6128	-22.2675	0	0	
-28	-12.4	1.5	17.3151	-29.0138	0	0	
-28	-10	1.5	18.3027	-26.3638	0	0	
-28	-7.6	1.5	43.9081	2.57785	0	0	
-28	-5.2	1.5	43.3457	-8.25967	0	0	
-28	-2.8	1.5	43.4705	-9.28603	0	0	
-28	-0.4	1.5	43.4862	-12.9391	0	0	
-28	2	1.5	43.9803	-12.7545	0	0	
-28	4.4	1.5	41.4704	-12.3699	0	0	
-28	6.8	1.5	43.8307	5.04459	0	0	
-28	9.2	1.5	42.7318	-3.96416	0	0	
-28	11.6	1.5	43.5011	-1.9721	0	0	
-28	14	1.5	40.6285	-28.6367	0	0	
-28	16.4	1.5	40.7596	-22.5354	0	0	
-28	18.8	1.5	42.0421	17.7681	0	0	
-28	21.2	1.5	20.1597	-25.6942	0	0	
-28	23.6	1.5	42.1117	-2.30559	0	0	
-28	26	1.5	22.3218	-21.1934	0	0	
-28	28.4	1.5	41.3267	1.06547	0	0	
-28	30.8	1.5	40.8126	10.7181	0	0	
-28	33.2	1.5	38.9696	12.6244	0	0	
-28	35.6	1.5	17.0169	-16.777	0	0	
-28	38	1.5	38.3087	-24.6088	0	0	
-28	40.4	1.5	15.9673	-25.5963	0	0	
-28	42.8	1.5	38.8877	-3.71439	0	0	
-28	45.2	1.5	38.4545	-5.91676	0	0	
-28	47.6	1.5	14.4639	-33.9665	0	0	
-28	50	1.5	36.9198	-28.7357	0	0	
-25.6	-70	1.5	35.6417	-31.8419	0	0	
-25.6	-67.6	1.5	34.9847	-34.53	0	0	
-25.6	-65.2	1.5	34.2571	-9.38026	0	0	
-25.6	-62.8	1.5	36.3269	-7.65823	0	0	
-25.6	-60.4	1.5	10.1914	-35.0294	0	0	
-25.6	-58	1.5	36.6141	-7.36098	0	0	
-25.6	-55.6	1.5	36.0217	-30.0346	0	0	
-25.6	-53.2	1.5	35.8937	-7.74471	0	0	
-25.6	-50.8	1.5	37.6858	-6.81388	0	0	
-25.6	-48.4	1.5	14.8726	-34.7222	0	0	
-25.6	-46	1.5	14.2852	-28.2513	0	0	
-25.6	-43.6	1.5	20.6347	-23.0108	0	0	
-25.6	-41.2	1.5	39.5126	-3.13717	0	0	
-25.6	-38.8	1.5	39.055	-2.97402	0	0	
-25.6	-36.4	1.5	37.1598	-17.6728	0	0	
-25.6	-34	1.5	20.5911	-19.2401	0	0	
-25.6	-31.6	1.5	40.0797	9.09275	0	0	
-25.6	-29.2	1.5	39.6107	-5.33223	0	0	
-25.6	-26.8	1.5	34.4097	-3.90984	0	0	
-25.6	-24.4	1.5	18.4671	-20.8885	0	0	
-25.6	-22	1.5	41.2666	-2.57362	0	0	
-25.6	-19.6	1.5	42.5083	2.49153	0	0	
-25.6	-17.2	1.5	40.6303	3.72332	0	0	
-25.6	-14.8	1.5	11.0786	-22.4579	0	0	
-25.6	-12.4	1.5	39.6258	-2.75627	0	0	
-25.6	-10	1.5	44.3124	-3.29173	0	0	
-25.6	-7.6	1.5	44.1056	2.75996	0	0	
-25.6	-5.2	1.5	44.9395	-1.01243	0	0	
-25.6	-2.8	1.5	44.799	-10.4908	0	0	
-25.6	-0.4	1.5	44.8151	-12.5863	0	0	
-25.6	2	1.5	45.0291	-10.9781	0	0	
-25.6	4.4	1.5	44.2922	-7.34738	0	0	
-25.6	6.8	1.5	44.2196	5.0485	0	0	
-25.6	9.2	1.5	44.6957	-1.13279	0	0	
-25.6	11.6	1.5	43.3467	-1.38178	0	0	
-25.6	14	1.5	43.6297	3.40226	0	0	
-25.6	16.4	1.5	43.0937	14.1791	0	0	
-25.6	18.8	1.5	42.6061	0.740447	0	0	
-25.6	21.2	1.5	22.1379	-22.4349	0	0	
-25.6	23.6	1.5	38.0258	-31.0964	0	0	
-25.6	26	1.5	39.5707	-21.9935	0	0	
-25.6	28.4	1.5	41.9497	1.98593	0	0	
-25.6	30.8	1.5	40.6344	4.1683	0	0	
-25.6	33.2	1.5	40.3974	7.63662	0	0	
-25.6	35.6	1.5	17.9782	-19.25	0	0	
-25.6	38	1.5	38.9389	-16.7523	0	0	
-25.6	40.4	1.5	18.6478	-22.7058	0	0	
-25.6	42.8	1.5	40.2501	-6.46183	0	0	
-25.6	45.2	1.5	37.2315	-2.7484	0	0	
-25.6	47.6	1.5	37.612	-26.1025	0	0	
-25.6	50	1.5	38.2555	-3.18212	0	0	
-23.2	-70	1.5	14.1783	-27.6969	0	0	
-23.2	-67.6	1.5	14.3087	-27.6946	0	0	
-23.2	-65.2	1.5	34.9587	-25.7428	0	0	
-23.2	-62.8	1.5	9.05477	-33.5133	0	0	
-23.2	-60.4	1.5	13.2336	-28.8786	0	0	
-23.2	-58	1.5	36.6377	-32.0733	0	0	
-23.2	-55.6	1.5	14.2176	-29.0137	0	0	
-23.2	-53.2	1.5	36.7875	-5.3382	0	0	
-23.2	-50.8	1.5	38.4449	-4.61818	0	0	
-23.2	-48.4	1.5	37.9975	-3.87312	0	0	
-23.2	-46	1.5	38.6826	-6.28752	0	0	
-23.2	-43.6	1.5	37.8939	-5.6198	0	0	
-23.2	-41.2	1.5	38.5475	-23.4038	0	0	
-23.2	-38.8	1.5	37.3113	-22.3413	0	0	
-23.2	-36.4	1.5	40.747	-0.868454	0	0	
-23.2	-34	1.5	38.8563	-15.6037	0	0	
-23.2	-31.6	1.5	17.0482	-20.7744	0	0	
-23.2	-29.2	1.5	15.8624	-18.9076	0	0	
-23.2	-26.8	1.5	41.7779	13.4671	0	0	
-23.2	-24.4	1.5	41.37	3.86511	0	0	
-23.2	-22	1.5	42.6365	1.40818	0	0	
-23.2	-19.6	1.5	43.6215	0.924744	0	0	
-23.2	-17.2	1.5	41.1894	-0.86257	0	0	
-23.2	-14.8	1.5	41.2669	-21.7527	0	0	
-23.2	-12.4	1.5	42.4851	-19.1151	0	0	
-23.2	-10	1.5	44.3549	-0.502591	0	0	
-23.2	-7.6	1.5	42.1944	-25.7586	0	0	
-23.2	-5.2	1.5	45.0453	3.28342	0	0	
-23.2	-2.8	1.5	45.2259	-7.62192	0	0	
-23.2	-0.4	1.5	41.2637	-8.5759	0	0	
-23.2	2	1.5	44.2584	-11.2204	0	0	
-23.2	4.4	1.5	42.7013	-30.6725	0	0	
-23.2	6.8	1.5	42.347	18.8331	0	0	
-23.2	9.2	1.5	44.9939	0.117112	0	0	
-23.2	11.6	1.5	44.3927	0.0378879	0	0	
-23.2	14	1.5	44.9246	22.9487	0	0	
-23.2	16.4	1.5	43.5751	4.72153	0	0	
-23.2	18.8	1.5	42.4433	-0.36056	0	0	
-23.2	21.2	1.5	43.0066	1.15581	0	0	
-23.2	23.6	1.5	21.71	-16.1841	0	0	
-23.2	26	1.5	42.7171	14.3548	0	0	
-23.2	28.4	1.5	39.3749	-1.04997	0	0	
-23.2	30.8	1.5	39.7066	1.26047	0	0	
-23.2	33.2	1.5	40.0966	-6.77309	0	0	
-23.2	35.6	1.5	40.4467	-1.54603	0	0	
-23.2	38	1.5	38.4765	-17.9647	0	0	
-23.2	40.4	1.5	39.2208	-4.53802	0	0	
-23.2	42.8	1.5	37.7741	-17.6604	0	0	
-23.2	45.2	1.5	38.9676	-5.10215	0	0	
-23.2	47.6	1.5	16.7127	-29.2098	0	0	
-23.2	50	1.5	15.125	-29.2622	0	0	
-20.8	-70	1.5	16.2197	-21.1975	0	0	
-20.8	-67.6	1.5	13.1265	-27.7944	0	0	
-20.8	-65.2	1.5	34.794	-26.7655	0	0	
-20.8	-62.8	1.5	36.2336	-26.4875	0	0	
-20.8	-60.4	1.5	37.8938	-3.6176	0	0	
-20.8	-58	1.5	36.4935	-5.9874	0	0	
-20.8	-55.6	1.5	36.8604	-4.56993	0	0	
-20.8	-53.2	1.5	38.2529	-4.01911	0	0	
-20.8	-50.8	1.5	17.7725	-25.9333	0	0	
-20.8	-48.4	1.5	37.3866	-27.5385	0	0	
-20.8	-46	1.5	38.1502	-0.878292	0	0	
-20.8	-43.6	1.5	39.3778	-4.60376	0	0	
-20.8	-41.2	1.5	37.0735	-26.6899	0	0	
-20.8	-38.8	1.5	39.9006	-2.30425	0	0	
-20.8	-36.4	1.5	41.13	-2.35302	0	0	
-20.8	-34	1.5	41.1437	-0.956147	0	0	
-20.8	-31.6	1.5	40.8949	0.6381	0	0	
-20.8	-29.2	1.5	40.8433	8.00685	0	0	
-20.8	-26.8	1.5	42.1695	10.4829	0	0	
-20.8	-24.4	1.5	41.5647	-3.51915	0	0	
-20.8	-22	1.5	43.2413	5.08725	0	0	
-20.8	-19.6	1.5	43.4211	3.70842	0	0	
-20.8	-17.2	1.5	43.7056	2.99466	0	0	
-20.8	-14.8	1.5	44.5415	9.04934	0	0	
-20.8	-12.4	1.5	42.7574	6.14664	0	0	
-20.8	-10	1.5	45.7119	4.74796	0	0	
-20.8	-7.6	1.5	45.645	-1.11877	0	0	
-20.8	-5.2	1.5	46.2559	7.12019	0	0	
-20.8	-2.8	1.5	45.2547	-1.92363	0	0	
-20.8	-0.4	1.5	46.7604	-6.41862	0	0	
-20.8	2	1.5	46.4899	-4.65053	0	0	
-20.8	4.4	1.5	45.7304	3.73155	0	0	
-20.8	6.8	1.5	46.6611	6.80123	0	0	
-20.8	9.2	1.5	45.5	5.26685	0	0	
-20.8	11.6	1.5	45.6478	7.92248	0	0	
-20.8	14	1.5	44.8846	11.9229	0	0	
-20.8	16.4	1.5	42.7653	0.571662	0	0	
-20.8	18.8	1.5	44.1112	1.49294	0	0	
-20.8	21.2	1.5	42.3133	1.71318	0	0	
-20.8	23.6	1.5	43.5852	13.0949	0	0	
-20.8	26	1.5	40.3547	-7.8837	0	0	
-20.8	28.4	1.5	41.9727	5.94613	0	0	
-20.8	30.8	1.5	40.3631	11.3191	0	0	
-20.8	33.2	1.5	41.4088	0.318094	0	0	
-20.8	35.6	1.5	40.6893	-2.10953	0	0	
-20.8	38	1.5	39.545	-3.91654	0	0	
-20.8	40.4	1.5	21.9784	-20.4889	0	0	
-20.8	42.8	1.5	38.1169	-26.2058	0	0	
-20.8	45.2	1.5	37.3985	-30.266	0	0	
-20.8	47.6	1.5	38.3564	-1.03726	0	0	
-20.8	50	1.5	15.7207	-35.6017	0	0	
-18.4	-70	1.5	35.9911	-31.7854	0	0	
-18.4	-67.6	1.5	14.6618	-25.5587	0	0	
-18.4	-65.2	1.5	33.0201	-7.88798	0	0	
-18.4	-62.8	1.5	35.5486	-26.508	0	0	
-18.4	-60.4	1.5	10.4002	-29.3201	0	0	
-18.4	-58	1.5	13.7303	-32.4425	0	0	
-18.4	-55.6	1.5	36.4056	-28.2042	0	0	
-18.4	-53.2	1.5	38.4486	-3.43137	0	0	
-18.4	-50.8	1.5	38.153	-3.87464	0	0	
-18.4	-48.4	1.5	38.6393	-3.85705	0	0	
-18.4	-46	1.5	39.6463	-2.34512	0	0	
-18.4	-43.6	1.5	37.9638	-22.6823	0	0	
-18.4	-41.2	1.5	40.0291	-4.9958	0	0	
-18.4	-38.8	1.5	37.8255	-6.48202	0	0	
-18.4	-36.4	1.5	22.2325	-21.9637	0	0	
-18.4	-34	1.5	40.6697	-1.28869	0	0	
-18.4	-31.6	1.5	40.8405	-1.88576	0	0	
-18.4	-29.2	1.5	41.311	3.42289	0	0	
-18.4	-26.8	1.5	41.5873	4.51292	0	0	
-18.4	-24.4	1.5	41.0313	-13.1884	0	0	
-18.4	-22	1.5	43.9455	23.201	0	0	
-18.4	-19.6	1.5	43.4947	8.13137	0	0	
-18.4	-17.2	1.5	43.3216	2.90322	0	0	
-18.4	-14.8	1.5	45.5679	4.03849	0	0	
-18.4	-12.4	1.5	46.3963	13.3318	0	0	
-18.4	-10	1.5	46.3841	10.667	0	0	
-18.4	-7.6	1.5	46.377	6.55796	0	0	
-18.4	-5.2	1.5	47.2397	19.5459	0	0	
-18.4	-2.8	1.5	46.0295	5.72517	0	0	
-18.4	-0.4	1.5	46.3125	-4.17248	0	0	
-18.4	2	1.5	46.444	0.232417	0	0	
-18.4	4.4	1.5	44.0218	10.9731	0	0	
-18.4	6.8	1.5	46.3623	8.4416	0	0	
-18.4	9.2	1.5	46.2891	8.64228	0	0	
-18.4	11.6	1.5	46.7079	23.5649	0	0	
-18.4	14	1.5	45.2989	8.04306	0	0	
-18.4	16.4	1.5	45.4587	2.53198	0	0	
-18.4	18.8	1.5	45.5888	5.3286	0	0	
-18.4	21.2	1.5	43.596	8.21713	0	0	
-18.4	23.6	1.5	42.195	6.18846	0	0	
-18.4	26	1.5	42.7845	8.26679	0	0	
-18.4	28.4	1.5	42.8189	3.72073	0	0	
-18.4	30.8	1.5	42.2078	-0.58511	0	0	
-18.4	33.2	1.5	40.6743	-2.29199	0	0	
-18.4	35.6	1.5	40.5207	-3.05582	0	0	
-18.4	38	1.5	38.2792	-5.09312	0	0	
-18.4	40.4	1.5	39.9609	-4.63336	0	0	
-18.4	42.8	1.5	37.1768	-5.46465	0	0	
-18.4	45.2	1.5	40.5823	-3.36475	0	0	
-18.4	47.6	1.5	39.3672	-1.31633	0	0	
-18.4	50	1.5	15.7533	-26.0031	0	0	
-16	-70	1.5	36.8825	-25.0084	0	0	
-16	-67.6	1.5	36.5521	-19.8767	0	0	
-16	-65.2	1.5	32.6765	-33.6284	0	0	
-16	-62.8	1.5	15.6641	-22.0194	0	0	
-16	-60.4	1.5	11.3814	-30.0241	0	0	
-16	-58	1.5	12.473	-25.1297	0	0	
-16	-55.6	1.5	37.4181	-2.89342	0	0	
-16	-53.2	1.5	16.9242	-28.077	0	0	
-16	-50.8	1.5	38.7393	-1.87328	0	0	
-16	-48.4	1.5	40.0814	-0.0513067	0	0	
-16	-46	1.5	39.748	-2.39719	0	0	
-16	-43.6	1.5	39.2737	0.368634	0	0	
-16	-41.2	1.5	22.0064	-21.4026	0	0	
-16	-38.8	1.5	40.7122	0.866278	0	0	
-16	-36.4	1.5	41.1153	-1.43563	0	0	
-16	-34	1.5	41.0307	-1.43999	0	0	
-16	-31.6	1.5	41.9282	-0.29435	0	0	
-16	-29.2	1.5	42.8189	2.08091	0	0	
-16	-26.8	1.5	43.3721	1.88744	0	0	
-16	-24.4	1.5	44.0646	8.04033	0	0	
-16	-22	1.5	44.6826	14.8255	0	0	
-16	-19.6	1.5	43.0798	-14.6758	0	0	
-16	-17.2	1.5	43.5043	7.76548	0	0	
-16	-14.8	1.5	45.3016	8.39174	0	0	
-16	-12.4	1.5	46.8508	13.1565	0	0	
-16	-10	1.5	47.3059	17.9431	0	0	
-16	-7.6	1.5	47.2796	8.20303	0	0	
-16	-5.2	1.5	44.9004	12.2101	0	0	
-16	-2.8	1.5	44.5709	5.17299	0	0	
-16	-0.4	1.5	48.2231	6.81996	0	0	
-16	2	1.5	48.5132	10.3658	0	0	
-16	4.4	1.5	47.7855	19.7024	0	0	
-16	6.8	1.5	47.962	11.8661	0	0	
-16	9.2	1.5	47.4457	21.4704	0	0	
-16	11.6	1.5	47.0738	20.6749	0	0	
-16	14	1.5	45.812	3.78798	0	0	
-16	16.4	1.5	46.2095	23.1275	0	0	
-16	18.8	1.5	44.4446	10.464	0	0	
-16	21.2	1.5	43.732	22.7508	0	0	
-16	23.6	1.5	44.782	8.18324	0	0	
-16	26	1.5	43.1861	2.39169	0	0	
-16	28.4	1.5	41.6777	-0.35072	0	0	
-16	30.8	1.5	38.5515	-5.97066	0	0	
-16	33.2	1.5	43.0244	0.0854202	0	0	
-16	35.6	1.5	21.6544	-21.7297	0	0	
-16	38	1.5	41.0439	-1.71801	0	0	
-16	40.4	1.5	38.4781	-0.71981	0	0	
-16	42.8	1.5	39.6472	-25.3825	0	0	
-16	45.2	1.5	38.5432	-23.3966	0	0	
-16	47.6	1.5	39.3791	-2.14036	0	0	
-16	50	1.5	13.5341	-22.417	0	0	
-13.6	-70	1.5	35.3752	3.23157	0	0	
-13.6	-67.6	1.5	35.6779	9.83222	0	0	
-13.6	-65.2	1.5	35.3875	-2.87551	0	0	
-13.6	-62.8	1.5	13.867	-22.3786	0	0	
-13.6	-60.4	1.5	15.6489	-21.7659	0	0	
-13.6	-58	1.5	37.3653	0.447527	0	0	
-13.6	-55.6	1.5	39.2621	-7.69015	0	0	
-13.6	-53.2	1.5	18.5141	-20.3151	0	0	
-13.6	-50.8	1.5	39.0376	-0.670085	0	0	
-13.6	-48.4	1.5	38.9156	-22.1301	0	0	
-13.6	-46	1.5	37.0958	-24.4132	0	0	
-13.6	-43.6	1.5	38.0269	-2.29408	0	0	
-13.6	-41.2	1.5	41.1154	0.720633	0	0	
-13.6	-38.8	1.5	40.2578	-20.7686	0	0	
-13.6	-36.4	1.5	40.4035	-20.2789	0	0	
-13.6	-34	1.5	41.986	-0.14074	0	0	
-13.6	-31.6	1.5	43.2631	1.29946	0	0	
-13.6	-29.2	1.5	43.3198	4.5789	0	0	
-13.6	-26.8	1.5	23.3027	-18.3838	0	0	
-13.6	-24.4	1.5	42.6634	1.39173	0	0	
-13.6	-22	1.5	45.1575	8.98005	0	0	
-13.6	-19.6	1.5	44.9963	17.2636	0	0	
-13.6	-17.2	1.5	47.0997	17.9232	0	0	
-13.6	-14.8	1.5	46.7697	10.6445	0	0	
-13.6	-12.4	1.5	47.6415	14.2179	0	0	
-13.6	-10	1.5	47.9862	27.8615	0	0	
-13.6	-7.6	1.5	47.0726	34.556	0	0	
-13.6	-5.2	1.5	47.8291	28.2093	0	0	
-13.6	-2.8	1.5	49.4291	34.1796	0	0	
-13.6	-0.4	1.5	49.7248	7.28329	0	0	
-13.6	2	1.5	49.4051	16.1315	0	0	
-13.6	4.4	1.5	49.3208	16.6448	0	0	
-13.6	6.8	1.5	43.4489	24.6772	0	0	
-13.6	9.2	1.5	48.5093	26.8867	0	0	
-13.6	11.6	1.5	47.2701	15.4993	0	0	
-13.6	14	1.5	47.0885	17.8325	0	0	
-13.6	16.4	1.5	46.2614	12.1649	0	0	
-13.6	18.8	1.5	43.6745	-6.3608	0	0	
-13.6	21.2	1.5	44.9114	12.6076	0	0	
-13.6	23.6	1.5	42.2438	-14.2741	0	0	
-13.6	26	1.5	43.7982	2.62977	0	0	
-13.6	28.4	1.5	42.4594	2.31306	0	0	
-13.6	30.8	1.5	41.6396	3.48027	0	0	
-13.6	33.2	1.5	38.5994	-19.6995	0	0	
-13.6	35.6	1.5	38.9563	-18.5049	0	0	
-13.6	38	1.5	19.6562	-22.3657	0	0	
-13.6	40.4	1.5	40.1972	-27.3339	0	0	
-13.6	42.8	1.5	40.6258	0.323638	0	0	
-13.6	45.2	1.5	38.6158	-2.90677	0	0	
-13.6	47.6	1.5	37.7113	-20.1954	0	0	
-13.6	50	1.5	20.5296	-18.4272	0	0	
-11.2	-70	1.5	35.841	-0.780275	0	0	
-11.2	-67.6	1.5	35.7099	-19.2692	0	0	
-11.2	-65.2	1.5	36.1971	1.92349	0	0	
-11.2	-62.8	1.5	23.1964	-21.173	0	0	
-11.2	-60.4	1.5	37.0595	-22.2571	0	0	
-11.2	-58	1.5	19.2428	-15.9735	0	0	
-11.2	-55.6	1.5	16.1551	-23.8313	0	0	
-11.2	-53.2	1.5	38.0986	2.81466	0	0	
-11.2	-50.8	1.5	38.1803	-20.4566	0	0	
-11.2	-48.4	1.5	38.879	3.41107	0	0	
-11.2	-46	1.5	38.8882	2.38851	0	0	
-11.2	-43.6	1.5	40.6746	5.79823	0	0	
-11.2	-41.2	1.5	40.409	-1.03107	0	0	
-11.2	-38.8	1.5	40.6939	7.72977	0	0	
-11.2	-36.4	1.5	39.1138	-1.10566	0	0	
-11.2	-34	1.5	42.3031	4.66826	0	0	
-11.2	-31.6	1.5	42.5857	1.68105	0	0	
-11.2	-29.2	1.5	42.912	0.129364	0	0	
-11.2	-26.8	1.5	42.8702	0.334027	0	0	
-11.2	-24.4	1.5	44.1551	3.63189	0	0	
-11.2	-22	1.5	44.4947	5.85209	0	0	
-11.2	-19.6	1.5	43.3899	8.05162	0	0	
-11.2	-17.2	1.5	45.9392	21.4861	0	0	
-11.2	-14.8	1.5	45.992	23.7192	0	0	
-11.2	-12.4	1.5	48.6199	23.9309	0	0	
-11.2	-10	1.5	48.736	20.1127	0	0	
-11.2	-7.6	1.5	48.6532	18.5052	0	0	
-11.2	-5.2	1.5	49.9617	16.3846	0	0	
-11.2	-2.8	1.5	50.179	12.5335	0	0	
-11.2	-0.4	1.5	47.9126	0.177318	0	0	
-11.2	2	1.5	50.7099	6.52308	0	0	
-11.2	4.4	1.5	50.7056	18.4485	0	0	
-11.2	6.8	1.5	49.6514	18.2451	0	0	
-11.2	9.2	1.5	44.3401	18.7856	0	0	
-11.2	11.6	1.5	48.5757	26.6946	0	0	
-11.2	14	1.5	44.4988	17.8514	0	0	
-11.2	16.4	1.5	46.4249	31.8176	0	0	
-11.2	18.8	1.5	45.6813	11.7682	0	0	
-11.2	21.2	1.5	43.8675	-10.645	0	0	
-11.2	23.6	1.5	43.1991	-9.56748	0	0	
-11.2	26	1.5	43.95	3.06594	0	0	
-11.2	28.4	1.5	44.0274	2.3985	0	0	
-11.2	30.8	1.5	42.9841	2.6424	0	0	
-11.2	33.2	1.5	42.2544	6.59049	0	0	
-11.2	35.6	1.5	39.827	-22.4774	0	0	
-11.2	38	1.5	41.5223	-1.16307	0	0	
-11.2	40.4	1.5	40.1081	-19.3102	0	0	
-11.2	42.8	1.5	39.8494	0.0954454	0	0	
-11.2	45.2	1.5	18.4708	-12.4246	0	0	
-11.2	47.6	1.5	36.9432	-21.2879	0	0	
-11.2	50	1.5	18.8794	-16.5418	0	0	
-8.8	-70	1.5	10.3942	-20.0033	0	0	
-8.8	-67.6	1.5	34.7352	2.00123	0	0	
-8.8	-65.2	1.5	36.2601	4.92942	0	0	
-8.8	-62.8	1.5	35.38	-23.8766	0	0	
-8.8	-60.4	1.5	36.8777	-27.4681	0	0	
-8.8	-58	1.5	38.317	5.14119	0	0	
-8.8	-55.6	1.5	37.8759	3.03452	0	0	
-8.8	-53.2	1.5	18.8768	-17.4599	0	0	
-8.8	-50.8	1.5	39.0702	4.01115	0	0	
-8.8	-48.4	1.5	19.8633	-14.2453	0	0	
-8.8	-46	1.5	39.13	-1.74393	0	0	
-8.8	-43.6	1.5	38.24	1.2013	0	0	
-8.8	-41.2	1.5	39.1801	-15.5454	0	0	
-8.8	-38.8	1.5	40.719	2.37215	0	0	
-8.8	-36.4	1.5	40.6192	-19.8657	0	0	
-8.8	-34	1.5	42.1781	3.16376	0	0	
-8.8	-31.6	1.5	42.4317	2.4068	0	0	
-8.8	-29.2	1.5	42.1938	1.9821	0	0	
-8.8	-26.8	1.5	42.96	-0.343016	0	0	
-8.8	-24.4	1.5	43.771	7.28723	0	0	
-8.8	-22	1.5	44.7248	6.8657	0	0	
-8.8	-19.6	1.5	45.2792	9.05806	0	0	
-8.8	-17.2	1.5	45.8984	13.5618	0	0	
-8.8	-14.8	1.5	45.5839	24.4384	0	0	
-8.8	-12.4	1.5	47.945	24.4686	0	0	
-8.8	-10	1.5	49.6976	19.2788	0	0	
-8.8	-7.6	1.5	51.005	27.9303	0	0	
-8.8	-5.2	1.5	50.7564	15.2332	0	0	
-8.8	-2.8	1.5	51.98	19.2178	0	0	
-8.8	-0.4	1.5	47.2933	-5.66478	0	0	
-8.8	2	1.5	49.5868	3.54753	0	0	
-8.8	4.4	1.5	51.7313	12.8519	0	0	
-8.8	6.8	1.5	51.4019	30.0035	0	0	
-8.8	9.2	1.5	50.4965	35.6567	0	0	
-8.8	11.6	1.5	48.4537	34.117	0	0	
-8.8	14	1.5	48.1287	23.1387	0	0	
-8.8	16.4	1.5	46.5804	19.7795	0	0	
-8.8	18.8	1.5	46.911	12.5345	0	0	
-8.8	21.2	1.5	43.6548	16.9683	0	0	
-8.8	23.6	1.5	46.826	7.12411	0	0	
-8.8	26	1.5	26.5728	-12.5255	0	0	
-8.8	28.4	1.5	43.8908	6.19002	0	0	
-8.8	30.8	1.5	44.2666	4.97218	0	0	
-8.8	33.2	1.5	41.3526	2.45268	0	0	
-8.8	35.6	1.5	40.6183	2.46254	0	0	
-8.8	38	1.5	41.1201	5.02939	0	0	
-8.8	40.4	1.5	38.8081	-18.9723	0	0	
-8.8	42.8	1.5	41.3244	4.74694	0	0	
-8.8	45.2	1.5	40.8888	4.52904	0	0	
-8.8	47.6	1.5	12.8655	-22.3844	0	0	
-8.8	50	1.5	18.872	-16.6262	0	0	
-6.4	-70	1.5	35.1142	3.68009	0	0	
-6.4	-67.6	1.5	35.3953	-11.7822	0	0	
-6.4	-65.2	1.5	35.0056	-14.5126	0	0	
-6.4	-62.8	1.5	16.7691	-14.7315	0	0	
-6.4	-60.4	1.5	18.0852	0.0826493	0	0	
-6.4	-58	1.5	19.8524	-17.5469	0	0	
-6.4	-55.6	1.5	15.5596	-13.6965	0	0	
-6.4	-53.2	1.5	38.327	-15.7141	0	0	
-6.4	-50.8	1.5	39.2477	5.89369	0	0	
-6.4	-48.4	1.5	40.3654	8.10732	0	0	
-6.4	-46	1.5	17.9809	-19.0123	0	0	
-6.4	-43.6	1.5	37.4362	7.58603	0	0	
-6.4	-41.2	1.5	22.7181	-17.5026	0	0	
-6.4	-38.8	1.5	40.8321	-18.4737	0	0	
-6.4	-36.4	1.5	23.5735	-11.2041	0	0	
-6.4	-34	1.5	43.0892	6.80575	0	0	
-6.4	-31.6	1.5	41.3512	2.97288	0	0	
-6.4	-29.2	1.5	44.722	6.81381	0	0	
-6.4	-26.8	1.5	44.2338	5.59652	0	0	
-6.4	-24.4	1.5	44.3043	9.9562	0	0	
-6.4	-22	1.5	43.3254	-2.0181	0	0	
-6.4	-19.6	1.5	45.6728	10.4842	0	0	
-6.4	-17.2	1.5	47.7627	22.0502	0	0	
-6.4	-14.8	1.5	47.8477	24.1429	0	0	
-6.4	-12.4	1.5	50.017	32.5364	0	0	
-6.4	-10	1.5	50.1861	21.9956	0	0	
-6.4	-7.6	1.5	51.2079	17.5255	0	0	
-6.4	-5.2	1.5	52.1019	15.4219	0	0	
-6.4	-2.8	1.5	52.4416	32.495	0	0	
-6.4	-0.4	1.5	52.354	0.637894	0	0	
-6.4	2	1.5	53.1369	12.577	0	0	
-6.4	4.4	1.5	51.6266	11.1566	0	0	
-6.4	6.8	1.5	50.808	22.4245	0	0	
-6.4	9.2	1.5	49.763	19.4808	0	0	
-6.4	11.6	1.5	50.2771	42.1568	0	0	
-6.4	14	1.5	48.8399	37.4161	0	0	
-6.4	16.4	1.5	47.9597	18.4443	0	0	
-6.4	18.8	1.5	46.5354	11.9229	0	0	
-6.4	21.2	1.5	45.7273	12.889	0	0	
-6.4	23.6	1.5	44.8865	8.60811	0	0	
-6.4	26	1.5	42.3557	-11.964	0	0	
-6.4	28.4	1.5	42.6637	-21.3482	0	0	
-6.4	30.8	1.5	42.3574	5.0099	0	0	
-6.4	33.2	1.5	42.1593	4.34362	0	0	
-6.4	35.6	1.5	20.6427	-14.0802	0	0	
-6.4	38	1.5	41.0747	5.29724	0	0	
-6.4	40.4	1.5	40.8118	13.6488	0	0	
-6.4	42.8	1.5	40.5832	11.4558	0	0	
-6.4	45.2	1.5	38.7695	-15.6032	0	0	
-6.4	47.6	1.5	37.8422	5.63512	0	0	
-6.4	50	1.5	18.6856	-18.6034	0	0	
-4	-70	1.5	34.9181	-22.4264	0	0	
-4	-67.6	1.5	11.5802	-15.4689	0	0	
-4	-65.2	1.5	35.4498	-17.4133	0	0	
-4	-62.8	1.5	36.5055	-9.58332	0	0	
-4	-60.4	1.5	15.4358	-13.2109	0	0	
-4	-58	1.5	17.6519	-10.3822	0	0	
-4	-55.6	1.5	38.1387	10.4819	0	0	
-4	-53.2	1.5	20.4449	-15.5771	0	0	
-4	-50.8	1.5	16.2086	-9.80533	0	0	
-4	-48.4	1.5	39.8386	9.46128	0	0	
-4	-46	1.5	39.6118	14.149	0	0	
-4	-43.6	1.5	39.7567	3.43983	0	0	
-4	-41.2	1.5	39.6887	-1.42326	0	0	
-4	-38.8	1.5	39.5988	-19.1215	0	0	
-4	-36.4	1.5	38.4037	8.47751	0	0	
-4	-34	1.5	41.8581	-14.9928	0	0	
-4	-31.6	1.5	42.6485	-16.0526	0	0	
-4	-29.2	1.5	42.7002	6.34348	0	0	
-4	-26.8	1.5	27.0218	-11.0007	0	0	
-4	-24.4	1.5	44.5906	10.8639	0	0	
-4	-22	1.5	45.1521	9.9356	0	0	
-4	-19.6	1.5	46.1639	11.1421	0	0	
-4	-17.2	1.5	46.5838	19.355	0	0	
-4	-14.8	1.5	49.3642	26.0038	0	0	
-4	-12.4	1.5	49.3497	27.0269	0	0	
-4	-10	1.5	50.8451	29.6065	0	0	
-4	-7.6	1.5	48.6933	12.3298	0	0	
-4	-5.2	1.5	52.6428	25.712	0	0	
-4	-2.8	1.5	54.1454	23.4757	0	0	
-4	-0.4	1.5	54.7614	7.75202	0	0	
-4	2	1.5	54.8652	21.0913	0	0	
-4	4.4	1.5	53.2875	19.222	0	0	
-4	6.8	1.5	51.0012	16.1458	0	0	
-4	9.2	1.5	52.8463	34.99	0	0	
-4	11.6	1.5	49.8595	27.907	0	0	
-4	14	1.5	49.1773	35.0567	0	0	
-4	16.4	1.5	48.0461	24.9078	0	0	
-4	18.8	1.5	48.2553	16.7622	0	0	
-4	21.2	1.5	45.5908	12.5735	0	0	
-4	23.6	1.5	44.1489	7.29051	0	0	
-4	26	1.5	43.7689	10.2052	0	0	
-4	28.4	1.5	43.8696	25.0779	0	0	
-4	30.8	1.5	43.1005	5.86649	0	0	
-4	33.2	1.5	42.3196	6.12733	0	0	
-4	35.6	1.5	40.8998	-9.80851	0	0	
-4	38	1.5	41.3482	5.65222	0	0	
-4	40.4	1.5	40.0805	9.0232	0	0	
-4	42.8	1.5	40.308	4.56702	0	0	
-4	45.2	1.5	39.1829	-14.2644	0	0	
-4	47.6	1.5	40.2227	15.3394	0	0	
-4	50	1.5	38.2057	-16.5203	0	0	
-1.6	-70	1.5	35.5098	-21.8009	0	0	
-1.6	-67.6	1.5	36.8992	4.39465	0	0	
-1.6	-65.2	1.5	36.9152	5.65868	0	0	
-1.6	-62.8	1.5	37.1077	9.22334	0	0	
-1.6	-60.4	1.5	37.9903	16.8351	0	0	
-1.6	-58	1.5	37.7293	-15.7657	0	0	
-1.6	-55.6	1.5	38.7357	11.6436	0	0	
-1.6	-53.2	1.5	38.2122	-26.3105	0	0	
-1.6	-50.8	1.5	38.3816	6.33873	0	0	
-1.6	-48.4	1.5	38.241	-15.2159	0	0	
-1.6	-46	1.5	39.5271	-13.9742	0	0	
-1.6	-43.6	1.5	39.2256	10.4347	0	0	
-1.6	-41.2	1.5	21.134	-4.07052	0	0	
-1.6	-38.8	1.5	41.7437	3.17194	0	0	
-1.6	-36.4	1.5	41.0257	8.19881	0	0	
-1.6	-34	1.5	42.5644	8.88511	0	0	
-1.6	-31.6	1.5	42.9866	9.38074	0	0	
-1.6	-29.2	1.5	43.361	7.92416	0	0	
-1.6	-26.8	1.5	44.6696	-16.2731	0	0	
-1.6	-24.4	1.5	44.3089	8.95738	0	0	
-1.6	-22	1.5	45.2499	-6.07436	0	0	
-1.6	-19.6	1.5	46.3871	14.1532	0	0	
-1.6	-17.2	1.5	46.1968	16.2235	0	0	
-1.6	-14.8	1.5	48.8802	35.4257	0	0	
-1.6	-12.4	1.5	50.1284	24.4783	0	0	
-1.6	-10	1.5	51.0318	45.9392	0	0	
-1.6	-7.6	1.5	52.0816	17.469	0	0	
-1.6	-5.2	1.5	51.9397	26.691	0	0	
-1.6	-2.8	1.5	53.9697	26.6899	0	0	
-1.6	-0.4	1.5	55.5047	17.6284	0	0	
-1.6	2	1.5	54.8632	21.1755	0	0	
-1.6	4.4	1.5	54.1056	23.1312	0	0	
-1.6	6.8	1.5	53.0688	15.2816	0	0	
-1.6	9.2	1.5	51.5599	27.9539	0	0	
-1.6	11.6	1.5	51.0155	28.7293	0	0	
-1.6	14	1.5	48.7826	13.2809	0	0	
-1.6	16.4	1.5	48.8833	26.8383	0	0	
-1.6	18.8	1.5	46.5106	14.4426	0	0	
-1.6	21.2	1.5	46.028	14.1037	0	0	
-1.6	23.6	1.5	45.9047	10.5701	0	0	
-1.6	26	1.5	44.4405	8.14204	0	0	
-1.6	28.4	1.5	43.1759	5.62733	0	0	
-1.6	30.8	1.5	42.8911	11.3578	0	0	
-1.6	33.2	1.5	41.9562	7.48434	0	0	
-1.6	35.6	1.5	19.5238	-15.9005	0	0	
-1.6	38	1.5	25.9095	-23.0159	0	0	
-1.6	40.4	1.5	41.054	10.3821	0	0	
-1.6	42.8	1.5	40.4802	2.04537	0	0	
-1.6	45.2	1.5	36.6896	6.61408	0	0	
-1.6	47.6	1.5	20.0817	-10.5767	0	0	
-1.6	50	1.5	39.7385	8.41428	0	0	
0.8	-70	1.5	35.7837	9.15101	0	0	
0.8	-67.6	1.5	33.5295	5.37414	0	0	
0.8	-65.2	1.5	35.1777	-14.0823	0	0	
0.8	-62.8	1.5	36.9579	3.43902	0	0	
0.8	-60.4	1.5	35.7368	6.86319	0	0	
0.8	-58	1.5	38.2882	8.27645	0	0	
0.8	-55.6	1.5	37.6284	7.49227	0	0	
0.8	-53.2	1.5	39.3778	14.3594	0	0	
0.8	-50.8	1.5	17.3738	-20.9644	0	0	
0.8	-48.4	1.5	17.2268	-11.205	0	0	
0.8	-46	1.5	21.0881	-12.4354	0	0	
0.8	-43.6	1.5	40.1742	11.3541	0	0	
0.8	-41.2	1.5	40.429	5.77908	0	0	
0.8	-38.8	1.5	40.5276	15.2361	0	0	
0.8	-36.4	1.5	40.2643	-2.81685	0	0	
0.8	-34	1.5	41.286	13.0914	0	0	
0.8	-31.6	1.5	43.1524	10.1335	0	0	
0.8	-29.2	1.5	43.8819	8.29947	0	0	
0.8	-26.8	1.5	44.6582	10.9799	0	0	
0.8	-24.4	1.5	44.4493	10.5713	0	0	
0.8	-22	1.5	45.7746	11.351	0	0	
0.8	-19.6	1.5	45.4688	-3.53311	0	0	
0.8	-17.2	1.5	46.8437	14.7566	0	0	
0.8	-14.8	1.5	48.7685	12.692	0	0	
0.8	-12.4	1.5	49.5511	23.3613	0	0	
0.8	-10	1.5	51.2158	31.2403	0	0	
0.8	-7.6	1.5	50.0175	12.5251	0	0	
0.8	-5.2	1.5	52.3492	32.0065	0	0	
0.8	-2.8	1.5	54.9522	27.0945	0	0	
0.8	-0.4	1.5	56.0703	28.1761	0	0	
0.8	2	1.5	50.7864	22.8305	0	0	
0.8	4.4	1.5	53.4936	24.6439	0	0	
0.8	6.8	1.5	52.2012	16.007	0	0	
0.8	9.2	1.5	51.5523	36.1774	0	0	
0.8	11.6	1.5	47.4082	21.6762	0	0	
0.8	14	1.5	48.444	22.0584	0	0	
0.8	16.4	1.5	47.9291	21.1802	0	0	
0.8	18.8	1.5	47.5344	16.9701	0	0	
0.8	21.2	1.5	46.2096	13.0892	0	0	
0.8	23.6	1.5	45.0121	11.0393	0	0	
0.8	26	1.5	45.0086	9.13789	0	0	
0.8	28.4	1.5	44.5588	10.7428	0	0	
0.8	30.8	1.5	43.4529	9.78795	0	0	
0.8	33.2	1.5	41.2911	-10.1769	0	0	
0.8	35.6	1.5	42.6634	8.58383	0	0	
0.8	38	1.5	22.5529	-10.2495	0	0	
0.8	40.4	1.5	24.4261	-10.4573	0	0	
0.8	42.8	1.5	40.1841	9.16006	0	0	
0.8	45.2	1.5	40.2486	10.5564	0	0	
0.8	47.6	1.5	39.3323	7.41046	0	0	
0.8	50	1.5	38.8043	-15.8927	0	0	
3.2	-70	1.5	37.1177	8.80239	0	0	
3.2	-67.6	1.5	36.3852	4.69823	0	0	
3.2	-65.2	1.5	15.9427	-11.4765	0	0	
3.2	-62.8	1.5	36.5212	7.16143	0	0	
3.2	-60.4	1.5	36.2627	4.83631	0	0	
3.2	-58	1.5	38.7747	5.55478	0	0	
3.2	-55.6	1.5	37.8633	6.32358	0	0	
3.2	-53.2	1.5	40.2399	13.2376	0	0	
3.2	-50.8	1.5	40.9255	-9.93639	0	0	
3.2	-48.4	1.5	39.4792	8.49327	0	0	
3.2	-46	1.5	39.4757	-13.5154	0	0	
3.2	-43.6	1.5	41.1898	10.3438	0	0	
3.2	-41.2	1.5	42.0818	19.6138	0	0	
3.2	-38.8	1.5	40.1767	-14.6975	0	0	
3.2	-36.4	1.5	42.331	10.5815	0	0	
3.2	-34	1.5	42.4253	5.19569	0	0	
3.2	-31.6	1.5	42.3166	-13.5989	0	0	
3.2	-29.2	1.5	43.5835	6.89687	0	0	
3.2	-26.8	1.5	44.4504	8.16655	0	0	
3.2	-24.4	1.5	44.6316	5.94528	0	0	
3.2	-22	1.5	46.9081	14.5269	0	0	
3.2	-19.6	1.5	45.0855	12.0923	0	0	
3.2	-17.2	1.5	47.3638	17.6289	0	0	
3.2	-14.8	1.5	48.578	31.2774	0	0	
3.2	-12.4	1.5	50.0251	32.185	0	0	
3.2	-10	1.5	49.8144	19.0105	0	0	
3.2	-7.6	1.5	52.4232	16.203	0	0	
3.2	-5.2	1.5	51.9968	29.8025	0	0	
3.2	-2.8	1.5	52.3512	16.1071	0	0	
3.2	-0.4	1.5	54.619	10.9695	0	0	
3.2	2	1.5	55.059	23.5255	0	0	
3.2	4.4	1.5	53.7022	19.6868	0	0	
3.2	6.8	1.5	51.9212	15.993	0	0	
3.2	9.2	1.5	50.5471	23.2895	0	0	
3.2	11.6	1.5	50.3909	36.3509	0	0	
3.2	14	1.5	49.0276	25.3916	0	0	
3.2	16.4	1.5	46.9241	25.2623	0	0	
3.2	18.8	1.5	47.7521	5.84706	0	0	
3.2	21.2	1.5	46.3976	11.3006	0	0	
3.2	23.6	1.5	45.5154	-9.96603	0	0	
3.2	26	1.5	44.7112	17.8915	0	0	
3.2	28.4	1.5	44.0567	-10.5521	0	0	
3.2	30.8	1.5	39.7478	-13.7238	0	0	
3.2	33.2	1.5	43.4004	9.85632	0	0	
3.2	35.6	1.5	42.1131	9.53175	0	0	
3.2	38	1.5	15.1134	-20.9928	0	0	
3.2	40.4	1.5	19.6205	-13.9532	0	0	
3.2	42.8	1.5	40.5005	-17.1238	0	0	
3.2	45.2	1.5	41.3146	10.756	0	0	
3.2	47.6	1.5	38.9613	6.37405	0	0	
3.2	50	1.5	19.7468	-12.9232	0	0	
5.6	-70	1.5	13.0794	-16.3449	0	0	
5.6	-67.6	1.5	36.4022	2.25524	0	0	
5.6	-65.2	1.5	36.8427	2.60467	0	0	
5.6	-62.8	1.5	37.1141	3.91513	0	0	
5.6	-60.4	1.5	37.5119	22.9532	0	0	
5.6	-58	1.5	18.3985	-16.9833	0	0	
5.6	-55.6	1.5	39.6028	7.29823	0	0	
5.6	-53.2	1.5	38.1283	20.9201	0	0	
5.6	-50.8	1.5	39.3613	8.11484	0	0	
5.6	-48.4	1.5	17.3256	-20.5468	0	0	
5.6	-46	1.5	39.221	7.30346	0	0	
5.6	-43.6	1.5	39.0476	4.69389	0	0	
5.6	-41.2	1.5	40.8935	-14.9494	0	0	
5.6	-38.8	1.5	41.6666	7.00962	0	0	
5.6	-36.4	1.5	42.5578	5.90606	0	0	
5.6	-34	1.5	41.6007	-7.7271	0	0	
5.6	-31.6	1.5	21.9822	-15.7034	0	0	
5.6	-29.2	1.5	30.1329	-5.93842	0	0	
5.6	-26.8	1.5	43.9937	-15.6728	0	0	
5.6	-24.4	1.5	45.4068	6.69095	0	0	
5.6	-22	1.5	45.8247	-8.83515	0	0	
5.6	-19.6	1.5	45.9941	2.5048	0	0	
5.6	-17.2	1.5	47.8352	16.1397	0	0	
5.6	-14.8	1.5	48.7138	32.8398	0	0	
5.6	-12.4	1.5	48.4997	21.9308	0	0	
5.6	-10	1.5	51.1918	25.1446	0	0	
5.6	-7.6	1.5	52.208	10.9878	0	0	
5.6	-5.2	1.5	53.0942	27.4454	0	0	
5.6	-2.8	1.5	54.1877	21.7693	0	0	
5.6	-0.4	1.5	54.0261	1.77459	0	0	
5.6	2	1.5	53.4249	11.8693	0	0	
5.6	4.4	1.5	53.6361	13.4535	0	0	
5.6	6.8	1.5	52.5219	18.2392	0	0	
5.6	9.2	1.5	51.5063	18.5672	0	0	
5.6	11.6	1.5	52.1798	24.0076	0	0	
5.6	14	1.5	48.7159	33.5608	0	0	
5.6	16.4	1.5	47.96	25.4298	0	0	
5.6	18.8	1.5	46.9687	10.5394	0	0	
5.6	21.2	1.5	46.4194	7.51145	0	0	
5.6	23.6	1.5	45.7112	18.1461	0	0	
5.6	26	1.5	42.9306	4.46959	0	0	
5.6	28.4	1.5	44.1799	7.10753	0	0	
5.6	30.8	1.5	43.1217	6.65409	0	0	
5.6	33.2	1.5	42.805	6.25101	0	0	
5.6	35.6	1.5	41.8121	-14.8294	0	0	
5.6	38	1.5	41.6109	5.76605	0	0	
5.6	40.4	1.5	40.5675	-0.209069	0	0	
5.6	42.8	1.5	40.1675	-12.5351	0	0	
5.6	45.2	1.5	40.169	5.62703	0	0	
5.6	47.6	1.5	38.6182	-15.9361	0	0	
5.6	50	1.5	38.4679	-10.1615	0	0	
8	-70	1.5	36.3456	4.44558	0	0	
8	-67.6	1.5	35.2916	5.90643	0	0	
8	-65.2	1.5	36.7787	-9.92016	0	0	
8	-62.8	1.5	37.5502	-17.6656	0	0	
8	-60.4	1.5	37.264	4.86553	0	0	
8	-58	1.5	39.1445	9.40946	0	0	
8	-55.6	1.5	17.0078	-15.7554	0	0	
8	-53.2	1.5	38.4703	-19.0477	0	0	
8	-50.8	1.5	39.2882	-21.3628	0	0	
8	-48.4	1.5	40.4849	5.69988	0	0	
8	-46	1.5	39.932	1.46646	0	0	
8	-43.6	1.5	19.551	-17.4428	0	0	
8	-41.2	1.5	41.2451	4.78374	0	0	
8	-38.8	1.5	40.7727	-16.693	0	0	
8	-36.4	1.5	41.6555	3.5903	0	0	
8	-34	1.5	41.6985	5.16503	0	0	
8	-31.6	1.5	42.9933	4.90954	0	0	
8	-29.2	1.5	43.8766	-15.2531	0	0	
8	-26.8	1.5	43.6614	4.14166	0	0	
8	-24.4	1.5	45.4651	5.77735	0	0	
8	-22	1.5	45.1	8.47723	0	0	
8	-19.6	1.5	45.3816	7.76085	0	0	
8	-17.2	1.5	47.7354	15.953	0	0	
8	-14.8	1.5	48.3688	23.1465	0	0	
8	-12.4	1.5	47.9567	28.5703	0	0	
8	-10	1.5	51.38	23.1432	0	0	
8	-7.6	1.5	51.4378	20.4437	0	0	
8	-5.2	1.5	51.5365	14.5282	0	0	
8	-2.8	1.5	53.2381	22.843	0	0	
8	-0.4	1.5	51.921	-0.533349	0	0	
8	2	1.5	54.4151	12.4452	0	0	
8	4.4	1.5	53.8987	16.0074	0	0	
8	6.8	1.5	52.4084	30.116	0	0	
8	9.2	1.5	51.8603	23.0257	0	0	
8	11.6	1.5	50.4111	30.0657	0	0	
8	14	1.5	48.3719	30.6295	0	0	
8	16.4	1.5	47.8466	17.5444	0	0	
8	18.8	1.5	46.9561	-12.586	0	0	
8	21.2	1.5	46.7983	6.94526	0	0	
8	23.6	1.5	45.9755	4.79522	0	0	
8	26	1.5	44.5766	21.0192	0	0	
8	28.4	1.5	45.0438	5.54782	0	0	
8	30.8	1.5	43.0666	5.44197	0	0	
8	33.2	1.5	41.5019	3.55977	0	0	
8	35.6	1.5	42.3759	-17.6644	0	0	
8	38	1.5	40.4283	2.64365	0	0	
8	40.4	1.5	40.8101	4.4164	0	0	
8	42.8	1.5	39.8597	-19.131	0	0	
8	45.2	1.5	40.8536	6.18717	0	0	
8	47.6	1.5	39.2059	7.09439	0	0	
8	50	1.5	18.1877	-18.528	0	0	
10.4	-70	1.5	35.8632	-17.1707	0	0	
10.4	-67.6	1.5	35.7543	0.38969	0	0	
10.4	-65.2	1.5	17.0595	-16.8346	0	0	
10.4	-62.8	1.5	37.0739	2.08563	0	0	
10.4	-60.4	1.5	36.5108	-3.39419	0	0	
10.4	-58	1.5	11.3986	-21.7987	0	0	
10.4	-55.6	1.5	38.392	-10.0947	0	0	
10.4	-53.2	1.5	38.9099	1.01658	0	0	
10.4	-50.8	1.5	38.4802	5.5995	0	0	
10.4	-48.4	1.5	20.0772	-23.4488	0	0	
10.4	-46	1.5	40.1052	4.34155	0	0	
10.4	-43.6	1.5	42.3939	-17.446	0	0	
10.4	-41.2	1.5	39.2904	1.50366	0	0	
10.4	-38.8	1.5	41.4739	2.19586	0	0	
10.4	-36.4	1.5	39.6142	-1.13186	0	0	
10.4	-34	1.5	42.3638	3.5607	0	0	
10.4	-31.6	1.5	42.1156	4.53762	0	0	
10.4	-29.2	1.5	44.9527	1.99179	0	0	
10.4	-26.8	1.5	43.7289	1.07452	0	0	
10.4	-24.4	1.5	45.589	4.57397	0	0	
10.4	-22	1.5	45.6054	8.02507	0	0	
10.4	-19.6	1.5	46.4773	14.648	0	0	
10.4	-17.2	1.5	47.3314	-1.76	0	0	
10.4	-14.8	1.5	48.0059	30.6099	0	0	
10.4	-12.4	1.5	48.6704	34.7052	0	0	
10.4	-10	1.5	52.2378	34.5095	0	0	
10.4	-7.6	1.5	52.9178	31.5556	0	0	
10.4	-5.2	1.5	53.9614	21.7626	0	0	
10.4	-2.8	1.5	55.1021	14.452	0	0	
10.4	-0.4	1.5	55.0114	7.34458	0	0	
10.4	2	1.5	55.4919	8.63611	0	0	
10.4	4.4	1.5	53.1483	20.0918	0	0	
10.4	6.8	1.5	53.0106	26.8524	0	0	
10.4	9.2	1.5	50.8472	17.7683	0	0	
10.4	11.6	1.5	48.3734	21.8552	0	0	
10.4	14	1.5	49.2928	28.451	0	0	
10.4	16.4	1.5	49.2972	27.9401	0	0	
10.4	18.8	1.5	45.8223	10.0333	0	0	
10.4	21.2	1.5	45.7363	11.9055	0	0	
10.4	23.6	1.5	45.0933	5.51174	0	0	
10.4	26	1.5	44.6321	2.51924	0	0	
10.4	28.4	1.5	44.6766	3.10935	0	0	
10.4	30.8	1.5	44.2758	2.05582	0	0	
10.4	33.2	1.5	33.6743	-14.2423	0	0	
10.4	35.6	1.5	40.5275	-15.7482	0	0	
10.4	38	1.5	21.904	-17.8186	0	0	
10.4	40.4	1.5	21.0371	-21.5372	0	0	
10.4	42.8	1.5	39.8864	1.30076	0	0	
10.4	45.2	1.5	37.0231	-13.398	0	0	
10.4	47.6	1.5	22.0303	-15.1197	0	0	
10.4	50	1.5	38.9464	1.16854	0	0	
12.8	-70	1.5	12.5634	-35.2257	0	0	
12.8	-67.6	1.5	36.679	-0.552487	0	0	
12.8	-65.2	1.5	11.6436	-26.71	0	0	
12.8	-62.8	1.5	35.086	-1.42872	0	0	
12.8	-60.4	1.5	16.4097	-20.5766	0	0	
12.8	-58	1.5	37.6646	-0.210074	0	0	
12.8	-55.6	1.5	37.8338	1.86535	0	0	
12.8	-53.2	1.5	38.2814	2.30217	0	0	
12.8	-50.8	1.5	37.4026	-1.08108	0	0	
12.8	-48.4	1.5	39.7858	-18.6035	0	0	
12.8	-46	1.5	21.232	-19.9692	0	0	
12.8	-43.6	1.5	19.3352	-25.5073	0	0	
12.8	-41.2	1.5	40.442	-19.3267	0	0	
12.8	-38.8	1.5	42.8614	-18.9468	0	0	
12.8	-36.4	1.5	40.606	-1.20444	0	0	
12.8	-34	1.5	42.1249	-0.81966	0	0	
12.8	-31.6	1.5	42.7519	-0.10405	0	0	
12.8	-29.2	1.5	44.0246	-20.3607	0	0	
12.8	-26.8	1.5	44.0152	-19.9314	0	0	
12.8	-24.4	1.5	45.6594	-15.1797	0	0	
12.8	-22	1.5	43.2488	6.24136	0	0	
12.8	-19.6	1.5	47.1544	16.3381	0	0	
12.8	-17.2	1.5	47.5134	33.2794	0	0	
12.8	-14.8	1.5	48.3043	12.7652	0	0	
12.8	-12.4	1.5	48.068	15.0575	0	0	
12.8	-10	1.5	50.5154	25.9766	0	0	
12.8	-7.6	1.5	51.2442	32.8898	0	0	
12.8	-5.2	1.5	54.2629	25.7918	0	0	
12.8	-2.8	1.5	54.1814	17.6414	0	0	
12.8	-0.4	1.5	54.8318	4.62047	0	0	
12.8	2	1.5	54.7954	11.4504	0	0	
12.8	4.4	1.5	53.8619	13.2811	0	0	
12.8	6.8	1.5	52.4935	31.0968	0	0	
12.8	9.2	1.5	51.7599	36.6265	0	0	
12.8	11.6	1.5	50.4293	12.1199	0	0	
12.8	14	1.5	47.1666	13.4013	0	0	
12.8	16.4	1.5	48.419	20.4433	0	0	
12.8	18.8	1.5	47.1911	16.5742	0	0	
12.8	21.2	1.5	44.7253	8.98787	0	0	
12.8	23.6	1.5	45.4123	6.90954	0	0	
12.8	26	1.5	44.5017	4.26451	0	0	
12.8	28.4	1.5	43.5757	0.106195	0	0	
12.8	30.8	1.5	26.8223	-15.3522	0	0	
12.8	33.2	1.5	43.0189	0.275149	0	0	
12.8	35.6	1.5	43.3259	-1.65617	0	0	
12.8	38	1.5	40.9796	1.37509	0	0	
12.8	40.4	1.5	39.9986	-0.721075	0	0	
12.8	42.8	1.5	40.7005	0.016504	0	0	
12.8	45.2	1.5	39.8741	0.992255	0	0	
12.8	47.6	1.5	39.7362	-20.1043	0	0	
12.8	50	1.5	39.1655	-17.7121	0	0	
15.2	-70	1.5	12.8191	-23.6065	0	0	
15.2	-67.6	1.5	13.1596	-28.9402	0	0	
15.2	-65.2	1.5	36.0994	-20.019	0	0	
15.2	-62.8	1.5	34.8003	-21.23	0	0	
15.2	-60.4	1.5	36.8932	-1.57116	0	0	
15.2	-58	1.5	36.7008	-21.6052	0	0	
15.2	-55.6	1.5	34.706	-5.62738	0	0	
15.2	-53.2	1.5	38.5464	-1.22394	0	0	
15.2	-50.8	1.5	38.7549	-17.6729	0	0	
15.2	-48.4	1.5	40.7548	2.08949	0	0	
15.2	-46	1.5	40.1777	-3.85686	0	0	
15.2	-43.6	1.5	36.6652	-5.63331	0	0	
15.2	-41.2	1.5	40.6234	-16.6644	0	0	
15.2	-38.8	1.5	40.3694	-1.28576	0	0	
15.2	-36.4	1.5	41.107	-0.778674	0	0	
15.2	-34	1.5	40.8218	-1.82092	0	0	
15.2	-31.6	1.5	43.18	-18.9616	0	0	
15.2	-29.2	1.5	43.5498	-19.3391	0	0	
15.2	-26.8	1.5	44.6007	-16.8206	0	0	
15.2	-24.4	1.5	43.9723	5.76814	0	0	
15.2	-22	1.5	42.9506	-16.2491	0	0	
15.2	-19.6	1.5	47.5386	26.7832	0	0	
15.2	-17.2	1.5	44.7399	11.5111	0	0	
15.2	-14.8	1.5	46.9206	8.56301	0	0	
15.2	-12.4	1.5	48.1696	20.5779	0	0	
15.2	-10	1.5	49.6556	15.7203	0	0	
15.2	-7.6	1.5	52.1164	21.94	0	0	
15.2	-5.2	1.5	51.6482	16.9258	0	0	
15.2	-2.8	1.5	52.4913	9.8609	0	0	
15.2	-0.4	1.5	52.6405	13.7706	0	0	
15.2	2	1.5	52.4696	15.1075	0	0	
15.2	4.4	1.5	53.3168	21.487	0	0	
15.2	6.8	1.5	52.6188	14.4062	0	0	
15.2	9.2	1.5	51.0477	28.6388	0	0	
15.2	11.6	1.5	50.2353	18.7271	0	0	
15.2	14	1.5	49.6509	8.42215	0	0	
15.2	16.4	1.5	47.94	5.21497	0	0	
15.2	18.8	1.5	31.5206	-6.61837	0	0	
15.2	21.2	1.5	46.4245	15.2478	0	0	
15.2	23.6	1.5	45.3464	6.46417	0	0	
15.2	26	1.5	44.1551	2.52229	0	0	
15.2	28.4	1.5	44.6064	0.830719	0	0	
15.2	30.8	1.5	41.6026	-0.274526	0	0	
15.2	33.2	1.5	43.3758	-2.37389	0	0	
15.2	35.6	1.5	41.1345	-22.0514	0	0	
15.2	38	1.5	41.9177	-2.21612	0	0	
15.2	40.4	1.5	40.8663	-0.886354	0	0	
15.2	42.8	1.5	39.2444	-2.05015	0	0	
15.2	45.2	1.5	38.2042	-5.65603	0	0	
15.2	47.6	1.5	39.2568	-1.79507	0	0	
15.2	50	1.5	38.8186	-1.46512	0	0	
17.6	-70	1.5	36.1683	10.7005	0	0	
17.6	-67.6	1.5	36.5322	-3.35813	0	0	
17.6	-65.2	1.5	36.3046	-3.26061	0	0	
17.6	-62.8	1.5	37.456	-22.0307	0	0	
17.6	-60.4	1.5	11.4438	-32.2016	0	0	
17.6	-58	1.5	36.6529	-3.45484	0	0	
17.6	-55.6	1.5	36.9981	3.9254	0	0	
17.6	-53.2	1.5	39.1787	-16.2739	0	0	
17.6	-50.8	1.5	39.7961	-21.7255	0	0	
17.6	-48.4	1.5	39.7838	-6.34494	0	0	
17.6	-46	1.5	36.2803	-6.21864	0	0	
17.6	-43.6	1.5	40.2067	-3.81193	0	0	
17.6	-41.2	1.5	41.1079	-3.6193	0	0	
17.6	-38.8	1.5	41.4788	-1.87155	0	0	
17.6	-36.4	1.5	21.7994	-18.8911	0	0	
17.6	-34	1.5	21.2702	-25.8846	0	0	
17.6	-31.6	1.5	42.8376	-1.6891	0	0	
17.6	-29.2	1.5	43.1865	-19.0444	0	0	
17.6	-26.8	1.5	44.0101	6.96151	0	0	
17.6	-24.4	1.5	43.6064	11.1236	0	0	
17.6	-22	1.5	45.1725	24.7004	0	0	
17.6	-19.6	1.5	44.9355	14.5431	0	0	
17.6	-17.2	1.5	46.455	-12.8236	0	0	
17.6	-14.8	1.5	47.6031	5.71951	0	0	
17.6	-12.4	1.5	48.5556	27.3932	0	0	
17.6	-10	1.5	49.948	-4.65155	0	0	
17.6	-7.6	1.5	50.9489	6.5909	0	0	
17.6	-5.2	1.5	52.08	32.7711	0	0	
17.6	-2.8	1.5	51.4661	6.06493	0	0	
17.6	-0.4	1.5	52.7195	1.53748	0	0	
17.6	2	1.5	52.2249	-0.438412	0	0	
17.6	4.4	1.5	51.8262	17.9902	0	0	
17.6	6.8	1.5	50.9485	10.1748	0	0	
17.6	9.2	1.5	50.5848	10.064	0	0	
17.6	11.6	1.5	48.4999	16.8436	0	0	
17.6	14	1.5	47.1605	5.87482	0	0	
17.6	16.4	1.5	47.5418	4.26311	0	0	
17.6	18.8	1.5	46.5432	8.61512	0	0	
17.6	21.2	1.5	46.3636	-2.71606	0	0	
17.6	23.6	1.5	45.1285	5.15518	0	0	
17.6	26	1.5	44.0874	5.90242	0	0	
17.6	28.4	1.5	43.8273	2.43932	0	0	
17.6	30.8	1.5	42.3226	0.376224	0	0	
17.6	33.2	1.5	42.4799	-1.32057	0	0	
17.6	35.6	1.5	41.7911	-23.3412	0	0	
17.6	38	1.5	18.8424	-26.2764	0	0	
17.6	40.4	1.5	22.483	-20.4596	0	0	
17.6	42.8	1.5	36.1779	-21.3305	0	0	
17.6	45.2	1.5	14.3068	-27.925	0	0	
17.6	47.6	1.5	40.4074	-2.45398	0	0	
17.6	50	1.5	19.4076	-27.948	0	0	
20	-70	1.5	35.0742	-5.35249	0	0	
20	-67.6	1.5	12.2005	-25.4913	0	0	
20	-65.2	1.5	36.3854	-5.72223	0	0	
20	-62.8	1.5	36.1935	-3.16187	0	0	
20	-60.4	1.5	13.0501	-29.2295	0	0	
20	-58	1.5	18.8893	-21.9098	0	0	
20	-55.6	1.5	37.9911	-8.86265	0	0	
20	-53.2	1.5	37.7003	-16.5923	0	0	
20	-50.8	1.5	15.5338	-25.6035	0	0	
20	-48.4	1.5	38.9108	-24.5376	0	0	
20	-46	1.5	38.5484	-23.7293	0	0	
20	-43.6	1.5	41.2954	-3.74802	0	0	
20	-41.2	1.5	40.9552	-22.7554	0	0	
20	-38.8	1.5	23.0739	-21.8408	0	0	
20	-36.4	1.5	42.2629	-1.64563	0	0	
20	-34	1.5	42.6233	-3.14469	0	0	
20	-31.6	1.5	42.751	-0.0109529	0	0	
20	-29.2	1.5	43.572	7.98387	0	0	
20	-26.8	1.5	42.852	14.8856	0	0	
20	-24.4	1.5	43.2619	10.8407	0	0	
20	-22	1.5	44.2852	6.68641	0	0	
20	-19.6	1.5	46.614	3.17268	0	0	
20	-17.2	1.5	44.4285	-14.8306	0	0	
20	-14.8	1.5	46.5818	7.30958	0	0	
20	-12.4	1.5	48.9531	20.0363	0	0	
20	-10	1.5	50.1989	5.60772	0	0	
20	-7.6	1.5	49.904	3.94759	0	0	
20	-5.2	1.5	48.1864	19.1954	0	0	
20	-2.8	1.5	50.4356	-2.08643	0	0	
20	-0.4	1.5	51.8925	-6.04686	0	0	
20	2	1.5	50.9797	-4.50324	0	0	
20	4.4	1.5	50.8899	5.35575	0	0	
20	6.8	1.5	50.2239	11.7538	0	0	
20	9.2	1.5	50.0085	6.03403	0	0	
20	11.6	1.5	47.7069	8.61095	0	0	
20	14	1.5	47.777	12.9933	0	0	
20	16.4	1.5	47.0396	-2.63754	0	0	
20	18.8	1.5	46.1277	1.91931	0	0	
20	21.2	1.5	45.3245	5.83661	0	0	
20	23.6	1.5	45.0771	20.5862	0	0	
20	26	1.5	44.1599	9.76689	0	0	
20	28.4	1.5	26.3699	-16.4434	0	0	
20	30.8	1.5	43.6764	3.4111	0	0	
20	33.2	1.5	43.1808	-1.51753	0	0	
20	35.6	1.5	41.7016	-4.1616	0	0	
20	38	1.5	41.94	-3.85459	0	0	
20	40.4	1.5	41.0105	-3.48099	0	0	
20	42.8	1.5	40.4088	-24.4752	0	0	
20	45.2	1.5	35.7636	-26.4728	0	0	
20	47.6	1.5	39.5142	-2.32706	0	0	
20	50	1.5	15.5938	-27.9411	0	0	
22.4	-70	1.5	13.7008	-31.5149	0	0	
22.4	-67.6	1.5	36.885	-7.10892	0	0	
22.4	-65.2	1.5	35.8347	-7.38174	0	0	
22.4	-62.8	1.5	37.5516	-5.68652	0	0	
22.4	-60.4	1.5	14.8984	-23.3201	0	0	
22.4	-58	1.5	37.5644	-26.2126	0	0	
22.4	-55.6	1.5	17.8912	-25.7407	0	0	
22.4	-53.2	1.5	18.9728	-32.8425	0	0	
22.4	-50.8	1.5	36.98	-7.76377	0	0	
22.4	-48.4	1.5	16.5219	-41.4408	0	0	
22.4	-46	1.5	21.0289	-22.5559	0	0	
22.4	-43.6	1.5	17.493	-28.9427	0	0	
22.4	-41.2	1.5	39.4067	-4.83762	0	0	
22.4	-38.8	1.5	41.2607	-23.5898	0	0	
22.4	-36.4	1.5	41.1137	-4.52796	0	0	
22.4	-34	1.5	40.7378	0.432556	0	0	
22.4	-31.6	1.5	41.7687	5.45487	0	0	
22.4	-29.2	1.5	41.9762	2.47554	0	0	
22.4	-26.8	1.5	43.0508	-5.16481	0	0	
22.4	-24.4	1.5	41.354	12.8204	0	0	
22.4	-22	1.5	43.3029	2.69823	0	0	
22.4	-19.6	1.5	43.9012	-15.5607	0	0	
22.4	-17.2	1.5	46.1672	-7.4592	0	0	
22.4	-14.8	1.5	46.846	-8.34193	0	0	
22.4	-12.4	1.5	46.6217	6.21519	0	0	
22.4	-10	1.5	47.7827	1.68679	0	0	
22.4	-7.6	1.5	49.0516	15.6759	0	0	
22.4	-5.2	1.5	49.114	2.94447	0	0	
22.4	-2.8	1.5	50.1224	-6.0449	0	0	
22.4	-0.4	1.5	48.1481	-9.13063	0	0	
22.4	2	1.5	50.0474	-9.04045	0	0	
22.4	4.4	1.5	49.4211	-1.34495	0	0	
22.4	6.8	1.5	49.9887	8.1467	0	0	
22.4	9.2	1.5	49.1028	2.47605	0	0	
22.4	11.6	1.5	47.8957	2.77798	0	0	
22.4	14	1.5	46.5601	9.93928	0	0	
22.4	16.4	1.5	45.764	-4.72614	0	0	
22.4	18.8	1.5	46.0625	-1.2007	0	0	
22.4	21.2	1.5	45.0418	-12.5069	0	0	
22.4	23.6	1.5	44.911	8.07948	0	0	
22.4	26	1.5	43.489	10.733	0	0	
22.4	28.4	1.5	42.9399	-11.6788	0	0	
22.4	30.8	1.5	23.6405	-13.0074	0	0	
22.4	33.2	1.5	40.3914	0.478403	0	0	
22.4	35.6	1.5	42.9889	-24.0709	0	0	
22.4	38	1.5	40.6656	-21.0229	0	0	
22.4	40.4	1.5	39.2682	0.424358	0	0	
22.4	42.8	1.5	40.1655	-4.73972	0	0	
22.4	45.2	1.5	42.4471	-22.7103	0	0	
22.4	47.6	1.5	39.2335	-4.58411	0	0	
22.4	50	1.5	38.4029	-24.5516	0	0	
24.8	-70	1.5	35.7317	-7.47416	0	0	
24.8	-67.6	1.5	37.8696	-6.4285	0	0	
24.8	-65.2	1.5	36.1964	-5.70757	0	0	
24.8	-62.8	1.5	14.2494	-30.036	0	0	
24.8	-60.4	1.5	36.8674	-6.96741	0	0	
24.8	-58	1.5	37.2716	-7.61074	0	0	
24.8	-55.6	1.5	37.8596	-23.4944	0	0	
24.8	-53.2	1.5	39.0317	-6.21867	0	0	
24.8	-50.8	1.5	19.5889	-24.9675	0	0	
24.8	-48.4	1.5	19.8827	-23.5589	0	0	
24.8	-46	1.5	16.4989	-32.6179	0	0	
24.8	-43.6	1.5	35.671	-7.9204	0	0	
24.8	-41.2	1.5	39.0904	-2.295	0	0	
24.8	-38.8	1.5	41.0034	-1.40558	0	0	
24.8	-36.4	1.5	19.4458	-25.808	0	0	
24.8	-34	1.5	42.0892	-0.672318	0	0	
24.8	-31.6	1.5	41.2039	-2.88513	0	0	
24.8	-29.2	1.5	41.5156	6.05398	0	0	
24.8	-26.8	1.5	16.3703	-22.1152	0	0	
24.8	-24.4	1.5	43.3123	1.08775	0	0	
24.8	-22	1.5	44.251	-19.0722	0	0	
24.8	-19.6	1.5	46.0605	-12.8669	0	0	
24.8	-17.2	1.5	24.872	-20.2184	0	0	
24.8	-14.8	1.5	46.9423	-10.1239	0	0	
24.8	-12.4	1.5	46.7278	0.114497	0	0	
24.8	-10	1.5	47.5906	3.20415	0	0	
24.8	-7.6	1.5	48.8183	4.21644	0	0	
24.8	-5.2	1.5	47.869	-9.11742	0	0	
24.8	-2.8	1.5	48.779	-9.36574	0	0	
24.8	-0.4	1.5	48.3222	-0.750634	0	0	
24.8	2	1.5	49.3505	-5.55316	0	0	
24.8	4.4	1.5	48.271	-3.13658	0	0	
24.8	6.8	1.5	48.6185	-6.20649	0	0	
24.8	9.2	1.5	47.4095	-0.091882	0	0	
24.8	11.6	1.5	44.6008	-0.196741	0	0	
24.8	14	1.5	46.5886	-13.8551	0	0	
24.8	16.4	1.5	44.2567	-16.1415	0	0	
24.8	18.8	1.5	43.5148	-4.03918	0	0	
24.8	21.2	1.5	45.3097	-12.7962	0	0	
24.8	23.6	1.5	44.5874	0.687253	0	0	
24.8	26	1.5	43.4746	4.31561	0	0	
24.8	28.4	1.5	42.448	8.70911	0	0	
24.8	30.8	1.5	40.9734	3.0527	0	0	
24.8	33.2	1.5	41.4402	4.03384	0	0	
24.8	35.6	1.5	40.781	7.17221	0	0	
24.8	38	1.5	41.3832	-3.25082	0	0	
24.8	40.4	1.5	39.0092	-4.2332	0	0	
24.8	42.8	1.5	20.4809	-28.8166	0	0	
24.8	45.2	1.5	39.1061	-2.92404	0	0	
24.8	47.6	1.5	38.3419	-6.7609	0	0	
24.8	50	1.5	35.842	-7.19069	0	0	
27.2	-70	1.5	12.5561	-29.7747	0	0	
27.2	-67.6	1.5	35.3968	-6.40468	0	0	
27.2	-65.2	1.5	14.3794	-29.6938	0	0	
27.2	-62.8	1.5	35.0531	-5.98022	0	0	
27.2	-60.4	1.5	35.533	-10.183	0	0	
27.2	-58	1.5	13.1424	-30.3529	0	0	
27.2	-55.6	1.5	37.2653	-8.96509	0	0	
27.2	-53.2	1.5	37.1622	-8.56091	0	0	
27.2	-50.8	1.5	38.8239	-26.6937	0	0	
27.2	-48.4	1.5	38.5857	-28.8885	0	0	
27.2	-46	1.5	39.2282	-8.94852	0	0	
27.2	-43.6	1.5	39.8408	-30.9871	0	0	
27.2	-41.2	1.5	20.1868	-17.2655	0	0	
27.2	-38.8	1.5	40.0644	-1.4367	0	0	
27.2	-36.4	1.5	35.1511	-3.51947	0	0	
27.2	-34	1.5	41.0367	-11.6517	0	0	
27.2	-31.6	1.5	41.6292	0.531307	0	0	
27.2	-29.2	1.5	41.3675	7.5686	0	0	
27.2	-26.8	1.5	41.6239	-0.719599	0	0	
27.2	-24.4	1.5	41.6679	-21.7033	0	0	
27.2	-22	1.5	42.0767	-2.06044	0	0	
27.2	-19.6	1.5	42.9823	-19.2807	0	0	
27.2	-17.2	1.5	44.6428	-11.2132	0	0	
27.2	-14.8	1.5	44.5765	4.68601	0	0	
27.2	-12.4	1.5	43.8163	-2.15658	0	0	
27.2	-10	1.5	47.2063	-1.90601	0	0	
27.2	-7.6	1.5	45.3259	-13.5328	0	0	
27.2	-5.2	1.5	47.0695	-6.30433	0	0	
27.2	-2.8	1.5	47.6641	-23.9503	0	0	
27.2	-0.4	1.5	47.5897	-13.4755	0	0	
27.2	2	1.5	47.8272	-24.7552	0	0	
27.2	4.4	1.5	47.8675	-8.44793	0	0	
27.2	6.8	1.5	47.1877	7.33587	0	0	
27.2	9.2	1.5	46.5318	-18.1204	0	0	
27.2	11.6	1.5	45.72	-4.45668	0	0	
27.2	14	1.5	46.2577	-20.1601	0	0	
27.2	16.4	1.5	44.7084	23.1557	0	0	
27.2	18.8	1.5	20.5437	-6.97299	0	0	
27.2	21.2	1.5	43.5918	-2.17546	0	0	
27.2	23.6	1.5	24.6528	-29.558	0	0	
27.2	26	1.5	42.4228	-23.645	0	0	
27.2	28.4	1.5	40.7194	3.59079	0	0	
27.2	30.8	1.5	40.9556	22.2653	0	0	
27.2	33.2	1.5	40.8255	12.7237	0	0	
27.2	35.6	1.5	39.4534	2.97225	0	0	
27.2	38	1.5	40.6996	-1.045	0	0	
27.2	40.4	1.5	40.1956	-24.1475	0	0	
27.2	42.8	1.5	19.4295	-24.9734	0	0	
27.2	45.2	1.5	40.5207	-4.44978	0	0	
27.2	47.6	1.5	39.2007	-7.32652	0	0	
27.2	50	1.5	38.2994	-4.88479	0	0	
29.6	-70	1.5	35.2539	-8.24075	0	0	
29.6	-67.6	1.5	35.9145	-29.3236	0	0	
29.6	-65.2	1.5	14.9189	-30.0364	0	0	
29.6	-62.8	1.5	13.2782	-34.293	0	0	
29.6	-60.4	1.5	36.147	-30.1701	0	0	
29.6	-58	1.5	38.1307	-7.48568	0	0	
29.6	-55.6	1.5	37.5769	-27.3035	0	0	
29.6	-53.2	1.5	37.4912	-27.9674	0	0	
29.6	-50.8	1.5	14.4839	-27.4796	0	0	
29.6	-48.4	1.5	38.5445	-5.73968	0	0	
29.6	-46	1.5	17.5051	-32.4833	0	0	
29.6	-43.6	1.5	39.5731	-26.6695	0	0	
29.6	-41.2	1.5	15.1545	-28.046	0	0	
29.6	-38.8	1.5	39.3983	6.6539	0	0	
29.6	-36.4	1.5	38.5304	14.9209	0	0	
29.6	-34	1.5	21.0228	-19.9011	0	0	
29.6	-31.6	1.5	40.7322	-24.3704	0	0	
29.6	-29.2	1.5	41.1884	-1.11512	0	0	
29.6	-26.8	1.5	41.9108	-1.72153	0	0	
29.6	-24.4	1.5	42.3942	5.66976	0	0	
29.6	-22	1.5	19.9418	-20.6789	0	0	
29.6	-19.6	1.5	39.598	3.92072	0	0	
29.6	-17.2	1.5	43.637	15.1588	0	0	
29.6	-14.8	1.5	45.8675	0.756109	0	0	
29.6	-12.4	1.5	44.5703	-4.19965	0	0	
29.6	-10	1.5	46.1945	-23.0316	0	0	
29.6	-7.6	1.5	46.7996	0.871409	0	0	
29.6	-5.2	1.5	45.7811	-0.753801	0	0	
29.6	-2.8	1.5	46.3092	-29.0378	0	0	
29.6	-0.4	1.5	46.8274	-16.0002	0	0	
29.6	2	1.5	46.2066	-15.5354	0	0	
29.6	4.4	1.5	46.5655	-11.433	0	0	
29.6	6.8	1.5	46.7509	0.135896	0	0	
29.6	9.2	1.5	46.3859	-1.93496	0	0	
29.6	11.6	1.5	45.744	-2.4703	0	0	
29.6	14	1.5	43.3068	-2.61187	0	0	
29.6	16.4	1.5	44.2601	-20.8192	0	0	
29.6	18.8	1.5	24.2202	-14.0738	0	0	
29.6	21.2	1.5	43.1172	-1.29399	0	0	
29.6	23.6	1.5	43.8473	-11.61	0	0	
29.6	26	1.5	18.4353	-31.2533	0	0	
29.6	28.4	1.5	41.1084	0.940942	0	0	
29.6	30.8	1.5	41.4003	-25.4987	0	0	
29.6	33.2	1.5	20.083	-16.1749	0	0	
29.6	35.6	1.5	20.1917	-8.69208	0	0	
29.6	38	1.5	39.241	7.54464	0	0	
29.6	40.4	1.5	39.206	-25.4237	0	0	
29.6	42.8	1.5	20.9143	-26.9577	0	0	
29.6	45.2	1.5	35.5665	-7.35956	0	0	
29.6	47.6	1.5	40.2674	-3.72985	0	0	
29.6	50	1.5	38.7721	-6.53921	0	0	
32	-70	1.5	14.2495	-33.9818	0	0	
32	-67.6	1.5	36.2982	-10.8606	0	0	
32	-65.2	1.5	12.426	-33.5516	0	0	
32	-62.8	1.5	36.3728	-9.05208	0	0	
32	-60.4	1.5	37.1614	-7.81157	0	0	
32	-58	1.5	17.9514	-27.5223	0	0	
32	-55.6	1.5	36.4876	-9.20639	0	0	
32	-53.2	1.5	38.1733	-6.22477	0	0	
32	-50.8	1.5	38.3149	-27.0565	0	0	
32	-48.4	1.5	37.7531	-2.39986	0	0	
32	-46	1.5	17.8238	-25.3733	0	0	
32	-43.6	1.5	37.1395	-0.784701	0	0	
32	-41.2	1.5	39.9624	6.29657	0	0	
32	-38.8	1.5	40.8935	3.121	0	0	
32	-36.4	1.5	38.5391	10.6224	0	0	
32	-34	1.5	40.4277	3.85949	0	0	
32	-31.6	1.5	39.5751	-23.7809	0	0	
32	-29.2	1.5	41.8018	3.71549	0	0	
32	-26.8	1.5	37.9634	-4.77545	0	0	
32	-24.4	1.5	40.7596	-19.0308	0	0	
32	-22	1.5	40.0806	-2.68901	0	0	
32	-19.6	1.5	42.1551	12.4737	0	0	
32	-17.2	1.5	44.4132	-24.9671	0	0	
32	-14.8	1.5	42.5467	-3.00082	0	0	
32	-12.4	1.5	44.8016	-18.8915	0	0	
32	-10	1.5	42.7335	1.6338	0	0	
32	-7.6	1.5	44.445	-1.92994	0	0	
32	-5.2	1.5	45.3998	-12.2014	0	0	
32	-2.8	1.5	46.0786	-33.7267	0	0	
32	-0.4	1.5	45.4263	-17.1488	0	0	
32	2	1.5	44.1541	-19.9012	0	0	
32	4.4	1.5	45.8083	-29.4986	0	0	
32	6.8	1.5	44.4998	-9.27661	0	0	
32	9.2	1.5	46.0959	3.40554	0	0	
32	11.6	1.5	15.7316	-31.2732	0	0	
32	14	1.5	39.6099	-7.18704	0	0	
32	16.4	1.5	42.1954	0.389532	0	0	
32	18.8	1.5	19.2219	-10.1047	0	0	
32	21.2	1.5	42.951	3.09672	0	0	
32	23.6	1.5	42.4747	-18.2221	0	0	
32	26	1.5	40.5229	-4.40296	0	0	
32	28.4	1.5	40.4148	-17.6332	0	0	
32	30.8	1.5	42.1189	-2.98145	0	0	
32	33.2	1.5	40.6851	1.86936	0	0	
32	35.6	1.5	38.4512	-14.6879	0	0	
32	38	1.5	40.0597	8.8246	0	0	
32	40.4	1.5	39.9716	3.48983	0	0	
32	42.8	1.5	38.8232	-8.71976	0	0	
32	45.2	1.5	36.9806	-4.52396	0	0	
32	47.6	1.5	37.8951	-4.41042	0	0	
32	50	1.5	38.6417	-28.448	0	0	
34.4	-70	1.5	11.4852	-30.5203	0	0	
34.4	-67.6	1.5	35.6	-10.0559	0	0	
34.4	-65.2	1.5	35.9622	-9.44981	0	0	
34.4	-62.8	1.5	37.0128	-31.0982	0	0	
34.4	-60.4	1.5	37.3045	-32.7692	0	0	
34.4	-58	1.5	20.1961	-33.5841	0	0	
34.4	-55.6	1.5	37.4485	-8.52397	0	0	
34.4	-53.2	1.5	36.0646	-8.09493	0	0	
34.4	-50.8	1.5	38.4005	-5.00386	0	0	
34.4	-48.4	1.5	37.2953	-26.0235	0	0	
34.4	-46	1.5	39.0862	-0.973314	0	0	
34.4	-43.6	1.5	38.6703	-22.6597	0	0	
34.4	-41.2	1.5	18.613	-8.20548	0	0	
34.4	-38.8	1.5	39.0003	23.393	0	0	
34.4	-36.4	1.5	39.2732	2.0492	0	0	
34.4	-34	1.5	40.9496	-2.28317	0	0	
34.4	-31.6	1.5	20.6112	-27.8609	0	0	
34.4	-29.2	1.5	42.0703	-0.351279	0	0	
34.4	-26.8	1.5	39.6914	-6.50501	0	0	
34.4	-24.4	1.5	42.5291	-2.95341	0	0	
34.4	-22	1.5	42.8115	3.28804	0	0	
34.4	-19.6	1.5	42.4908	-16.796	0	0	
34.4	-17.2	1.5	43.7326	-5.31099	0	0	
34.4	-14.8	1.5	43.5244	-15.1367	0	0	
34.4	-12.4	1.5	43.5965	-24.4495	0	0	
34.4	-10	1.5	44.6384	-6.20716	0	0	
34.4	-7.6	1.5	41.2582	-9.18202	0	0	
34.4	-5.2	1.5	45.0331	-12.9591	0	0	
34.4	-2.8	1.5	44.266	-38.5995	0	0	
34.4	-0.4	1.5	45.7647	-17.2687	0	0	
34.4	2	1.5	45.7034	-16.3135	0	0	
34.4	4.4	1.5	45.0133	-16.0692	0	0	
34.4	6.8	1.5	45.4774	-23.9827	0	0	
34.4	9.2	1.5	44.9115	3.26649	0	0	
34.4	11.6	1.5	43.979	-26.2273	0	0	
34.4	14	1.5	41.4665	-6.72055	0	0	
34.4	16.4	1.5	42.8001	-6.3096	0	0	
34.4	18.8	1.5	41.339	5.5863	0	0	
34.4	21.2	1.5	41.0374	1.86087	0	0	
34.4	23.6	1.5	18.2087	-23.3899	0	0	
34.4	26	1.5	40.1877	-2.83375	0	0	
34.4	28.4	1.5	41.231	-5.30533	0	0	
34.4	30.8	1.5	20.4922	-30.6138	0	0	
34.4	33.2	1.5	38.3468	-1.38576	0	0	
34.4	35.6	1.5	40.4117	-18.2007	0	0	
34.4	38	1.5	40.4331	-6.37773	0	0	
34.4	40.4	1.5	24.5273	-8.63143	0	0	
34.4	42.8	1.5	38.2968	3.88764	0	0	
34.4	45.2	1.5	16.1216	-24.0995	0	0	
34.4	47.6	1.5	33.5204	-7.03009	0	0	
34.4	50	1.5	36.8819	-29.4549	0	0	
36.8	-70	1.5	35.276	-32.8773	0	0	
36.8	-67.6	1.5	35.4891	-9.66676	0	0	
36.8	-65.2	1.5	12.4204	-37.7095	0	0	
36.8	-62.8	1.5	36.2254	-8.42746	0	0	
36.8	-60.4	1.5	35.5033	-36.8751	0	0	
36.8	-58	1.5	34.5471	-9.99348	0	0	
36.8	-55.6	1.5	11.7954	-34.9037	0	0	
36.8	-53.2	1.5	20.0959	-31.4633	0	0	
36.8	-50.8	1.5	37.2331	-4.50294	0	0	
36.8	-48.4	1.5	12.5687	-15.4275	0	0	
36.8	-46	1.5	37.5942	4.27017	0	0	
36.8	-43.6	1.5	15.1951	-22.1505	0	0	
36.8	-41.2	1.5	13.5842	-20.6032	0	0	
36.8	-38.8	1.5	39.5506	-1.55692	0	0	
36.8	-36.4	1.5	37.8169	-23.9306	0	0	
36.8	-34	1.5	40.776	-21.1269	0	0	
36.8	-31.6	1.5	40.78	-5.41273	0	0	
36.8	-29.2	1.5	38.5712	-26.1896	0	0	
36.8	-26.8	1.5	41.9072	-3.23408	0	0	
36.8	-24.4	1.5	42.075	-0.0533454	0	0	
36.8	-22	1.5	42.5048	-10.5799	0	0	
36.8	-19.6	1.5	18.1243	-29.2262	0	0	
36.8	-17.2	1.5	41.4462	-7.88603	0	0	
36.8	-14.8	1.5	41.0183	-5.91629	0	0	
36.8	-12.4	1.5	42.5326	-4.27126	0	0	
36.8	-10	1.5	44.2342	-24.3887	0	0	
36.8	-7.6	1.5	41.7695	-11.5086	0	0	
36.8	-5.2	1.5	44.6595	-15.079	0	0	
36.8	-2.8	1.5	41.7931	-18.031	0	0	
36.8	-0.4	1.5	44.8655	-19.3035	0	0	
36.8	2	1.5	44.4374	-16.4397	0	0	
36.8	4.4	1.5	23.4483	-43.2437	0	0	
36.8	6.8	1.5	42.5425	-10.2959	0	0	
36.8	9.2	1.5	43.7322	-28.4761	0	0	
36.8	11.6	1.5	43.6508	0.662438	0	0	
36.8	14	1.5	41.4028	-26.2691	0	0	
36.8	16.4	1.5	43.3759	-18.6925	0	0	
36.8	18.8	1.5	41.5578	-6.38188	0	0	
36.8	21.2	1.5	18.7648	-17.4818	0	0	
36.8	23.6	1.5	41.3718	1.81067	0	0	
36.8	26	1.5	37.4864	-6.65989	0	0	
36.8	28.4	1.5	41.1489	-27.5371	0	0	
36.8	30.8	1.5	40.5078	-22.9364	0	0	
36.8	33.2	1.5	37.6747	-5.71222	0	0	
36.8	35.6	1.5	35.0455	-31.4917	0	0	
36.8	38	1.5	38.8587	-1.58455	0	0	
36.8	40.4	1.5	18.7973	-17.8432	0	0	
36.8	42.8	1.5	38.1034	11.963	0	0	
36.8	45.2	1.5	17.3942	-6.65237	0	0	
36.8	47.6	1.5	39.183	-23.0577	0	0	
36.8	50	1.5	38.182	-25.8103	0	0	
39.2	-70	1.5	11.2543	-33.9279	0	0	
39.2	-67.6	1.5	35.5961	-35.7362	0	0	
39.2	-65.2	1.5	36.1317	-36.5955	0	0	
39.2	-62.8	1.5	32.78	-11.9138	0	0	
39.2	-60.4	1.5	11.0852	-33.9799	0	0	
39.2	-58	1.5	35.2454	-8.14571	0	0	
39.2	-55.6	1.5	15.163	-27.2859	0	0	
39.2	-53.2	1.5	12.9056	-30.3782	0	0	
39.2	-50.8	1.5	15.2241	-25.2319	0	0	
39.2	-48.4	1.5	36.3571	-19.444	0	0	
39.2	-46	1.5	37.3914	9.69237	0	0	
39.2	-43.6	1.5	36.8308	7.19764	0	0	
39.2	-41.2	1.5	37.7771	-4.97092	0	0	
39.2	-38.8	1.5	37.6703	-5.69029	0	0	
39.2	-36.4	1.5	37.8305	-17.4394	0	0	
39.2	-34	1.5	40.5077	-6.61693	0	0	
39.2	-31.6	1.5	38.725	-6.42029	0	0	
39.2	-29.2	1.5	39.5272	-4.22618	0	0	
39.2	-26.8	1.5	39.8034	-3.14418	0	0	
39.2	-24.4	1.5	42.4446	-12.8392	0	0	
39.2	-22	1.5	40.1043	4.18632	0	0	
39.2	-19.6	1.5	40.4189	-29.1023	0	0	
39.2	-17.2	1.5	40.3698	-10.7315	0	0	
39.2	-14.8	1.5	42.8516	-28.2274	0	0	
39.2	-12.4	1.5	43.0652	-3.38477	0	0	
39.2	-10	1.5	42.5736	0.856643	0	0	
39.2	-7.6	1.5	43.5999	-27.992	0	0	
39.2	-5.2	1.5	40.9506	-17.8451	0	0	
39.2	-2.8	1.5	43.1672	-15.0967	0	0	
39.2	-0.4	1.5	43.9964	-18.8171	0	0	
39.2	2	1.5	41.4489	-18.5863	0	0	
39.2	4.4	1.5	40.9571	-15.8411	0	0	
39.2	6.8	1.5	42.968	-27.1316	0	0	
39.2	9.2	1.5	43.444	-1.42951	0	0	
39.2	11.6	1.5	43.4837	-26.7825	0	0	
39.2	14	1.5	41.478	-6.3419	0	0	
39.2	16.4	1.5	41.2525	-7.63787	0	0	
39.2	18.8	1.5	43.1513	-20.2382	0	0	
39.2	21.2	1.5	39.805	-1.00797	0	0	
39.2	23.6	1.5	41.5594	2.3155	0	0	
39.2	26	1.5	16.9563	-26.3245	0	0	
39.2	28.4	1.5	39.2344	-5.61214	0	0	
39.2	30.8	1.5	40.8652	-7.6093	0	0	
39.2	33.2	1.5	39.3691	-6.72949	0	0	
39.2	35.6	1.5	17.4775	-31.2072	0	0	
39.2	38	1.5	39.3436	6.26697	0	0	
39.2	40.4	1.5	38.1015	1.14569	0	0	
39.2	42.8	1.5	39.4093	-30.4332	0	0	
39.2	45.2	1.5	37.9816	-10.2155	0	0	
39.2	47.6	1.5	16.292	-10.6531	0	0	
39.2	50	1.5	36.8715	-20.2055	0	0	
41.6	-70	1.5	35.3646	-37.4891	0	0	
41.6	-67.6	1.5	6.66456	-35.4834	0	0	
41.6	-65.2	1.5	35.0796	-9.79851	0	0	
41.6	-62.8	1.5	36.3665	-32.2104	0	0	
41.6	-60.4	1.5	14.5132	-36.0463	0	0	
41.6	-58	1.5	36.5328	-3.5023	0	0	
41.6	-55.6	1.5	35.8429	-28.0843	0	0	
41.6	-53.2	1.5	35.329	-32.2898	0	0	
41.6	-50.8	1.5	36.4609	2.40578	0	0	
41.6	-48.4	1.5	36.923	-1.34096	0	0	
41.6	-46	1.5	38.0462	-22.9418	0	0	
41.6	-43.6	1.5	38.1148	3.98742	0	0	
41.6	-41.2	1.5	13.1658	-25.757	0	0	
41.6	-38.8	1.5	38.1873	5.68231	0	0	
41.6	-36.4	1.5	38.9378	-13.5404	0	0	
41.6	-34	1.5	15.2435	-35.4296	0	0	
41.6	-31.6	1.5	39.7595	-29.6195	0	0	
41.6	-29.2	1.5	40.8219	-29.3427	0	0	
41.6	-26.8	1.5	16.2106	-14.3423	0	0	
41.6	-24.4	1.5	39.3196	9.86669	0	0	
41.6	-22	1.5	41.4106	-29.0829	0	0	
41.6	-19.6	1.5	14.3749	-32.5234	0	0	
41.6	-17.2	1.5	41.9437	-10.2719	0	0	
41.6	-14.8	1.5	38.5604	-5.69187	0	0	
41.6	-12.4	1.5	39.15	-2.97513	0	0	
41.6	-10	1.5	43.1641	-2.78469	0	0	
41.6	-7.6	1.5	16.78	-37.4661	0	0	
41.6	-5.2	1.5	42.7052	-18.6664	0	0	
41.6	-2.8	1.5	43.1152	-18.8521	0	0	
41.6	-0.4	1.5	43.1225	-43.1594	0	0	
41.6	2	1.5	42.2249	-19.4502	0	0	
41.6	4.4	1.5	42.9931	-37.4139	0	0	
41.6	6.8	1.5	42.4049	-14.9983	0	0	
41.6	9.2	1.5	42.6802	-28.2903	0	0	
41.6	11.6	1.5	42.848	-16.7036	0	0	
41.6	14	1.5	42.0911	-8.83649	0	0	
41.6	16.4	1.5	40.0677	-9.55899	0	0	
41.6	18.8	1.5	42.1569	-7.82441	0	0	
41.6	21.2	1.5	39.4885	-2.17821	0	0	
41.6	23.6	1.5	40.4867	-32.897	0	0	
41.6	26	1.5	41.0967	13.0175	0	0	
41.6	28.4	1.5	16.4039	-27.697	0	0	
41.6	30.8	1.5	38.685	-6.48316	0	0	
41.6	33.2	1.5	13.9938	-32.742	0	0	
41.6	35.6	1.5	38.8935	-14.2799	0	0	
41.6	38	1.5	13.7413	-32.8776	0	0	
41.6	40.4	1.5	36.9524	-7.62565	0	0	
41.6	42.8	1.5	38.8204	-27.3921	0	0	
41.6	45.2	1.5	38.3892	-20.2735	0	0	
41.6	47.6	1.5	35.866	-9.334	0	0	
41.6	50	1.5	37.4521	9.72909	0	0	
44	-70	1.5	32.1147	-12.5951	0	0	
44	-67.6	1.5	34.0006	-8.28996	0	0	
44	-65.2	1.5	34.2731	-38.3251	0	0	
44	-62.8	1.5	13.8184	-34.8833	0	0	
44	-60.4	1.5	35.8195	-4.89651	0	0	
44	-58	1.5	8.92219	-29.6484	0	0	
44	-55.6	1.5	10.9134	-25.0946	0	0	
44	-53.2	1.5	36.1783	8.42182	0	0	
44	-50.8	1.5	11.3216	-29.6401	0	0	
44	-48.4	1.5	35.359	2.47593	0	0	
44	-46	1.5	38.2298	-31.5995	0	0	
44	-43.6	1.5	38.2045	-2.57346	0	0	
44	-41.2	1.5	37.3361	-9.45852	0	0	
44	-38.8	1.5	13.7518	-31.6354	0	0	
44	-36.4	1.5	38.9074	-25.9337	0	0	
44	-34	1.5	36.1224	-10.5284	0	0	
44	-31.6	1.5	18.4608	-31.4988	0	0	
44	-29.2	1.5	38.7254	-30.2055	0	0	
44	-26.8	1.5	38.9966	3.28728	0	0	
44	-24.4	1.5	40.1009	-18.1155	0	0	
44	-22	1.5	41.0617	-7.33876	0	0	
44	-19.6	1.5	10.3242	-38.9673	0	0	
44	-17.2	1.5	37.3399	-10.7073	0	0	
44	-14.8	1.5	40.3968	-6.76255	0	0	
44	-12.4	1.5	41.3435	-27.5756	0	0	
44	-10	1.5	42.3906	-24.1839	0	0	
44	-7.6	1.5	42.433	-32.0969	0	0	
44	-5.2	1.5	42.3393	-18.7341	0	0	
44	-2.8	1.5	42.3231	-23.2558	0	0	
44	-0.4	1.5	42.3609	-46.2791	0	0	
44	2	1.5	40.4473	-44.7042	0	0	
44	4.4	1.5	20.9007	-44.3636	0	0	
44	6.8	1.5	39.2016	-13.7198	0	0	
44	9.2	1.5	39.9128	-10.1593	0	0	
44	11.6	1.5	42.1689	-4.22217	0	0	
44	14	1.5	39.3626	-7.52597	0	0	
44	16.4	1.5	42.61	-33.6636	0	0	
44	18.8	1.5	13.096	-38.7372	0	0	
44	21.2	1.5	40.3076	-22.22	0	0	
44	23.6	1.5	14.8043	-24.7453	0	0	
44	26	1.5	40.3631	0.245442	0	0	
44	28.4	1.5	39.996	-2.84306	0	0	
44	30.8	1.5	40.0304	-25.433	0	0	
44	33.2	1.5	39.8417	-9.35024	0	0	
44	35.6	1.5	10.1182	-35.3535	0	0	
44	38	1.5	38.1706	-25.8097	0	0	
44	40.4	1.5	37.3158	-18.0976	0	0	
44	42.8	1.5	8.9892	-36.5765	0	0	
44	45.2	1.5	13.8541	-29.9013	0	0	
44	47.6	1.5	36.3848	5.30299	0	0	
44	50	1.5	34.6537	-26.0574	0	0	
46.4	-70	1.5	9.59758	-36.2129	0	0	
46.4	-67.6	1.5	33.774	-10.0485	0	0	
46.4	-65.2	1.5	9.50324	-37.1294	0	0	
46.4	-62.8	1.5	34.2957	-27.3746	0	0	
46.4	-60.4	1.5	14.7719	-30.8052	0	0	
46.4	-58	1.5	35.2398	-26.5144	0	0	
46.4	-55.6	1.5	36.1009	-6.01712	0	0	
46.4	-53.2	1.5	37.2602	11.4387	0	0	
46.4	-50.8	1.5	37.2094	11.6601	0	0	
46.4	-48.4	1.5	11.5461	-28.625	0	0	
46.4	-46	1.5	11.8624	-33.0721	0	0	
46.4	-43.6	1.5	37.9258	-24.893	0	0	
46.4	-41.2	1.5	37.5059	-19.15	0	0	
46.4	-38.8	1.5	38.5953	-10.2794	0	0	
46.4	-36.4	1.5	39.0075	-8.90921	0	0	
46.4	-34	1.5	13.3368	-36.4292	0	0	
46.4	-31.6	1.5	39.6092	-28.6245	0	0	
46.4	-29.2	1.5	38.1549	3.12915	0	0	
46.4	-26.8	1.5	12.5184	-37.1456	0	0	
46.4	-24.4	1.5	40.4549	-2.18071	0	0	
46.4	-22	1.5	40.6868	-2.8364	0	0	
46.4	-19.6	1.5	38.4778	-29.4018	0	0	
46.4	-17.2	1.5	39.6905	-31.856	0	0	
46.4	-14.8	1.5	39.4949	-6.31323	0	0	
46.4	-12.4	1.5	40.5599	5.85576	0	0	
46.4	-10	1.5	39.4742	-8.44725	0	0	
46.4	-7.6	1.5	41.0762	-33.3727	0	0	
46.4	-5.2	1.5	13.1723	-45.4502	0	0	
46.4	-2.8	1.5	38.1033	-48.4602	0	0	
46.4	-0.4	1.5	39.258	-49.6225	0	0	
46.4	2	1.5	15.606	-48.0792	0	0	
46.4	4.4	1.5	40.7937	-43.5505	0	0	
46.4	6.8	1.5	41.7151	-16.5693	0	0	
46.4	9.2	1.5	11.5653	-43.8564	0	0	
46.4	11.6	1.5	39.8632	0.836327	0	0	
46.4	14	1.5	17.3522	-29.2443	0	0	
46.4	16.4	1.5	12.4563	-39.5034	0	0	
46.4	18.8	1.5	37.2148	-12.4174	0	0	
46.4	21.2	1.5	40.1671	-8.63663	0	0	
46.4	23.6	1.5	37.9839	-13.6261	0	0	
46.4	26	1.5	37.8513	3.80701	0	0	
46.4	28.4	1.5	38.8971	-0.604614	0	0	
46.4	30.8	1.5	39.4547	-31.7716	0	0	
46.4	33.2	1.5	37.3984	-27.0469	0	0	
46.4	35.6	1.5	38.5619	-31.3727	0	0	
46.4	38	1.5	37.8782	-9.5299	0	0	
46.4	40.4	1.5	37.2207	-9.57231	0	0	
46.4	42.8	1.5	38.1514	-1.77629	0	0	
46.4	45.2	1.5	33.3168	-30.1618	0	0	
46.4	47.6	1.5	36.2275	-5.04378	0	0	
46.4	50	1.5	37.9273	-28.5241	0	0	
48.8	-70	1.5	10.3217	-37.3481	0	0	
48.8	-67.6	1.5	35.084	-7.36278	0	0	
48.8	-65.2	1.5	34.5068	-4.95841	0	0	
48.8	-62.8	1.5	35.5878	-29.8859	0	0	
48.8	-60.4	1.5	31.0626	1.49292	0	0	
48.8	-58	1.5	35.4115	14.2352	0	0	
48.8	-55.6	1.5	16.1238	-14.0789	0	0	
48.8	-53.2	1.5	10.66	-28.1296	0	0	
48.8	-50.8	1.5	10.3642	-27.526	0	0	
48.8	-48.4	1.5	34.5486	-9.45285	0	0	
48.8	-46	1.5	9.20362	-29.5862	0	0	
48.8	-43.6	1.5	37.624	-11.8752	0	0	
48.8	-41.2	1.5	12.1312	-36.0898	0	0	
48.8	-38.8	1.5	37.9367	-9.0183	0	0	
48.8	-36.4	1.5	38.666	-8.55036	0	0	
48.8	-34	1.5	12.311	-33.4616	0	0	
48.8	-31.6	1.5	37.6495	-2.67866	0	0	
48.8	-29.2	1.5	36.4462	3.63608	0	0	
48.8	-26.8	1.5	38.6957	2.11096	0	0	
48.8	-24.4	1.5	37.8041	-5.30887	0	0	
48.8	-22	1.5	14.7134	-31.2968	0	0	
48.8	-19.6	1.5	18.6118	-39.1594	0	0	
48.8	-17.2	1.5	39.1361	-33.5797	0	0	
48.8	-14.8	1.5	40.9032	-5.04985	0	0	
48.8	-12.4	1.5	37.8647	-7.98505	0	0	
48.8	-10	1.5	41.2842	-22.8918	0	0	
48.8	-7.6	1.5	41.1579	-17.7077	0	0	
48.8	-5.2	1.5	41.363	-19.8781	0	0	
48.8	-2.8	1.5	41.3556	-21.1737	0	0	
48.8	-0.4	1.5	40.2635	-22.3338	0	0	
48.8	2	1.5	14.5264	-46.5336	0	0	
48.8	4.4	1.5	39.2657	-19.8983	0	0	
48.8	6.8	1.5	40.2354	-16.4889	0	0	
48.8	9.2	1.5	39.2076	-20.9491	0	0	
48.8	11.6	1.5	14.2356	-15.5798	0	0	
48.8	14	1.5	39.1534	1.12424	0	0	
48.8	16.4	1.5	38.1999	-3.48198	0	0	
48.8	18.8	1.5	40.8953	-35.3202	0	0	
48.8	21.2	1.5	41.0592	-24.8204	0	0	
48.8	23.6	1.5	39.6402	-11.8835	0	0	
48.8	26	1.5	37.3678	-3.16523	0	0	
48.8	28.4	1.5	12.6632	-19.0727	0	0	
48.8	30.8	1.5	39.3509	-3.69891	0	0	
48.8	33.2	1.5	37.5551	-6.38766	0	0	
48.8	35.6	1.5	38.844	-34.7821	0	0	
48.8	38	1.5	37.7579	-31.7912	0	0	
48.8	40.4	1.5	38.3046	-30.2109	0	0	
48.8	42.8	1.5	37.3762	-20.8085	0	0	
48.8	45.2	1.5	16.021	-34.4264	0	0	
48.8	47.6	1.5	36.6697	-6.11886	0	0	
48.8	50	1.5	10.6067	-31.367	0	0	
51.2	-70	1.5	34.3364	-27.4404	0	0	
51.2	-67.6	1.5	10.5536	-32.1706	0	0	
51.2	-65.2	1.5	34.8646	-31.7438	0	0	
51.2	-62.8	1.5	11.6923	-29.742	0	0	
51.2	-60.4	1.5	34.3329	24.4856	0	0	
51.2	-58	1.5	34.7485	5.82301	0	0	
51.2	-55.6	1.5	35.9499	-32.6733	0	0	
51.2	-53.2	1.5	5.98768	-34.7664	0	0	
51.2	-50.8	1.5	11.5696	-32.1267	0	0	
51.2	-48.4	1.5	9.92538	-38.9737	0	0	
51.2	-46	1.5	11.4035	-31.0989	0	0	
51.2	-43.6	1.5	37.3977	-8.32647	0	0	
51.2	-41.2	1.5	37.0703	-9.01671	0	0	
51.2	-38.8	1.5	37.9211	-4.03084	0	0	
51.2	-36.4	1.5	36.9927	-6.92797	0	0	
51.2	-34	1.5	36.9449	-25.6538	0	0	
51.2	-31.6	1.5	38.3477	4.66281	0	0	
51.2	-29.2	1.5	39.7236	5.74414	0	0	
51.2	-26.8	1.5	38.0792	-3.35319	0	0	
51.2	-24.4	1.5	39.2131	-5.5445	0	0	
51.2	-22	1.5	39.9668	-11.2585	0	0	
51.2	-19.6	1.5	39.6083	-35.9627	0	0	
51.2	-17.2	1.5	40.2551	-7.16329	0	0	
51.2	-14.8	1.5	39.4806	-35.9024	0	0	
51.2	-12.4	1.5	38.6682	-4.75064	0	0	
51.2	-10	1.5	40.7447	-11.5584	0	0	
51.2	-7.6	1.5	13.7142	-42.0477	0	0	
51.2	-5.2	1.5	40.9498	-44.8271	0	0	
51.2	-2.8	1.5	4.75937	-52.5868	0	0	
51.2	-0.4	1.5	15.5622	-50.9727	0	0	
51.2	2	1.5	13.1212	-53.5777	0	0	
51.2	4.4	1.5	38.2335	-22.2336	0	0	
51.2	6.8	1.5	16.6071	-49.7643	0	0	
51.2	9.2	1.5	40.8349	-33.8464	0	0	
51.2	11.6	1.5	38.4363	12.1333	0	0	
51.2	14	1.5	15.8155	-27.1669	0	0	
51.2	16.4	1.5	36.8345	-7.17587	0	0	
51.2	18.8	1.5	38.8111	-37.2763	0	0	
51.2	21.2	1.5	38.6149	-10.3519	0	0	
51.2	23.6	1.5	31.3589	-17.0908	0	0	
51.2	26	1.5	37.9256	-27.6643	0	0	
51.2	28.4	1.5	39.3407	1.99574	0	0	
51.2	30.8	1.5	12.7696	-29.9551	0	0	
51.2	33.2	1.5	38.8839	-31.2364	0	0	
51.2	35.6	1.5	38.4751	-1.10267	0	0	
51.2	38	1.5	38.2751	-7.95667	0	0	
51.2	40.4	1.5	12.1983	-38.2298	0	0	
51.2	42.8	1.5	13.1231	-38.3334	0	0	
51.2	45.2	1.5	37.611	-28.7019	0	0	
51.2	47.6	1.5	37.5117	-22.0634	0	0	
51.2	50	1.5	36.7952	-25.0724	0	0	
53.6	-70	1.5	10.0615	-29.7189	0	0	
53.6	-67.6	1.5	32.0198	-22.5396	0	0	
53.6	-65.2	1.5	14.404	-29.7772	0	0	
53.6	-62.8	1.5	27.5142	-1.14132	0	0	
53.6	-60.4	1.5	13.7728	-22.6711	0	0	
53.6	-58	1.5	35.53	-24.6421	0	0	
53.6	-55.6	1.5	6.39351	-32.0895	0	0	
53.6	-53.2	1.5	9.67341	-33.9027	0	0	
53.6	-50.8	1.5	33.4944	-9.46079	0	0	
53.6	-48.4	1.5	6.72331	-40.2324	0	0	
53.6	-46	1.5	10.5465	-40.5564	0	0	
53.6	-43.6	1.5	35.4506	-11.5245	0	0	
53.6	-41.2	1.5	9.62697	-40.303	0	0	
53.6	-38.8	1.5	37.5386	-30.9145	0	0	
53.6	-36.4	1.5	10.201	-34.2777	0	0	
53.6	-34	1.5	10.9995	-29.4321	0	0	
53.6	-31.6	1.5	37.6	-34.2427	0	0	
53.6	-29.2	1.5	10.7109	-27.7732	0	0	
53.6	-26.8	1.5	12.3844	-35.5477	0	0	
53.6	-24.4	1.5	38.6612	-24.8679	0	0	
53.6	-22	1.5	36.42	-13.8449	0	0	
53.6	-19.6	1.5	37.6942	-11.9375	0	0	
53.6	-17.2	1.5	38.2881	-9.70016	0	0	
53.6	-14.8	1.5	38.1443	-3.85608	0	0	
53.6	-12.4	1.5	39.7763	-33.2331	0	0	
53.6	-10	1.5	14.4677	-40.9948	0	0	
53.6	-7.6	1.5	15.1385	-44.4386	0	0	
53.6	-5.2	1.5	36.2165	-49.8129	0	0	
53.6	-2.8	1.5	11.2384	-52.4718	0	0	
53.6	-0.4	1.5	11.0603	-60.7981	0	0	
53.6	2	1.5	38.624	-23.7284	0	0	
53.6	4.4	1.5	11.8434	-48.2152	0	0	
53.6	6.8	1.5	40.9523	-42.335	0	0	
53.6	9.2	1.5	38.6418	-14.3106	0	0	
53.6	11.6	1.5	39.0025	-30.019	0	0	
53.6	14	1.5	38.006	8.89786	0	0	
53.6	16.4	1.5	35.9587	-6.86957	0	0	
53.6	18.8	1.5	39.6485	-7.12445	0	0	
53.6	21.2	1.5	36.8911	-10.3784	0	0	
53.6	23.6	1.5	9.07596	-37.1956	0	0	
53.6	26	1.5	9.5284	-39.6395	0	0	
53.6	28.4	1.5	37.3091	-8.81793	0	0	
53.6	30.8	1.5	37.1257	13.2764	0	0	
53.6	33.2	1.5	8.42426	-38.4663	0	0	
53.6	35.6	1.5	11.5712	-34.8064	0	0	
53.6	38	1.5	37.4341	-12.795	0	0	
53.6	40.4	1.5	37.63	-11.3254	0	0	
53.6	42.8	1.5	37.5683	-32.9203	0	0	
53.6	45.2	1.5	36.3989	-10.5335	0	0	
53.6	47.6	1.5	34.6787	-11.9338	0	0	
53.6	50	1.5	37.0016	-5.82264	0	0	
56	-70	1.5	10.496	-33.9888	0	0	
56	-67.6	1.5	10.0847	-21.6993	0	0	
56	-65.2	1.5	34.898	-22.3796	0	0	
56	-62.8	1.5	34.8113	8.0403	0	0	
56	-60.4	1.5	35.0128	-27.2047	0	0	
56	-58	1.5	35.8269	-4.02201	0	0	
56	-55.6	1.5	34.8806	-27.4328	0	0	
56	-53.2	1.5	35.9358	-8.31075	0	0	
56	-50.8	1.5	35.7998	-23.0099	0	0	
56	-48.4	1.5	34.9778	-11.2615	0	0	
56	-46	1.5	37.1359	-11.4727	0	0	
56	-43.6	1.5	35.5449	-10.1404	0	0	
56	-41.2	1.5	36.2331	-5.29398	0	0	
56	-38.8	1.5	37.1409	-10.7448	0	0	
56	-36.4	1.5	36.7028	-37.8537	0	0	
56	-34	1.5	36.8884	-35.2049	0	0	
56	-31.6	1.5	8.12258	-26.7368	0	0	
56	-29.2	1.5	11.1344	-28.6132	0	0	
56	-26.8	1.5	38.551	-9.40173	0	0	
56	-24.4	1.5	38.9679	-11.4481	0	0	
56	-22	1.5	14.1765	-36.2032	0	0	
56	-19.6	1.5	8.83134	-47.3128	0	0	
56	-17.2	1.5	8.67626	-38.9388	0	0	
56	-14.8	1.5	39.742	-27.5215	0	0	
56	-12.4	1.5	12.6064	-39.2796	0	0	
56	-10	1.5	39.0295	-37.7684	0	0	
56	-7.6	1.5	38.4499	-21.1214	0	0	
56	-5.2	1.5	38.2229	-17.1619	0	0	
56	-2.8	1.5	37.5641	-24.2169	0	0	
56	-0.4	1.5	39.2179	-48.7133	0	0	
56	2	1.5	5.88511	-56.7063	0	0	
56	4.4	1.5	37.1067	-24.7244	0	0	
56	6.8	1.5	39.0378	-45.9708	0	0	
56	9.2	1.5	40.1877	-18.2735	0	0	
56	11.6	1.5	39.653	-30.3679	0	0	
56	14	1.5	16.5167	-22.9399	0	0	
56	16.4	1.5	39.1008	-32.0643	0	0	
56	18.8	1.5	39.2418	-13.0659	0	0	
56	21.2	1.5	39.4785	-11.5032	0	0	
56	23.6	1.5	36.8684	-9.0263	0	0	
56	26	1.5	11.4192	-38.2929	0	0	
56	28.4	1.5	37.0604	-27.9106	0	0	
56	30.8	1.5	38.2402	-29.3043	0	0	
56	33.2	1.5	35.9533	-23.5302	0	0	
56	35.6	1.5	37.3298	-4.56172	0	0	
56	38	1.5	37.8192	-31.5615	0	0	
56	40.4	1.5	37.3914	-35.3188	0	0	
56	42.8	1.5	35.6033	-34.3182	0	0	
56	45.2	1.5	36.7431	-31.0838	0	0	
56	47.6	1.5	11.0292	-42.4855	0	0	
56	50	1.5	34.9085	-27.1807	0	0	
58.4	-70	1.5	32.0828	0.73501	0	0	
58.4	-67.6	1.5	35.0547	7.7788	0	0	
58.4	-65.2	1.5	31.8877	-0.0904053	0	0	
58.4	-62.8	1.5	34.6408	-29.5691	0	0	
58.4	-60.4	1.5	7.31652	-30.6162	0	0	
58.4	-58	1.5	35.145	-5.22407	0	0	
58.4	-55.6	1.5	35.7307	-13.0646	0	0	
58.4	-53.2	1.5	35.7389	-25.9404	0	0	
58.4	-50.8	1.5	34.7605	-29.7071	0	0	
58.4	-48.4	1.5	36.0089	-7.99328	0	0	
58.4	-46	1.5	35.1246	-10.8499	0	0	
58.4	-43.6	1.5	7.67607	-35.819	0	0	
58.4	-41.2	1.5	35.35	-9.87757	0	0	
58.4	-38.8	1.5	10.2748	-31.9241	0	0	
58.4	-36.4	1.5	36.3779	0.200393	0	0	
58.4	-34	1.5	37.3189	-2.39864	0	0	
58.4	-31.6	1.5	10.1072	-28.2322	0	0	
58.4	-29.2	1.5	10.6516	-29.7049	0	0	
58.4	-26.8	1.5	4.61584	-44.6477	0	0	
58.4	-24.4	1.5	37.8645	-34.7703	0	0	
58.4	-22	1.5	36.751	-14.7502	0	0	
58.4	-19.6	1.5	11.5047	-40.5762	0	0	
58.4	-17.2	1.5	38.3002	-38.0687	0	0	
58.4	-14.8	1.5	13.8814	-36.1275	0	0	
58.4	-12.4	1.5	8.16287	-43.5179	0	0	
58.4	-10	1.5	38.2822	-42.2674	0	0	
58.4	-7.6	1.5	39.6709	-45.6538	0	0	
58.4	-5.2	1.5	9.35244	-50.9937	0	0	
58.4	-2.8	1.5	39.2264	-25.9062	0	0	
58.4	-0.4	1.5	39.7387	-25.6948	0	0	
58.4	2	1.5	36.4515	-35.4107	0	0	
58.4	4.4	1.5	39.2923	-23.3913	0	0	
58.4	6.8	1.5	10.2313	-49.5428	0	0	
58.4	9.2	1.5	38.2743	-18.5873	0	0	
58.4	11.6	1.5	39.7799	-32.2765	0	0	
58.4	14	1.5	38.0587	-27.3781	0	0	
58.4	16.4	1.5	37.3752	-3.12009	0	0	
58.4	18.8	1.5	37.6904	-10.1495	0	0	
58.4	21.2	1.5	37.2816	-12.863	0	0	
58.4	23.6	1.5	36.8294	-12.6577	0	0	
58.4	26	1.5	11.8222	-42.5554	0	0	
58.4	28.4	1.5	36.2637	-11.4169	0	0	
58.4	30.8	1.5	36.9268	2.88789	0	0	
58.4	33.2	1.5	36.4413	2.87014	0	0	
58.4	35.6	1.5	37.6455	1.47364	0	0	
58.4	38	1.5	13.535	-35.1679	0	0	
58.4	40.4	1.5	10.4539	-32.3398	0	0	
58.4	42.8	1.5	33.6981	-9.27766	0	0	
58.4	45.2	1.5	5.01585	-41.7611	0	0	
58.4	47.6	1.5	36.8301	-32.5139	0	0	
58.4	50	1.5	9.1683	-38.2666	0	0	
60.8	-70	1.5	33.6649	-20.3723	0	0	
60.8	-67.6	1.5	5.13017	-18.7677	0	0	
60.8	-65.2	1.5	33.0182	-26.1115	0	0	
60.8	-62.8	1.5	34.4448	-6.57929	0	0	
60.8	-60.4	1.5	12.1266	-35.6955	0	0	
60.8	-58	1.5	10.196	-36.4423	0	0	
60.8	-55.6	1.5	36.0979	-31.7059	0	0	
60.8	-53.2	1.5	35.3813	-10.6768	0	0	
60.8	-50.8	1.5	8.9782	-42.0061	0	0	
60.8	-48.4	1.5	8.37352	-39.7532	0	0	
60.8	-46	1.5	34.8543	-9.16993	0	0	
60.8	-43.6	1.5	37.1408	-37.543	0	0	
60.8	-41.2	1.5	35.7472	-1.73687	0	0	
60.8	-38.8	1.5	14.6828	-20.623	0	0	
60.8	-36.4	1.5	6.1442	-28.3543	0	0	
60.8	-34	1.5	11.649	-33.328	0	0	
60.8	-31.6	1.5	37.5244	-3.7815	0	0	
60.8	-29.2	1.5	37.9245	-10.0452	0	0	
60.8	-26.8	1.5	10.5318	-52.7326	0	0	
60.8	-24.4	1.5	35.0216	-15.5423	0	0	
60.8	-22	1.5	3.13534	-42.7013	0	0	
60.8	-19.6	1.5	13.0756	-44.0533	0	0	
60.8	-17.2	1.5	11.0377	-33.7856	0	0	
60.8	-14.8	1.5	38.2522	-32.1133	0	0	
60.8	-12.4	1.5	6.72151	-41.2463	0	0	
60.8	-10	1.5	37.2783	-17.0677	0	0	
60.8	-7.6	1.5	8.49705	-52.5693	0	0	
60.8	-5.2	1.5	38.3022	-48.4379	0	0	
60.8	-2.8	1.5	38.2054	-50.9785	0	0	
60.8	-0.4	1.5	37.7618	-22.304	0	0	
60.8	2	1.5	12.5568	-51.9015	0	0	
60.8	4.4	1.5	11.8931	-56.1714	0	0	
60.8	6.8	1.5	39.2824	-47.4026	0	0	
60.8	9.2	1.5	37.2235	-41.8039	0	0	
60.8	11.6	1.5	16.5463	-50.9554	0	0	
60.8	14	1.5	37.396	-2.0276	0	0	
60.8	16.4	1.5	37.3006	5.99277	0	0	
60.8	18.8	1.5	35.7986	-38.242	0	0	
60.8	21.2	1.5	37.1167	-3.27836	0	0	
60.8	23.6	1.5	38.2847	-12.3237	0	0	
60.8	26	1.5	36.8755	-34.2435	0	0	
60.8	28.4	1.5	37.9581	-28.7566	0	0	
60.8	30.8	1.5	10.3013	-35.8129	0	0	
60.8	33.2	1.5	37.133	-31.8585	0	0	
60.8	35.6	1.5	36.9113	-20.6987	0	0	
60.8	38	1.5	35.5281	-31.4879	0	0	
60.8	40.4	1.5	9.00798	-35.8449	0	0	
60.8	42.8	1.5	37.1966	-38.4371	0	0	
60.8	45.2	1.5	36.2437	-12.8136	0	0	
60.8	47.6	1.5	36.0937	-6.22117	0	0	
60.8	50	1.5	11.5335	-37.6622	0	0	
63.2	-70	1.5	4.64973	-28.9078	0	0	
63.2	-67.6	1.5	35.0834	-25.0062	0	0	
63.2	-65.2	1.5	34.4738	-28.2105	0	0	
63.2	-62.8	1.5	10.0748	-29.2904	0	0	
63.2	-60.4	1.5	8.08924	-41.2183	0	0	
63.2	-58	1.5	34.229	-10.197	0	0	
63.2	-55.6	1.5	4.97686	-45.3819	0	0	
63.2	-53.2	1.5	13.4197	-32.5528	0	0	
63.2	-50.8	1.5	34.4738	-37.8046	0	0	
63.2	-48.4	1.5	35.6987	-38.0744	0	0	
63.2	-46	1.5	35.0792	-9.52127	0	0	
63.2	-43.6	1.5	35.2256	-10.9057	0	0	
63.2	-41.2	1.5	34.3431	-2.19568	0	0	
63.2	-38.8	1.5	3.59688	-35.3659	0	0	
63.2	-36.4	1.5	12.0254	-31.3634	0	0	
63.2	-34	1.5	37.0986	-21.3973	0	0	
63.2	-31.6	1.5	9.44366	-32.9582	0	0	
63.2	-29.2	1.5	11.5465	-37.3523	0	0	
63.2	-26.8	1.5	35.9995	-13.978	0	0	
63.2	-24.4	1.5	35.7931	-13.6951	0	0	
63.2	-22	1.5	32.2375	-18.1363	0	0	
63.2	-19.6	1.5	37.7135	-37.8266	0	0	
63.2	-17.2	1.5	36.5269	-40.9651	0	0	
63.2	-14.8	1.5	38.1746	-31.8536	0	0	
63.2	-12.4	1.5	7.93845	-49.4239	0	0	
63.2	-10	1.5	38.0101	-43.6131	0	0	
63.2	-7.6	1.5	38.4717	-47.672	0	0	
63.2	-5.2	1.5	8.83641	-53.6071	0	0	
63.2	-2.8	1.5	38.0682	-26.4044	0	0	
63.2	-0.4	1.5	38.1264	-52.6957	0	0	
63.2	2	1.5	38.9675	-25.6278	0	0	
63.2	4.4	1.5	38.1855	-51.1151	0	0	
63.2	6.8	1.5	36.6514	-20.6226	0	0	
63.2	9.2	1.5	36.6565	-19.6431	0	0	
63.2	11.6	1.5	37.615	-15.6775	0	0	
63.2	14	1.5	2.66214	-40.5622	0	0	
63.2	16.4	1.5	37.9231	-0.330472	0	0	
63.2	18.8	1.5	5.46766	-45.0488	0	0	
63.2	21.2	1.5	36.8669	-39.4373	0	0	
63.2	23.6	1.5	36.6715	-16.5258	0	0	
63.2	26	1.5	35.9998	-18.5442	0	0	
63.2	28.4	1.5	8.78386	-26.5027	0	0	
63.2	30.8	1.5	34.6351	-26.0953	0	0	
63.2	33.2	1.5	35.5351	-7.09566	0	0	
63.2	35.6	1.5	35.2566	-1.92276	0	0	
63.2	38	1.5	5.82847	-35.9689	0	0	
63.2	40.4	1.5	10.2928	-33.9247	0	0	
63.2	42.8	1.5	8.74415	-35.7261	0	0	
63.2	45.2	1.5	8.42838	-43.2372	0	0	
63.2	47.6	1.5	5.7658	-37.0548	0	0	
63.2	50	1.5	35.604	-35.8257	0	0	
65.6	-70	1.5	34.1009	-1.30811	0	0	
65.6	-67.6	1.5	33.4582	-5.4273	0	0	
65.6	-65.2	1.5	32.1504	-10.1806	0	0	
65.6	-62.8	1.5	32.934	-9.6712	0	0	
65.6	-60.4	1.5	32.7581	-10.8266	0	0	
65.6	-58	1.5	34.3885	-12.9214	0	0	
65.6	-55.6	1.5	6.84067	-39.1897	0	0	
65.6	-53.2	1.5	34.7271	-10.5211	0	0	
65.6	-50.8	1.5	35.0546	-12.7557	0	0	
65.6	-48.4	1.5	5.66525	-38.3476	0	0	
65.6	-46	1.5	5.72703	-36.2109	0	0	
65.6	-43.6	1.5	6.71238	-37.9689	0	0	
65.6	-41.2	1.5	15.7709	-34.8958	0	0	
65.6	-38.8	1.5	35.5393	-10.641	0	0	
65.6	-36.4	1.5	8.28514	-36.1284	0	0	
65.6	-34	1.5	7.65396	-31.0933	0	0	
65.6	-31.6	1.5	13.304	-41.0147	0	0	
65.6	-29.2	1.5	6.15288	-43.5696	0	0	
65.6	-26.8	1.5	35.4708	-14.7092	0	0	
65.6	-24.4	1.5	36.2013	-12.6231	0	0	
65.6	-22	1.5	35.7641	-13.5497	0	0	
65.6	-19.6	1.5	9.8102	-41.678	0	0	
65.6	-17.2	1.5	8.92347	-29.7024	0	0	
65.6	-14.8	1.5	36.6278	-6.08842	0	0	
65.6	-12.4	1.5	38.4829	-16.6422	0	0	
65.6	-10	1.5	36.7207	-20.4051	0	0	
65.6	-7.6	1.5	36.1616	-24.3335	0	0	
65.6	-5.2	1.5	35.8023	-24.2652	0	0	
65.6	-2.8	1.5	38.1168	-28.0179	0	0	
65.6	-0.4	1.5	38.2676	-52.2255	0	0	
65.6	2	1.5	38.261	-50.3897	0	0	
65.6	4.4	1.5	37.0102	-21.6591	0	0	
65.6	6.8	1.5	37.4751	-23.4567	0	0	
65.6	9.2	1.5	37.5684	-45.0253	0	0	
65.6	11.6	1.5	9.19166	-50.8934	0	0	
65.6	14	1.5	10.145	-48.1795	0	0	
65.6	16.4	1.5	3.5958	-36.3246	0	0	
65.6	18.8	1.5	36.8072	0.26815	0	0	
65.6	21.2	1.5	8.19322	-24.5963	0	0	
65.6	23.6	1.5	6.95992	-33.6143	0	0	
65.6	26	1.5	35.7886	-15.9114	0	0	
65.6	28.4	1.5	37.5457	-30.6365	0	0	
65.6	30.8	1.5	36.9979	-26.7342	0	0	
65.6	33.2	1.5	8.72458	-35.0114	0	0	
65.6	35.6	1.5	11.6542	-14.0954	0	0	
65.6	38	1.5	36.289	6.37657	0	0	
65.6	40.4	1.5	36.6642	-29.7801	0	0	
65.6	42.8	1.5	10.2879	-44.7793	0	0	
65.6	45.2	1.5	11.9019	-30.1781	0	0	
65.6	47.6	1.5	35.6655	-15.2	0	0	
65.6	50	1.5	33.3058	-13.6187	0	0	
68	-70	1.5	34.2236	-4.14916	0	0	
68	-67.6	1.5	32.7189	-8.35168	0	0	
68	-65.2	1.5	33.4705	-10.2971	0	0	
68	-62.8	1.5	4.58972	-39.0256	0	0	
68	-60.4	1.5	34.1017	-35.626	0	0	
68	-58	1.5	8.57437	-40.9541	0	0	
68	-55.6	1.5	7.89729	-39.2006	0	0	
68	-53.2	1.5	34.669	-13.1829	0	0	
68	-50.8	1.5	35.049	-11.6584	0	0	
68	-48.4	1.5	35.4604	-12.3901	0	0	
68	-46	1.5	34.6843	-11.2603	0	0	
68	-43.6	1.5	35.9768	1.38127	0	0	
68	-41.2	1.5	6.75897	-35.592	0	0	
68	-38.8	1.5	4.42922	-33.0619	0	0	
68	-36.4	1.5	6.43991	-39.4607	0	0	
68	-34	1.5	35.3121	-8.71016	0	0	
68	-31.6	1.5	35.1586	-13.4818	0	0	
68	-29.2	1.5	36.2294	-37.2363	0	0	
68	-26.8	1.5	37.1627	-40.977	0	0	
68	-24.4	1.5	36.2899	-40.1798	0	0	
68	-22	1.5	37.3258	-29.4268	0	0	
68	-19.6	1.5	37.5566	-39.7996	0	0	
68	-17.2	1.5	5.16307	-47.467	0	0	
68	-14.8	1.5	14.4928	-41.907	0	0	
68	-12.4	1.5	36.0936	-16.9051	0	0	
68	-10	1.5	37.3315	-47.8143	0	0	
68	-7.6	1.5	9.83813	-58.9615	0	0	
68	-5.2	1.5	36.1998	-25.8444	0	0	
68	-2.8	1.5	36.5537	-26.5459	0	0	
68	-0.4	1.5	12.3933	-58.8673	0	0	
68	2	1.5	7.56316	-59.3778	0	0	
68	4.4	1.5	37.0334	-25.3184	0	0	
68	6.8	1.5	35.3525	-24.3894	0	0	
68	9.2	1.5	7.35206	-51.9831	0	0	
68	11.6	1.5	37.9267	-18.8694	0	0	
68	14	1.5	35.7825	-9.98715	0	0	
68	16.4	1.5	6.70391	-37.7337	0	0	
68	18.8	1.5	8.98571	-30.9706	0	0	
68	21.2	1.5	36.746	-2.79332	0	0	
68	23.6	1.5	7.16032	-44.203	0	0	
68	26	1.5	5.51147	-52.9636	0	0	
68	28.4	1.5	5.7779	-41.3052	0	0	
68	30.8	1.5	35.6426	-32.6974	0	0	
68	33.2	1.5	34.8127	-8.46499	0	0	
68	35.6	1.5	7.07922	-36.28	0	0	
68	38	1.5	7.08887	-30.1591	0	0	
68	40.4	1.5	7.99626	-30.9587	0	0	
68	42.8	1.5	33.6	-4.43251	0	0	
68	45.2	1.5	9.03895	-44.4875	0	0	
68	47.6	1.5	33.9308	-9.56422	0	0	
68	50	1.5	34.2962	-11.5342	0	0	
70.4	-70	1.5	33.6538	-18.1478	0	0	
70.4	-67.6	1.5	7.10641	-37.6209	0	0	
70.4	-65.2	1.5	4.41801	-37.7035	0	0	
70.4	-62.8	1.5	4.71217	-45.8009	0	0	
70.4	-60.4	1.5	34.3878	-35.7786	0	0	
70.4	-58	1.5	8.35246	-43.2929	0	0	
70.4	-55.6	1.5	4.22106	-42.5009	0	0	
70.4	-53.2	1.5	5.32485	-41.2722	0	0	
70.4	-50.8	1.5	34.4202	-12.5529	0	0	
70.4	-48.4	1.5	8.57711	-40.4051	0	0	
70.4	-46	1.5	34.3539	-9.02927	0	0	
70.4	-43.6	1.5	35.55	-0.172746	0	0	
70.4	-41.2	1.5	7.60973	-35.734	0	0	
70.4	-38.8	1.5	32.6331	-1.16929	0	0	
70.4	-36.4	1.5	35.0082	-5.50466	0	0	
70.4	-34	1.5	36.3481	-21.1159	0	0	
70.4	-31.6	1.5	6.63165	-43.2787	0	0	
70.4	-29.2	1.5	32.5997	-41.1281	0	0	
70.4	-26.8	1.5	33.7801	-43.2056	0	0	
70.4	-24.4	1.5	36.5291	-41.2865	0	0	
70.4	-22	1.5	34.036	-14.2125	0	0	
70.4	-19.6	1.5	8.35192	-31.4657	0	0	
70.4	-17.2	1.5	34.2535	-3.18307	0	0	
70.4	-14.8	1.5	36.3646	-31.312	0	0	
70.4	-12.4	1.5	37.9604	-40.2754	0	0	
70.4	-10	1.5	37.671	-23.2436	0	0	
70.4	-7.6	1.5	37.221	-49.917	0	0	
70.4	-5.2	1.5	37.0871	-50.1188	0	0	
70.4	-2.8	1.5	35.735	-53.7172	0	0	
70.4	-0.4	1.5	37.5625	-28.1216	0	0	
70.4	2	1.5	10.2238	-63.5439	0	0	
70.4	4.4	1.5	12.4599	-55.8945	0	0	
70.4	6.8	1.5	37.9602	-49.6795	0	0	
70.4	9.2	1.5	33.1149	-24.7996	0	0	
70.4	11.6	1.5	7.09082	-47.0772	0	0	
70.4	14	1.5	36.338	-14.0656	0	0	
70.4	16.4	1.5	37.1026	-18.5124	0	0	
70.4	18.8	1.5	33.5361	-4.53072	0	0	
70.4	21.2	1.5	36.5201	-9.02095	0	0	
70.4	23.6	1.5	10.4805	-45.4335	0	0	
70.4	26	1.5	36.9627	-16.1738	0	0	
70.4	28.4	1.5	36.1717	-41.0039	0	0	
70.4	30.8	1.5	36.4991	-33.0908	0	0	
70.4	33.2	1.5	4.19768	-45.7011	0	0	
70.4	35.6	1.5	36.1395	-32.9435	0	0	
70.4	38	1.5	34.4735	-0.625215	0	0	
70.4	40.4	1.5	35.7593	-22.8119	0	0	
70.4	42.8	1.5	34.1496	7.29177	0	0	
70.4	45.2	1.5	2.64697	-40.8888	0	0	
70.4	47.6	1.5	8.15696	-35.5397	0	0	
70.4	50	1.5	35.0619	-40.1803	0	0	
72.8	-70	1.5	32.6468	-10.4981	0	0	
72.8	-67.6	1.5	3.90548	-43.9471	0	0	
72.8	-65.2	1.5	33.9258	-35.7786	0	0	
72.8	-62.8	1.5	7.57692	-39.632	0	0	
72.8	-60.4	1.5	5.88091	-42.6716	0	0	
72.8	-58	1.5	7.88708	-40.7048	0	0	
72.8	-55.6	1.5	32.4463	-38.8012	0	0	
72.8	-53.2	1.5	6.64499	-43.0112	0	0	
72.8	-50.8	1.5	3.87488	-42.0246	0	0	
72.8	-48.4	1.5	31.7409	-3.96579	0	0	
72.8	-46	1.5	34.0137	-5.62832	0	0	
72.8	-43.6	1.5	9.39852	-30.932	0	0	
72.8	-41.2	1.5	35.2177	9.25074	0	0	
72.8	-38.8	1.5	34.3466	-33.4689	0	0	
72.8	-36.4	1.5	35.6453	-28.4149	0	0	
72.8	-34	1.5	34.2383	-31.623	0	0	
72.8	-31.6	1.5	34.8964	-14.3633	0	0	
72.8	-29.2	1.5	5.21158	-45.5786	0	0	
72.8	-26.8	1.5	4.17467	-54.0293	0	0	
72.8	-24.4	1.5	36.0635	-11.9461	0	0	
72.8	-22	1.5	36.1873	-39.8426	0	0	
72.8	-19.6	1.5	35.8253	3.95476	0	0	
72.8	-17.2	1.5	36.7142	-25.9486	0	0	
72.8	-14.8	1.5	5.3018	-48.803	0	0	
72.8	-12.4	1.5	4.69011	-33.0748	0	0	
72.8	-10	1.5	8.24061	-47.1906	0	0	
72.8	-7.6	1.5	36.9619	-50.4053	0	0	
72.8	-5.2	1.5	35.9432	-25.0805	0	0	
72.8	-2.8	1.5	34.7916	-28.1814	0	0	
72.8	-0.4	1.5	36.5721	-54.4707	0	0	
72.8	2	1.5	37.0525	-27.0523	0	0	
72.8	4.4	1.5	35.8809	-25.3737	0	0	
72.8	6.8	1.5	9.40837	-51.4204	0	0	
72.8	9.2	1.5	35.4591	-23.5974	0	0	
72.8	11.6	1.5	36.6127	-41.6934	0	0	
72.8	14	1.5	9.23656	-44.8503	0	0	
72.8	16.4	1.5	6.26075	-33.3185	0	0	
72.8	18.8	1.5	8.34677	-35.9917	0	0	
72.8	21.2	1.5	6.144	-40.9934	0	0	
72.8	23.6	1.5	10.6744	-44.5759	0	0	
72.8	26	1.5	36.4954	-28.3772	0	0	
72.8	28.4	1.5	35.1226	-16.9197	0	0	
72.8	30.8	1.5	35.5423	-15.9281	0	0	
72.8	33.2	1.5	6.16507	-34.1578	0	0	
72.8	35.6	1.5	4.96371	-44.0602	0	0	
72.8	38	1.5	35.8682	-5.88508	0	0	
72.8	40.4	1.5	35.0655	-27.6844	0	0	
72.8	42.8	1.5	35.2688	-11.6492	0	0	
72.8	45.2	1.5	5.77886	-32.9327	0	0	
72.8	47.6	1.5	4.96502	-39.8346	0	0	
72.8	50	1.5	33.8903	-10.6416	0	0	
75.2	-70	1.5	3.88809	-40.2546	0	0	
75.2	-67.6	1.5	34.3769	-1.3398	0	0	
75.2	-65.2	1.5	34.1405	-34.211	0	0	
75.2	-62.8	1.5	8.20181	-43.7505	0	0	
75.2	-60.4	1.5	4.54201	-41.7507	0	0	
75.2	-58	1.5	2.11813	-48.2568	0	0	
75.2	-55.6	1.5	33.2984	-15.1399	0	0	
75.2	-53.2	1.5	5.74984	-39.8722	0	0	
75.2	-50.8	1.5	4.12589	-39.4474	0	0	
75.2	-48.4	1.5	5.47243	-36.5272	0	0	
75.2	-46	1.5	35.2342	-38.1743	0	0	
75.2	-43.6	1.5	32.0192	-3.66031	0	0	
75.2	-41.2	1.5	3.0269	-33.4208	0	0	
75.2	-38.8	1.5	34.3741	-10.5966	0	0	
75.2	-36.4	1.5	30.962	-14.8556	0	0	
75.2	-34	1.5	3.41592	-49.2264	0	0	
75.2	-31.6	1.5	35.7211	-14.3017	0	0	
75.2	-29.2	1.5	34.32	-14.7164	0	0	
75.2	-26.8	1.5	6.45567	-46.7733	0	0	
75.2	-24.4	1.5	34.4569	-12.6811	0	0	
75.2	-22	1.5	34.7184	-10.0114	0	0	
75.2	-19.6	1.5	7.56232	-35.5508	0	0	
75.2	-17.2	1.5	36.0679	-25.6468	0	0	
75.2	-14.8	1.5	8.69885	-45.1961	0	0	
75.2	-12.4	1.5	6.85862	-57.5003	0	0	
75.2	-10	1.5	36.8242	-47.4264	0	0	
75.2	-7.6	1.5	0.704354	-60.7175	0	0	
75.2	-5.2	1.5	35.2573	-26.7405	0	0	
75.2	-2.8	1.5	35.5244	-28.8366	0	0	
75.2	-0.4	1.5	34.2835	-26.5789	0	0	
75.2	2	1.5	35.433	-25.7992	0	0	
75.2	4.4	1.5	10.0617	-50.6171	0	0	
75.2	6.8	1.5	7.61668	-53.8699	0	0	
75.2	9.2	1.5	36.4703	-50.096	0	0	
75.2	11.6	1.5	36.1197	-47.7743	0	0	
75.2	14	1.5	35.9893	-20.1761	0	0	
75.2	16.4	1.5	7.42592	-40.716	0	0	
75.2	18.8	1.5	7.01878	-33.9239	0	0	
75.2	21.2	1.5	7.21558	-36.867	0	0	
75.2	23.6	1.5	36.0836	-36.0979	0	0	
75.2	26	1.5	6.66136	-42.4451	0	0	
75.2	28.4	1.5	35.331	-40.2069	0	0	
75.2	30.8	1.5	35.4041	-16.4792	0	0	
75.2	33.2	1.5	5.47821	-47.8738	0	0	
75.2	35.6	1.5	34.0112	-29.7249	0	0	
75.2	38	1.5	35.6449	-9.17459	0	0	
75.2	40.4	1.5	4.70949	-37.0215	0	0	
75.2	42.8	1.5	35.7244	-37.5151	0	0	
75.2	45.2	1.5	6.80339	-35.0688	0	0	
75.2	47.6	1.5	3.78917	-40.122	0	0	
75.2	50	1.5	5.64257	-38.4253	0	0	
77.6	-70	1.5	6.15071	-41.6506	0	0	
77.6	-67.6	1.5	32.2489	-34.9821	0	0	
77.6	-65.2	1.5	32.5023	-15.9188	0	0	
77.6	-62.8	1.5	5.34604	-41.5185	0	0	
77.6	-60.4	1.5	-3.94572	-46.1364	0	0	
77.6	-58	1.5	3.90376	-47.8233	0	0	
77.6	-55.6	1.5	5.81392	-44.9487	0	0	
77.6	-53.2	1.5	33.4624	-12.1704	0	0	
77.6	-50.8	1.5	6.46842	-46.9634	0	0	
77.6	-48.4	1.5	4.68293	-19.3854	0	0	
77.6	-46	1.5	3.7158	-33.6874	0	0	
77.6	-43.6	1.5	33.1664	-5.34613	0	0	
77.6	-41.2	1.5	9.773	-39.5358	0	0	
77.6	-38.8	1.5	1.76739	-41.1711	0	0	
77.6	-36.4	1.5	33.5571	-12.7116	0	0	
77.6	-34	1.5	2.44365	-47.0381	0	0	
77.6	-31.6	1.5	3.12744	-47.4644	0	0	
77.6	-29.2	1.5	35.3613	-36.3336	0	0	
77.6	-26.8	1.5	6.49266	-48.6747	0	0	
77.6	-24.4	1.5	8.60584	-49.4327	0	0	
77.6	-22	1.5	5.16491	-38.144	0	0	
77.6	-19.6	1.5	36.2006	-32.9929	0	0	
77.6	-17.2	1.5	6.34563	-46.3821	0	0	
77.6	-14.8	1.5	3.4691	-50.3743	0	0	
77.6	-12.4	1.5	7.07221	-50.8365	0	0	
77.6	-10	1.5	36.2825	-49.0405	0	0	
77.6	-7.6	1.5	9.92061	-57.3349	0	0	
77.6	-5.2	1.5	5.52835	-64.8155	0	0	
77.6	-2.8	1.5	36.1175	-55.7186	0	0	
77.6	-0.4	1.5	6.86115	-60.292	0	0	
77.6	2	1.5	36.3673	-54.5349	0	0	
77.6	4.4	1.5	8.27507	-53.7899	0	0	
77.6	6.8	1.5	5.13968	-61.2682	0	0	
77.6	9.2	1.5	33.6408	-51.8645	0	0	
77.6	11.6	1.5	7.49629	-53.6776	0	0	
77.6	14	1.5	-2.33238	-54.6243	0	0	
77.6	16.4	1.5	3.0084	-51.4435	0	0	
77.6	18.8	1.5	8.72693	-38.125	0	0	
77.6	21.2	1.5	34.7287	-38.6885	0	0	
77.6	23.6	1.5	5.96995	-45.8783	0	0	
77.6	26	1.5	35.8242	-41.745	0	0	
77.6	28.4	1.5	5.95715	-55.6743	0	0	
77.6	30.8	1.5	3.63923	-53.4189	0	0	
77.6	33.2	1.5	35.122	-39.3786	0	0	
77.6	35.6	1.5	5.98645	-46.703	0	0	
77.6	38	1.5	33.95	1.1527	0	0	
77.6	40.4	1.5	3.2229	-41.5289	0	0	
77.6	42.8	1.5	34.6514	-4.55188	0	0	
77.6	45.2	1.5	34.6436	-29.4266	0	0	
77.6	47.6	1.5	2.39407	-38.1054	0	0	
77.6	50	1.5	6.619	-39.777	0	0	
80	-70	1.5	3.8918	-41.77	0	0	
80	-67.6	1.5	3.1978	-42.3675	0	0	
80	-65.2	1.5	4.91767	-42.5311	0	0	
80	-62.8	1.5	4.79421	-43.6166	0	0	
80	-60.4	1.5	-2.42116	-48.7579	0	0	
80	-58	1.5	33.6839	-41.4816	0	0	
80	-55.6	1.5	3.26302	-41.6798	0	0	
80	-53.2	1.5	33.0567	-11.4117	0	0	
80	-50.8	1.5	33.8468	-7.31623	0	0	
80	-48.4	1.5	34.2177	-2.08361	0	0	
80	-46	1.5	35.4421	-34.9298	0	0	
80	-43.6	1.5	3.60726	-44.1798	0	0	
80	-41.2	1.5	6.89298	-39.2547	0	0	
80	-38.8	1.5	34.8323	-32.6038	0	0	
80	-36.4	1.5	7.60881	-44.6718	0	0	
80	-34	1.5	31.8276	-18.1792	0	0	
80	-31.6	1.5	5.81189	-47.5972	0	0	
80	-29.2	1.5	33.8429	-41.1015	0	0	
80	-26.8	1.5	6.2443	-51.4359	0	0	
80	-24.4	1.5	-1.27657	-45.9719	0	0	
80	-22	1.5	5.31637	-30.144	0	0	
80	-19.6	1.5	8.12343	-32.5953	0	0	
80	-17.2	1.5	5.68659	-50.4976	0	0	
80	-14.8	1.5	1.96288	-53.1159	0	0	
80	-12.4	1.5	4.7016	-53.3914	0	0	
80	-10	1.5	8.15208	-58.3449	0	0	
80	-7.6	1.5	35.8085	-52.5577	0	0	
80	-5.2	1.5	30.6843	-57.5921	0	0	
80	-2.8	1.5	3.50609	-59.4225	0	0	
80	-0.4	1.5	33.3698	-52.5308	0	0	
80	2	1.5	35.7389	-53.1613	0	0	
80	4.4	1.5	35.0678	-55.3359	0	0	
80	6.8	1.5	5.41065	-57.1652	0	0	
80	9.2	1.5	35.8107	-41.5924	0	0	
80	11.6	1.5	33.0022	-24.9379	0	0	
80	14	1.5	36.3287	-41.0279	0	0	
80	16.4	1.5	4.11881	-46.9535	0	0	
80	18.8	1.5	33.5733	-33.5819	0	0	
80	21.2	1.5	1.79401	-43.1865	0	0	
80	23.6	1.5	3.84774	-41.8554	0	0	
80	26	1.5	2.34409	-46.531	0	0	
80	28.4	1.5	-0.519673	-51.1852	0	0	
80	30.8	1.5	34.992	-42.2986	0	0	
80	33.2	1.5	34.4664	-16.4422	0	0	
80	35.6	1.5	4.39277	-47.687	0	0	
80	38	1.5	34.133	-36.6475	0	0	
80	40.4	1.5	34.0797	1.36045	0	0	
80	42.8	1.5	35.0489	-6.5619	0	0	
80	45.2	1.5	5.90366	-36.0374	0	0	
80	47.6	1.5	5.96317	-27.2684	0	0	
80	50	1.5	3.43883	-34.1835	0	0	
